#
# A fatal error has been detected by the Java Runtime Environment:
#
#  EXCEPTION_ACCESS_VIOLATION (0xc0000005) at pc=0x000007fb57c8d254, pid=3872, tid=8400
#
# JRE version: 7.0_25-b17
# Java VM: Java HotSpot(TM) 64-Bit Server VM (23.25-b01 mixed mode windows-amd64 compressed oops)
# Problematic frame:
# C  [OpenGL32.dll+0xdd254]  glDepthMask+0x14
#
# Failed to write core dump. Minidumps are not enabled by default on client versions of Windows
#
# If you would like to submit a bug report, please visit:
#   http://bugreport.sun.com/bugreport/crash.jsp
# The crash happened outside the Java Virtual Machine in native code.
# See problematic frame for where to report the bug.
#

---------------  T H R E A D  ---------------

Current thread (0x000000000a456000):  JavaThread "Animation Thread" [_thread_in_native, id=8400, stack(0x000000000da10000,0x000000000db10000)]

siginfo: ExceptionCode=0xc0000005, reading address 0x0000000000000698

Registers:
RAX=0x0000000000000000, RBX=0x00000000bc4b5180, RCX=0x0000000000000001, RDX=0x000000000db0ede8
RSP=0x000000000db0ed28, RBP=0x000000000db0edb0, RSI=0x0000000000000019, RDI=0x0000000000000007
R8 =0x0000000000000001, R9 =0x000007fb57c8d240, R10=0x000000000234237c, R11=0x0000000072db9860
R12=0x0000000000000000, R13=0x00000000bc4b5180, R14=0x000000000db0ede8, R15=0x000000000a456000
RIP=0x000007fb57c8d254, EFLAGS=0x0000000000010283

Top of Stack: (sp=0x000000000db0ed28)
0x000000000db0ed28:   00000000023423a8 0000000000000000
0x000000000db0ed38:   000000000db0ed50 000000000db0eda8
0x000000000db0ed48:   00000000023361f8 0000000000000000
0x000000000db0ed58:   0000000000000000 0000000000000000
0x000000000db0ed68:   000000000db0ed68 000000000db0ed70
0x000000000db0ed78:   0000000000000000 000000000db0ede8
0x000000000db0ed88:   00000000bc6b4ee8 0000000000000000
0x000000000db0ed98:   00000000bc4b5180 0000000000000000
0x000000000db0eda8:   000000000db0edd0 000000000db0ee30
0x000000000db0edb8:   00000000023361f8 0000000000000000
0x000000000db0edc8:   000000000233f1d8 000007fb57c8d240
0x000000000db0edd8:   00000000023363d3 0000000000000001
0x000000000db0ede8:   00000000ef3dd358 000000000db0edf0
0x000000000db0edf8:   00000000bc4b50a2 000000000db0ee58
0x000000000db0ee08:   00000000bc6b4ee8 0000000000000000
0x000000000db0ee18:   00000000bc4b50b0 000000000db0edd0 

Instructions: (pc=0x000007fb57c8d254)
0x000007fb57c8d234:   cc cc cc cc cc cc 66 0f 1f 44 00 00 8b 05 7e f0
0x000007fb57c8d244:   00 00 83 f8 40 73 0f 65 48 8b 04 c5 80 14 00 00
0x000007fb57c8d254:   ff a0 98 06 00 00 b8 d3 00 00 00 e9 ac e1 ff ff
0x000007fb57c8d264:   cc cc cc cc cc cc 66 0f 1f 44 00 00 8b 05 4e f0 


Register to memory mapping:

RAX=0x0000000000000000 is an unknown value
RBX=0x00000000bc4b5180 is an oop
{method} 
 - klass: {other class}
RCX=0x0000000000000001 is an unknown value
RDX=0x000000000db0ede8 is pointing into the stack for thread: 0x000000000a456000
RSP=0x000000000db0ed28 is pointing into the stack for thread: 0x000000000a456000
RBP=0x000000000db0edb0 is pointing into the stack for thread: 0x000000000a456000
RSI=0x0000000000000019 is an unknown value
RDI=0x0000000000000007 is an unknown value
R8 =0x0000000000000001 is an unknown value
R9 =0x000007fb57c8d240 is an unknown value
R10=0x000000000234237c is an Interpreter codelet
method entry point (kind = native)  [0x0000000002342100, 0x0000000002342980]  2176 bytes
R11=0x0000000072db9860 is an unknown value
R12=0x0000000000000000 is an unknown value
R13=0x00000000bc4b5180 is an oop
{method} 
 - klass: {other class}
R14=0x000000000db0ede8 is pointing into the stack for thread: 0x000000000a456000
R15=0x000000000a456000 is a thread


Stack: [0x000000000da10000,0x000000000db10000],  sp=0x000000000db0ed28,  free space=1019k
Native frames: (J=compiled Java code, j=interpreted, Vv=VM code, C=native code)
C  [OpenGL32.dll+0xdd254]  glDepthMask+0x14
j  jogamp.opengl.gl4.GL4bcImpl.glDepthMask(Z)V+34
j  processing.opengl.PGL.depthMask(Z)V+4
j  processing.opengl.PGraphicsOpenGL.backgroundImpl()V+8
j  processing.core.PGraphics.backgroundFromCalc()V+122
j  processing.core.PGraphics.background(I)V+6
j  processing.core.PGraphics.reapplySettings()V+190
j  processing.opengl.PGraphicsOpenGL.setSize(II)V+15
j  processing.core.PApplet.resizeRenderer(II)V+90
j  processing.core.PApplet.run()V+162
j  java.lang.Thread.run()V+11
v  ~StubRoutines::call_stub
V  [jvm.dll+0x1a6844]

Java frames: (J=compiled Java code, j=interpreted, Vv=VM code)
j  jogamp.opengl.gl4.GL4bcImpl.dispatch_glDepthMask1(ZJ)V+0
j  jogamp.opengl.gl4.GL4bcImpl.glDepthMask(Z)V+34
j  processing.opengl.PGL.depthMask(Z)V+4
j  processing.opengl.PGraphicsOpenGL.backgroundImpl()V+8
j  processing.core.PGraphics.backgroundFromCalc()V+122
j  processing.core.PGraphics.background(I)V+6
j  processing.core.PGraphics.reapplySettings()V+190
j  processing.opengl.PGraphicsOpenGL.setSize(II)V+15
j  processing.core.PApplet.resizeRenderer(II)V+90
j  processing.core.PApplet.run()V+162
j  java.lang.Thread.run()V+11
v  ~StubRoutines::call_stub

---------------  P R O C E S S  ---------------

Java Threads: ( => current thread )
  0x000000000e2bd000 JavaThread "Animation Thread-SharedResourceRunner" daemon [_thread_blocked, id=1416, stack(0x000000000ec80000,0x000000000ed80000)]
=>0x000000000a456000 JavaThread "Animation Thread" [_thread_in_native, id=8400, stack(0x000000000da10000,0x000000000db10000)]
  0x000000000a48a000 JavaThread "AWT-EventQueue-1" [_thread_in_native, id=928, stack(0x000000000df80000,0x000000000e080000)]
  0x000000000222e800 JavaThread "DestroyJavaVM" [_thread_blocked, id=9568, stack(0x00000000020d0000,0x00000000021d0000)]
  0x000000000a454000 JavaThread "D3D Screen Updater" daemon [_thread_blocked, id=2188, stack(0x000000000d910000,0x000000000da10000)]
  0x000000000a2e2000 JavaThread "AWT-EventQueue-0" [_thread_blocked, id=7440, stack(0x000000000c1e0000,0x000000000c2e0000)]
  0x000000000a34c800 JavaThread "thread applet-Rectangles.class" [_thread_blocked, id=7744, stack(0x000000000c0e0000,0x000000000c1e0000)]
  0x000000000a26a000 JavaThread "AWT-Windows" daemon [_thread_in_native, id=10572, stack(0x000000000a9e0000,0x000000000aae0000)]
  0x000000000a269000 JavaThread "AWT-Shutdown" [_thread_blocked, id=8176, stack(0x000000000a8e0000,0x000000000a9e0000)]
  0x000000000a219000 JavaThread "Java2D Disposer" daemon [_thread_blocked, id=4776, stack(0x000000000a7e0000,0x000000000a8e0000)]
  0x00000000087c5000 JavaThread "Service Thread" daemon [_thread_blocked, id=2804, stack(0x0000000009f40000,0x000000000a040000)]
  0x00000000087bb000 JavaThread "C2 CompilerThread1" daemon [_thread_blocked, id=10056, stack(0x0000000009e40000,0x0000000009f40000)]
  0x00000000087b4800 JavaThread "C2 CompilerThread0" daemon [_thread_blocked, id=8728, stack(0x0000000009d40000,0x0000000009e40000)]
  0x00000000087af000 JavaThread "Attach Listener" daemon [_thread_blocked, id=10396, stack(0x0000000009c40000,0x0000000009d40000)]
  0x00000000087ae000 JavaThread "Signal Dispatcher" daemon [_thread_blocked, id=9668, stack(0x0000000009b40000,0x0000000009c40000)]
  0x0000000008727000 JavaThread "Finalizer" daemon [_thread_blocked, id=10648, stack(0x0000000009a40000,0x0000000009b40000)]
  0x000000000871e800 JavaThread "Reference Handler" daemon [_thread_blocked, id=11068, stack(0x0000000009940000,0x0000000009a40000)]

Other Threads:
  0x0000000008715800 VMThread [stack: 0x0000000009840000,0x0000000009940000] [id=8784]
  0x000000000878c000 WatcherThread [stack: 0x000000000a040000,0x000000000a140000] [id=8844]

VM state:not at safepoint (normal execution)

VM Mutex/Monitor currently owned by a thread: None

Heap
 PSYoungGen      total 69888K, used 40144K [0x00000000eae00000, 0x00000000ef760000, 0x0000000100000000)
  eden space 64768K, 57% used [0x00000000eae00000,0x00000000ed2792c8,0x00000000eed40000)
  from space 5120K, 54% used [0x00000000ef260000,0x00000000ef51b030,0x00000000ef760000)
  to   space 5184K, 0% used [0x00000000eed40000,0x00000000eed40000,0x00000000ef250000)
 ParOldGen       total 43264K, used 4231K [0x00000000c0a00000, 0x00000000c3440000, 0x00000000eae00000)
  object space 43264K, 9% used [0x00000000c0a00000,0x00000000c0e21da0,0x00000000c3440000)
 PSPermGen       total 21248K, used 16335K [0x00000000bb800000, 0x00000000bccc0000, 0x00000000c0a00000)
  object space 21248K, 76% used [0x00000000bb800000,0x00000000bc7f3fb0,0x00000000bccc0000)

Card table byte_map: [0x00000000053f0000,0x0000000005620000] byte_map_base: 0x0000000004e14000

Polling page: 0x00000000004e0000

Code Cache  [0x0000000002330000, 0x00000000025a0000, 0x0000000005330000)
 total_blobs=898 nmethods=156 adapters=693 free_code_cache=48120Kb largest_free_block=49247360

Compilation events (10 events):
Event: 3.134 Thread 0x00000000087bb000  149             jogamp.opengl.glu.tessellator.Sweep::DeleteRegion (51 bytes)
Event: 3.134 Thread 0x00000000087b4800  150             jogamp.opengl.glu.tessellator.Dict::dictDelete (23 bytes)
Event: 3.136 Thread 0x00000000087b4800 nmethod 150 0x0000000002416010 code [0x0000000002416140, 0x00000000024161d8]
Event: 3.137 Thread 0x00000000087bb000 nmethod 149 0x0000000002419810 code [0x0000000002419960, 0x0000000002419a38]
Event: 3.817 Thread 0x00000000087b4800  151             java.util.concurrent.locks.AbstractOwnableSynchronizer::getExclusiveOwnerThread (5 bytes)
Event: 3.818 Thread 0x00000000087b4800 nmethod 151 0x00000000023f5c90 code [0x00000000023f5dc0, 0x00000000023f5e18]
Event: 4.084 Thread 0x00000000087bb000  152             jogamp.opengl.glu.tessellator.ActiveRegion::<init> (5 bytes)
Event: 4.085 Thread 0x00000000087bb000 nmethod 152 0x000000000242cd10 code [0x000000000242ce40, 0x000000000242ce98]
Event: 4.300 Thread 0x00000000087b4800  153             java.util.concurrent.locks.AbstractQueuedSynchronizer::getState (5 bytes)
Event: 4.301 Thread 0x00000000087b4800 nmethod 153 0x000000000242cb10 code [0x000000000242cc40, 0x000000000242cc98]

GC Heap History (10 events):
Event: 0.991 GC heap before
{Heap before GC invocations=2 (full 0):
 PSYoungGen      total 18880K, used 18858K [0x00000000eae00000, 0x00000000ec310000, 0x0000000100000000)
  eden space 16192K, 100% used [0x00000000eae00000,0x00000000ebdd0000,0x00000000ebdd0000)
  from space 2688K, 99% used [0x00000000ebdd0000,0x00000000ec06aa10,0x00000000ec070000)
  to   space 2688K, 0% used [0x00000000ec070000,0x00000000ec070000,0x00000000ec310000)
 ParOldGen       total 43264K, used 808K [0x00000000c0a00000, 0x00000000c3440000, 0x00000000eae00000)
  object space 43264K, 1% used [0x00000000c0a00000,0x00000000c0aca148,0x00000000c3440000)
 PSPermGen       total 21248K, used 15643K [0x00000000bb800000, 0x00000000bccc0000, 0x00000000c0a00000)
  object space 21248K, 73% used [0x00000000bb800000,0x00000000bc746dd8,0x00000000bccc0000)
Event: 1.000 GC heap after
Heap after GC invocations=2 (full 0):
 PSYoungGen      total 18880K, used 2680K [0x00000000eae00000, 0x00000000ed2e0000, 0x0000000100000000)
  eden space 16192K, 0% used [0x00000000eae00000,0x00000000eae00000,0x00000000ebdd0000)
  from space 2688K, 99% used [0x00000000ec070000,0x00000000ec30e050,0x00000000ec310000)
  to   space 2688K, 0% used [0x00000000ebdd0000,0x00000000ebdd0000,0x00000000ec070000)
 ParOldGen       total 43264K, used 1747K [0x00000000c0a00000, 0x00000000c3440000, 0x00000000eae00000)
  object space 43264K, 4% used [0x00000000c0a00000,0x00000000c0bb4cd0,0x00000000c3440000)
 PSPermGen       total 21248K, used 15643K [0x00000000bb800000, 0x00000000bccc0000, 0x00000000c0a00000)
  object space 21248K, 73% used [0x00000000bb800000,0x00000000bc746dd8,0x00000000bccc0000)
}
Event: 1.450 GC heap before
{Heap before GC invocations=3 (full 0):
 PSYoungGen      total 18880K, used 18872K [0x00000000eae00000, 0x00000000ed2e0000, 0x0000000100000000)
  eden space 16192K, 100% used [0x00000000eae00000,0x00000000ebdd0000,0x00000000ebdd0000)
  from space 2688K, 99% used [0x00000000ec070000,0x00000000ec30e050,0x00000000ec310000)
  to   space 2688K, 0% used [0x00000000ebdd0000,0x00000000ebdd0000,0x00000000ec070000)
 ParOldGen       total 43264K, used 1747K [0x00000000c0a00000, 0x00000000c3440000, 0x00000000eae00000)
  object space 43264K, 4% used [0x00000000c0a00000,0x00000000c0bb4cd0,0x00000000c3440000)
 PSPermGen       total 21248K, used 16314K [0x00000000bb800000, 0x00000000bccc0000, 0x00000000c0a00000)
  object space 21248K, 76% used [0x00000000bb800000,0x00000000bc7eebd8,0x00000000bccc0000)
Event: 1.456 GC heap after
Heap after GC invocations=3 (full 0):
 PSYoungGen      total 18880K, used 2684K [0x00000000eae00000, 0x00000000ed2e0000, 0x0000000100000000)
  eden space 16192K, 0% used [0x00000000eae00000,0x00000000eae00000,0x00000000ebdd0000)
  from space 2688K, 99% used [0x00000000ebdd0000,0x00000000ec06f040,0x00000000ec070000)
  to   space 2688K, 0% used [0x00000000ed040000,0x00000000ed040000,0x00000000ed2e0000)
 ParOldGen       total 43264K, used 4112K [0x00000000c0a00000, 0x00000000c3440000, 0x00000000eae00000)
  object space 43264K, 9% used [0x00000000c0a00000,0x00000000c0e043f8,0x00000000c3440000)
 PSPermGen       total 21248K, used 16314K [0x00000000bb800000, 0x00000000bccc0000, 0x00000000c0a00000)
  object space 21248K, 76% used [0x00000000bb800000,0x00000000bc7eebd8,0x00000000bccc0000)
}
Event: 1.835 GC heap before
{Heap before GC invocations=4 (full 0):
 PSYoungGen      total 18880K, used 18876K [0x00000000eae00000, 0x00000000ed2e0000, 0x0000000100000000)
  eden space 16192K, 100% used [0x00000000eae00000,0x00000000ebdd0000,0x00000000ebdd0000)
  from space 2688K, 99% used [0x00000000ebdd0000,0x00000000ec06f040,0x00000000ec070000)
  to   space 2688K, 0% used [0x00000000ed040000,0x00000000ed040000,0x00000000ed2e0000)
 ParOldGen       total 43264K, used 4112K [0x00000000c0a00000, 0x00000000c3440000, 0x00000000eae00000)
  object space 43264K, 9% used [0x00000000c0a00000,0x00000000c0e043f8,0x00000000c3440000)
 PSPermGen       total 21248K, used 16316K [0x00000000bb800000, 0x00000000bccc0000, 0x00000000c0a00000)
  object space 21248K, 76% used [0x00000000bb800000,0x00000000bc7ef030,0x00000000bccc0000)
Event: 1.842 GC heap after
Heap after GC invocations=4 (full 0):
 PSYoungGen      total 35072K, used 2684K [0x00000000eae00000, 0x00000000ed2e0000, 0x0000000100000000)
  eden space 32384K, 0% used [0x00000000eae00000,0x00000000eae00000,0x00000000ecda0000)
  from space 2688K, 99% used [0x00000000ed040000,0x00000000ed2df040,0x00000000ed2e0000)
  to   space 2688K, 0% used [0x00000000ecda0000,0x00000000ecda0000,0x00000000ed040000)
 ParOldGen       total 43264K, used 4207K [0x00000000c0a00000, 0x00000000c3440000, 0x00000000eae00000)
  object space 43264K, 9% used [0x00000000c0a00000,0x00000000c0e1bda0,0x00000000c3440000)
 PSPermGen       total 21248K, used 16316K [0x00000000bb800000, 0x00000000bccc0000, 0x00000000c0a00000)
  object space 21248K, 76% used [0x00000000bb800000,0x00000000bc7ef030,0x00000000bccc0000)
}
Event: 2.634 GC heap before
{Heap before GC invocations=5 (full 0):
 PSYoungGen      total 35072K, used 35068K [0x00000000eae00000, 0x00000000ed2e0000, 0x0000000100000000)
  eden space 32384K, 100% used [0x00000000eae00000,0x00000000ecda0000,0x00000000ecda0000)
  from space 2688K, 99% used [0x00000000ed040000,0x00000000ed2df040,0x00000000ed2e0000)
  to   space 2688K, 0% used [0x00000000ecda0000,0x00000000ecda0000,0x00000000ed040000)
 ParOldGen       total 43264K, used 4207K [0x00000000c0a00000, 0x00000000c3440000, 0x00000000eae00000)
  object space 43264K, 9% used [0x00000000c0a00000,0x00000000c0e1bda0,0x00000000c3440000)
 PSPermGen       total 21248K, used 16320K [0x00000000bb800000, 0x00000000bccc0000, 0x00000000c0a00000)
  object space 21248K, 76% used [0x00000000bb800000,0x00000000bc7f01b0,0x00000000bccc0000)
Event: 2.641 GC heap after
Heap after GC invocations=5 (full 0):
 PSYoungGen      total 35072K, used 2684K [0x00000000eae00000, 0x00000000ef780000, 0x0000000100000000)
  eden space 32384K, 0% used [0x00000000eae00000,0x00000000eae00000,0x00000000ecda0000)
  from space 2688K, 99% used [0x00000000ecda0000,0x00000000ed03f040,0x00000000ed040000)
  to   space 5248K, 0% used [0x00000000ef260000,0x00000000ef260000,0x00000000ef780000)
 ParOldGen       total 43264K, used 4231K [0x00000000c0a00000, 0x00000000c3440000, 0x00000000eae00000)
  object space 43264K, 9% used [0x00000000c0a00000,0x00000000c0e21da0,0x00000000c3440000)
 PSPermGen       total 21248K, used 16320K [0x00000000bb800000, 0x00000000bccc0000, 0x00000000c0a00000)
  object space 21248K, 76% used [0x00000000bb800000,0x00000000bc7f01b0,0x00000000bccc0000)
}
Event: 3.419 GC heap before
{Heap before GC invocations=6 (full 0):
 PSYoungGen      total 35072K, used 35068K [0x00000000eae00000, 0x00000000ef780000, 0x0000000100000000)
  eden space 32384K, 100% used [0x00000000eae00000,0x00000000ecda0000,0x00000000ecda0000)
  from space 2688K, 99% used [0x00000000ecda0000,0x00000000ed03f040,0x00000000ed040000)
  to   space 5248K, 0% used [0x00000000ef260000,0x00000000ef260000,0x00000000ef780000)
 ParOldGen       total 43264K, used 4231K [0x00000000c0a00000, 0x00000000c3440000, 0x00000000eae00000)
  object space 43264K, 9% used [0x00000000c0a00000,0x00000000c0e21da0,0x00000000c3440000)
 PSPermGen       total 21248K, used 16326K [0x00000000bb800000, 0x00000000bccc0000, 0x00000000c0a00000)
  object space 21248K, 76% used [0x00000000bb800000,0x00000000bc7f1800,0x00000000bccc0000)
Event: 3.426 GC heap after
Heap after GC invocations=6 (full 0):
 PSYoungGen      total 69888K, used 2796K [0x00000000eae00000, 0x00000000ef760000, 0x0000000100000000)
  eden space 64768K, 0% used [0x00000000eae00000,0x00000000eae00000,0x00000000eed40000)
  from space 5120K, 54% used [0x00000000ef260000,0x00000000ef51b030,0x00000000ef760000)
  to   space 5184K, 0% used [0x00000000eed40000,0x00000000eed40000,0x00000000ef250000)
 ParOldGen       total 43264K, used 4231K [0x00000000c0a00000, 0x00000000c3440000, 0x00000000eae00000)
  object space 43264K, 9% used [0x00000000c0a00000,0x00000000c0e21da0,0x00000000c3440000)
 PSPermGen       total 21248K, used 16326K [0x00000000bb800000, 0x00000000bccc0000, 0x00000000c0a00000)
  object space 21248K, 76% used [0x00000000bb800000,0x00000000bc7f1800,0x00000000bccc0000)
}

Deoptimization events (1 events):
Event: 0.921 Thread 0x000000000e2bd000 Uncommon trap -83 fr.pc 0x00000000023f06d8

Internal exceptions (10 events):
Event: 1.152 Thread 0x000000000a48a000 Threw 0x00000000eb222088 at C:\jdk7u2_64p\jdk7u25\hotspot\src\share\vm\prims\jvm.cpp:1235
Event: 1.153 Thread 0x000000000a48a000 Threw 0x00000000eb226aa0 at C:\jdk7u2_64p\jdk7u25\hotspot\src\share\vm\prims\jvm.cpp:1235
Event: 1.154 Thread 0x000000000a48a000 Threw 0x00000000eb22b348 at C:\jdk7u2_64p\jdk7u25\hotspot\src\share\vm\prims\jvm.cpp:1235
Event: 1.154 Thread 0x000000000a48a000 Threw 0x00000000eb22f358 at C:\jdk7u2_64p\jdk7u25\hotspot\src\share\vm\prims\jvm.cpp:1235
Event: 1.154 Thread 0x000000000a48a000 Threw 0x00000000eb2343b8 at C:\jdk7u2_64p\jdk7u25\hotspot\src\share\vm\prims\jvm.cpp:1235
Event: 1.155 Thread 0x000000000a48a000 Threw 0x00000000eb237fa0 at C:\jdk7u2_64p\jdk7u25\hotspot\src\share\vm\prims\jvm.cpp:1235
Event: 1.156 Thread 0x000000000a48a000 Threw 0x00000000eb2411d0 at C:\jdk7u2_64p\jdk7u25\hotspot\src\share\vm\prims\jvm.cpp:1235
Event: 1.157 Thread 0x000000000a48a000 Threw 0x00000000eb24a088 at C:\jdk7u2_64p\jdk7u25\hotspot\src\share\vm\prims\jvm.cpp:1235
Event: 1.173 Thread 0x000000000a48a000 Threw 0x00000000eb305bc0 at C:\jdk7u2_64p\jdk7u25\hotspot\src\share\vm\prims\jvm.cpp:1235
Event: 1.534 Thread 0x000000000a48a000 Threw 0x00000000eb189a38 at C:\jdk7u2_64p\jdk7u25\hotspot\src\share\vm\prims\jvm.cpp:1235

Events (10 events):
Event: 4.412 Executing VM operation: RevokeBias
Event: 4.412 Executing VM operation: RevokeBias done
Event: 4.419 Executing VM operation: RevokeBias
Event: 4.419 Executing VM operation: RevokeBias done
Event: 4.424 Executing VM operation: RevokeBias
Event: 4.424 Executing VM operation: RevokeBias done
Event: 4.432 Executing VM operation: RevokeBias
Event: 4.432 Executing VM operation: RevokeBias done
Event: 4.437 Executing VM operation: RevokeBias
Event: 4.438 Executing VM operation: RevokeBias done


Dynamic libraries:
0x000007f6d0160000 - 0x000007f6d0193000 	C:\Program Files\Java\jre7\bin\javaw.exe
0x000007fb68c00000 - 0x000007fb68dc0000 	C:\WINDOWS\SYSTEM32\ntdll.dll
0x000007fb66980000 - 0x000007fb66ab6000 	C:\WINDOWS\system32\KERNEL32.DLL
0x000007fb65dd0000 - 0x000007fb65ec3000 	C:\WINDOWS\system32\KERNELBASE.dll
0x000007fb661a0000 - 0x000007fb6627e000 	C:\WINDOWS\system32\ADVAPI32.dll
0x000007fb68820000 - 0x000007fb6896c000 	C:\WINDOWS\system32\USER32.dll
0x000007fb63540000 - 0x000007fb637aa000 	C:\WINDOWS\WinSxS\amd64_microsoft.windows.common-controls_6595b64144ccf1df_6.0.9200.16579_none_418ab7ef718b27ef\COMCTL32.dll
0x000007fb665a0000 - 0x000007fb66645000 	C:\WINDOWS\system32\msvcrt.dll
0x000007fb68000000 - 0x000007fb68048000 	C:\WINDOWS\SYSTEM32\sechost.dll
0x000007fb66650000 - 0x000007fb66790000 	C:\WINDOWS\system32\RPCRT4.dll
0x000007fb66b80000 - 0x000007fb66cc1000 	C:\WINDOWS\system32\GDI32.dll
0x000007fb66ac0000 - 0x000007fb66af9000 	C:\WINDOWS\system32\IMM32.DLL
0x000007fb68050000 - 0x000007fb68165000 	C:\WINDOWS\system32\MSCTF.dll
0x0000000073310000 - 0x00000000733e1000 	C:\Program Files\Java\jre7\bin\msvcr100.dll
0x0000000072c00000 - 0x000000007330f000 	C:\Program Files\Java\jre7\bin\server\jvm.dll
0x000007fb5d750000 - 0x000007fb5d759000 	C:\WINDOWS\SYSTEM32\WSOCK32.dll
0x000007fb61d50000 - 0x000007fb61d70000 	C:\WINDOWS\SYSTEM32\WINMM.dll
0x000007fb68170000 - 0x000007fb68177000 	C:\WINDOWS\system32\PSAPI.DLL
0x000007fb66540000 - 0x000007fb66598000 	C:\WINDOWS\system32\WS2_32.dll
0x000007fb61940000 - 0x000007fb61972000 	C:\WINDOWS\SYSTEM32\WINMMBASE.dll
0x000007fb66b00000 - 0x000007fb66b09000 	C:\WINDOWS\system32\NSI.dll
0x0000000072bf0000 - 0x0000000072bff000 	C:\Program Files\Java\jre7\bin\verify.dll
0x0000000072bc0000 - 0x0000000072be8000 	C:\Program Files\Java\jre7\bin\java.dll
0x0000000072ba0000 - 0x0000000072bb5000 	C:\Program Files\Java\jre7\bin\zip.dll
0x0000000072990000 - 0x0000000072b25000 	C:\Program Files\Java\jre7\bin\awt.dll
0x000007fb68180000 - 0x000007fb68243000 	C:\WINDOWS\system32\OLEAUT32.dll
0x000007fb68670000 - 0x000007fb68820000 	C:\WINDOWS\system32\combase.dll
0x000007fb5d6b0000 - 0x000007fb5d74f000 	C:\WINDOWS\system32\apphelp.dll
0x000007fb63cf0000 - 0x000007fb63d11000 	C:\WINDOWS\system32\DWMAPI.DLL
0x000007fb648b0000 - 0x000007fb64996000 	C:\WINDOWS\system32\uxtheme.dll
0x000007fb5d880000 - 0x000007fb5d915000 	C:\Program Files\Common Files\microsoft shared\ink\tiptsf.dll
0x000007fb68250000 - 0x000007fb683ce000 	C:\WINDOWS\system32\ole32.dll
0x000007fb65920000 - 0x000007fb6592a000 	C:\WINDOWS\SYSTEM32\CRYPTBASE.dll
0x000007fb658c0000 - 0x000007fb6591c000 	C:\WINDOWS\SYSTEM32\bcryptPrimitives.dll
0x000007fb5c700000 - 0x000007fb5c900000 	C:\WINDOWS\system32\d3d9.dll
0x000007fb61e90000 - 0x000007fb61e99000 	C:\WINDOWS\SYSTEM32\VERSION.dll
0x000007fb517b0000 - 0x000007fb52930000 	C:\WINDOWS\SYSTEM32\nvd3dumx.dll
0x000007fb659a0000 - 0x000007fb659e3000 	C:\WINDOWS\SYSTEM32\powrprof.dll
0x0000000072950000 - 0x000000007298f000 	C:\Program Files\Java\jre7\bin\fontmanager.dll
0x000007fb56020000 - 0x000007fb5605f000 	C:\Program Files\Lenovo\Bluetooth Software\btmmhook.dll
0x000007fb66cd0000 - 0x000007fb67fb0000 	C:\WINDOWS\system32\SHELL32.dll
0x000007fb67fb0000 - 0x000007fb68000000 	C:\WINDOWS\system32\SHLWAPI.dll
0x0000000072b80000 - 0x0000000072b99000 	C:\Program Files\Java\jre7\bin\net.dll
0x000007fb65310000 - 0x000007fb6536c000 	C:\WINDOWS\system32\mswsock.dll
0x0000000072b60000 - 0x0000000072b71000 	C:\Program Files\Java\jre7\bin\nio.dll
0x0000000072900000 - 0x0000000072941000 	C:\Program Files\Java\jre7\bin\t2k.dll
0x000007fb61980000 - 0x000007fb619e9000 	C:\WINDOWS\SYSTEM32\oleacc.dll
0x000007fb66280000 - 0x000007fb66316000 	C:\WINDOWS\SYSTEM32\clbcatq.dll
0x000007fb65370000 - 0x000007fb6538a000 	C:\WINDOWS\SYSTEM32\CRYPTSP.dll
0x000007fb64ff0000 - 0x000007fb6503b000 	C:\WINDOWS\system32\rsaenh.dll
0x000007fb650f0000 - 0x000007fb6510f000 	C:\WINDOWS\SYSTEM32\USERENV.dll
0x000007fb65ac0000 - 0x000007fb65ad5000 	C:\WINDOWS\SYSTEM32\profapi.dll
0x000007fb5af20000 - 0x000007fb5af34000 	C:\WINDOWS\system32\napinsp.dll
0x000007fb5c140000 - 0x000007fb5c158000 	C:\WINDOWS\system32\pnrpnsp.dll
0x000007fb644c0000 - 0x000007fb644d6000 	C:\WINDOWS\system32\NLAapi.dll
0x000007fb65150000 - 0x000007fb651e8000 	C:\WINDOWS\SYSTEM32\DNSAPI.dll
0x000007fb5bad0000 - 0x000007fb5bae2000 	C:\WINDOWS\System32\winrnr.dll
0x000007fb56060000 - 0x000007fb56074000 	C:\WINDOWS\system32\wshbth.dll
0x00000000733f0000 - 0x0000000073425000 	C:\Program Files\Bonjour\mdnsNSP.dll
0x000007fb60100000 - 0x000007fb6012a000 	C:\WINDOWS\SYSTEM32\Iphlpapi.DLL
0x000007fb600e0000 - 0x000007fb600ea000 	C:\WINDOWS\SYSTEM32\WINNSI.DLL
0x000007fb5e5c0000 - 0x000007fb5e5c8000 	C:\Windows\System32\rasadhlp.dll
0x000007fb5fd70000 - 0x000007fb5fdcf000 	C:\WINDOWS\System32\fwpuclnt.dll
0x00000000637c0000 - 0x00000000637ca000 	C:\Users\UR\AppData\Local\Temp\jogamp_0000\file_cache\jln302436984569167730\jln3283297591949630547\gluegen-rt.dll
0x00000000728f0000 - 0x00000000728f7000 	C:\Program Files\Java\jre7\bin\jawt.dll
0x000000006a440000 - 0x000000006a44b000 	C:\Users\UR\AppData\Local\Temp\jogamp_0000\file_cache\jln302436984569167730\jln3283297591949630547\nativewindow_awt.dll
0x000007fb64c80000 - 0x000007fb64d16000 	C:\WINDOWS\SYSTEM32\shcore.dll
0x000000006c100000 - 0x000000006c10b000 	C:\Users\UR\AppData\Local\Temp\jogamp_0000\file_cache\jln302436984569167730\jln3283297591949630547\nativewindow_win32.dll
0x000007fb57bb0000 - 0x000007fb57ccf000 	C:\WINDOWS\SYSTEM32\OpenGL32.dll
0x000007fb61340000 - 0x000007fb6136c000 	C:\WINDOWS\SYSTEM32\GLU32.dll
0x000007fb53b40000 - 0x000007fb53c2a000 	C:\WINDOWS\SYSTEM32\DDRAW.dll
0x000007fb640f0000 - 0x000007fb640f8000 	C:\WINDOWS\SYSTEM32\DCIMAN32.dll
0x0000000064500000 - 0x000000006458e000 	C:\Users\UR\AppData\Local\Temp\jogamp_0000\file_cache\jln302436984569167730\jln3283297591949630547\jogl_desktop.dll
0x0000000070f90000 - 0x00000000728e1000 	C:\WINDOWS\SYSTEM32\nvoglv64.DLL
0x000007fb667b0000 - 0x000007fb66980000 	C:\WINDOWS\system32\SETUPAPI.dll
0x000007fb65f80000 - 0x000007fb65fcf000 	C:\WINDOWS\system32\CFGMGR32.dll
0x000007fb65fd0000 - 0x000007fb65ff2000 	C:\WINDOWS\system32\DEVOBJ.dll
0x000007fb65d70000 - 0x000007fb65dc5000 	C:\WINDOWS\system32\WINTRUST.dll
0x000007fb65b90000 - 0x000007fb65d61000 	C:\WINDOWS\system32\CRYPT32.dll
0x000007fb65b70000 - 0x000007fb65b86000 	C:\WINDOWS\system32\MSASN1.dll
0x000007fb5f5c0000 - 0x000007fb5f5ee000 	C:\WINDOWS\SYSTEM32\ntmarta.dll
0x000007fb59b20000 - 0x000007fb59c83000 	C:\WINDOWS\SYSTEM32\dbghelp.dll

VM Arguments:
jvm_args: -Djava.security.policy=java.policy.applet -Dfile.encoding=GBK 
java_command: sun.applet.AppletViewer Rectangles1376301647167.html
Launcher Type: SUN_STANDARD

Environment Variables:
PATH=C:\Program Files (x86)\NVIDIA Corporation\PhysX\Common;C:\Program Files (x86)\Intel\iCLS Client\;C:\Program Files\Intel\iCLS Client\;C:\WINDOWS\system32;C:\WINDOWS;C:\WINDOWS\System32\Wbem;C:\WINDOWS\System32\WindowsPowerShell\v1.0\;C:\Program Files\Intel\Intel(R) Management Engine Components\DAL;C:\Program Files\Intel\Intel(R) Management Engine Components\IPT;C:\Program Files (x86)\Intel\Intel(R) Management Engine Components\DAL;C:\Program Files (x86)\Intel\Intel(R) Management Engine Components\IPT;C:\Program Files\Lenovo\Bluetooth Software\;C:\Program Files\Lenovo\Bluetooth Software\syswow64;C:\Program Files\Microsoft\Web Platform Installer\;C:\Program Files (x86)\Microsoft ASP.NET\ASP.NET Web Pages\v1.0\;C:\Program Files (x86)\Windows Kits\8.0\Windows Performance Toolkit\;C:\Program Files\Microsoft SQL Server\110\Tools\Binn\;C:\Program Files (x86)\Microsoft SQL Server\100\Tools\Binn\;C:\Program Files\Microsoft SQL Server\100\Tools\Binn\;C:\Program Files\Microsoft SQL Server\100\DTS\Binn\;C:\Program Files (x86)\Microsoft SDKs\Windows\v7.0A\Bin
USERNAME=UR
OS=Windows_NT
PROCESSOR_IDENTIFIER=Intel64 Family 6 Model 58 Stepping 9, GenuineIntel



---------------  S Y S T E M  ---------------

OS: Windows 8 , 64 bit Build 9200 

CPU:total 4 (2 cores per cpu, 2 threads per core) family 6 model 58 stepping 9, cmov, cx8, fxsr, mmx, sse, sse2, sse3, ssse3, sse4.1, sse4.2, popcnt, avx, ht, tsc, tscinvbit, tscinv

Memory: 4k page, physical 4148708k(1659452k free), swap 9945068k(1344928k free)

vm_info: Java HotSpot(TM) 64-Bit Server VM (23.25-b01) for windows-amd64 JRE (1.7.0_25-b17), built on Jun 21 2013 12:58:32 by "java_re" with unknown MS VC++:1600

time: Mon Aug 12 18:00:51 2013
elapsed time: 4 seconds

