#
# A fatal error has been detected by the Java Runtime Environment:
#
#  EXCEPTION_ACCESS_VIOLATION (0xc0000005) at pc=0x000007fb5344d254, pid=8452, tid=7328
#
# JRE version: 7.0_25-b17
# Java VM: Java HotSpot(TM) 64-Bit Server VM (23.25-b01 mixed mode windows-amd64 compressed oops)
# Problematic frame:
# C  [OpenGL32.dll+0xdd254]  glDepthMask+0x14
#
# Failed to write core dump. Minidumps are not enabled by default on client versions of Windows
#
# If you would like to submit a bug report, please visit:
#   http://bugreport.sun.com/bugreport/crash.jsp
# The crash happened outside the Java Virtual Machine in native code.
# See problematic frame for where to report the bug.
#

---------------  T H R E A D  ---------------

Current thread (0x000000000a528800):  JavaThread "Animation Thread" [_thread_in_native, id=7328, stack(0x000000000da90000,0x000000000db90000)]

siginfo: ExceptionCode=0xc0000005, reading address 0x0000000000000698

Registers:
RAX=0x0000000000000000, RBX=0x00000000bc4b68d0, RCX=0x0000000000000001, RDX=0x000000000db8f0d8
RSP=0x000000000db8f018, RBP=0x000000000db8f0a0, RSI=0x0000000000000019, RDI=0x0000000000000007
R8 =0x0000000000000001, R9 =0x000007fb5344d240, R10=0x000000000249237c, R11=0x0000000072db9860
R12=0x0000000000000000, R13=0x00000000bc4b68d0, R14=0x000000000db8f0d8, R15=0x000000000a528800
RIP=0x000007fb5344d254, EFLAGS=0x0000000000010283

Top of Stack: (sp=0x000000000db8f018)
0x000000000db8f018:   00000000024923a8 0000000000000000
0x000000000db8f028:   000000000db8f040 000000000db8f098
0x000000000db8f038:   00000000024861f8 0000000000000000
0x000000000db8f048:   0000000000000000 0000000000000000
0x000000000db8f058:   000000000db8f058 000000000db8f060
0x000000000db8f068:   0000000000000000 000000000db8f0d8
0x000000000db8f078:   00000000bc685e58 0000000000000000
0x000000000db8f088:   00000000bc4b68d0 0000000000000000
0x000000000db8f098:   000000000db8f0c0 000000000db8f120
0x000000000db8f0a8:   00000000024861f8 0000000000000000
0x000000000db8f0b8:   000000000248f1d8 000007fb5344d240
0x000000000db8f0c8:   00000000024863d3 0000000000000001
0x000000000db8f0d8:   00000000c16a3a30 000000000db8f0e0
0x000000000db8f0e8:   00000000bc4b67f2 000000000db8f148
0x000000000db8f0f8:   00000000bc685e58 0000000000000000
0x000000000db8f108:   00000000bc4b6800 000000000db8f0c0 

Instructions: (pc=0x000007fb5344d254)
0x000007fb5344d234:   cc cc cc cc cc cc 66 0f 1f 44 00 00 8b 05 7e f0
0x000007fb5344d244:   00 00 83 f8 40 73 0f 65 48 8b 04 c5 80 14 00 00
0x000007fb5344d254:   ff a0 98 06 00 00 b8 d3 00 00 00 e9 ac e1 ff ff
0x000007fb5344d264:   cc cc cc cc cc cc 66 0f 1f 44 00 00 8b 05 4e f0 


Register to memory mapping:

RAX=0x0000000000000000 is an unknown value
RBX=0x00000000bc4b68d0 is an oop
{method} 
 - klass: {other class}
RCX=0x0000000000000001 is an unknown value
RDX=0x000000000db8f0d8 is pointing into the stack for thread: 0x000000000a528800
RSP=0x000000000db8f018 is pointing into the stack for thread: 0x000000000a528800
RBP=0x000000000db8f0a0 is pointing into the stack for thread: 0x000000000a528800
RSI=0x0000000000000019 is an unknown value
RDI=0x0000000000000007 is an unknown value
R8 =0x0000000000000001 is an unknown value
R9 =0x000007fb5344d240 is an unknown value
R10=0x000000000249237c is an Interpreter codelet
method entry point (kind = native)  [0x0000000002492100, 0x0000000002492980]  2176 bytes
R11=0x0000000072db9860 is an unknown value
R12=0x0000000000000000 is an unknown value
R13=0x00000000bc4b68d0 is an oop
{method} 
 - klass: {other class}
R14=0x000000000db8f0d8 is pointing into the stack for thread: 0x000000000a528800
R15=0x000000000a528800 is a thread


Stack: [0x000000000da90000,0x000000000db90000],  sp=0x000000000db8f018,  free space=1020k
Native frames: (J=compiled Java code, j=interpreted, Vv=VM code, C=native code)
C  [OpenGL32.dll+0xdd254]  glDepthMask+0x14
j  jogamp.opengl.gl4.GL4bcImpl.glDepthMask(Z)V+34
j  processing.opengl.PGL.depthMask(Z)V+4
j  processing.opengl.PGraphicsOpenGL.backgroundImpl()V+8
j  processing.core.PGraphics.backgroundFromCalc()V+122
j  processing.core.PGraphics.background(I)V+6
j  processing.core.PGraphics.reapplySettings()V+190
j  processing.opengl.PGraphicsOpenGL.setSize(II)V+15
j  processing.core.PApplet.resizeRenderer(II)V+90
j  processing.core.PApplet.run()V+162
j  java.lang.Thread.run()V+11
v  ~StubRoutines::call_stub
V  [jvm.dll+0x1a6844]

Java frames: (J=compiled Java code, j=interpreted, Vv=VM code)
j  jogamp.opengl.gl4.GL4bcImpl.dispatch_glDepthMask1(ZJ)V+0
j  jogamp.opengl.gl4.GL4bcImpl.glDepthMask(Z)V+34
j  processing.opengl.PGL.depthMask(Z)V+4
j  processing.opengl.PGraphicsOpenGL.backgroundImpl()V+8
j  processing.core.PGraphics.backgroundFromCalc()V+122
j  processing.core.PGraphics.background(I)V+6
j  processing.core.PGraphics.reapplySettings()V+190
j  processing.opengl.PGraphicsOpenGL.setSize(II)V+15
j  processing.core.PApplet.resizeRenderer(II)V+90
j  processing.core.PApplet.run()V+162
j  java.lang.Thread.run()V+11
v  ~StubRoutines::call_stub

---------------  P R O C E S S  ---------------

Java Threads: ( => current thread )
  0x000000000e6cc800 JavaThread "Image Fetcher 0" daemon [_thread_blocked, id=4188, stack(0x0000000010920000,0x0000000010a20000)]
  0x000000000e3bb000 JavaThread "Animation Thread-SharedResourceRunner" daemon [_thread_blocked, id=10644, stack(0x000000000ed30000,0x000000000ee30000)]
=>0x000000000a528800 JavaThread "Animation Thread" [_thread_in_native, id=7328, stack(0x000000000da90000,0x000000000db90000)]
  0x000000000a511800 JavaThread "AWT-EventQueue-1" [_thread_blocked, id=5676, stack(0x000000000dff0000,0x000000000e0f0000)]
  0x000000000237e800 JavaThread "DestroyJavaVM" [_thread_blocked, id=10016, stack(0x00000000021b0000,0x00000000022b0000)]
  0x000000000a4e8800 JavaThread "D3D Screen Updater" daemon [_thread_blocked, id=6524, stack(0x000000000d990000,0x000000000da90000)]
  0x000000000a3e1000 JavaThread "AWT-EventQueue-0" [_thread_blocked, id=872, stack(0x000000000c2f0000,0x000000000c3f0000)]
  0x000000000a335000 JavaThread "thread applet-CloneIris.ColorPicking.class" [_thread_blocked, id=7988, stack(0x000000000c1f0000,0x000000000c2f0000)]
  0x000000000a32b000 JavaThread "AWT-Windows" daemon [_thread_in_native, id=11520, stack(0x000000000aa60000,0x000000000ab60000)]
  0x000000000a357000 JavaThread "AWT-Shutdown" [_thread_blocked, id=9788, stack(0x000000000a960000,0x000000000aa60000)]
  0x000000000a356000 JavaThread "Java2D Disposer" daemon [_thread_blocked, id=10072, stack(0x000000000a860000,0x000000000a960000)]
  0x000000000884d000 JavaThread "Service Thread" daemon [_thread_blocked, id=2388, stack(0x0000000009ff0000,0x000000000a0f0000)]
  0x0000000008845000 JavaThread "C2 CompilerThread1" daemon [_thread_blocked, id=8396, stack(0x0000000009ef0000,0x0000000009ff0000)]
  0x0000000008840000 JavaThread "C2 CompilerThread0" daemon [_thread_blocked, id=4136, stack(0x0000000009df0000,0x0000000009ef0000)]
  0x000000000883f000 JavaThread "Attach Listener" daemon [_thread_blocked, id=10788, stack(0x0000000009cf0000,0x0000000009df0000)]
  0x000000000883e000 JavaThread "Signal Dispatcher" daemon [_thread_blocked, id=7336, stack(0x0000000009bf0000,0x0000000009cf0000)]
  0x00000000087b7000 JavaThread "Finalizer" daemon [_thread_blocked, id=372, stack(0x0000000009af0000,0x0000000009bf0000)]
  0x00000000087ae800 JavaThread "Reference Handler" daemon [_thread_blocked, id=10260, stack(0x00000000099f0000,0x0000000009af0000)]

Other Threads:
  0x00000000087a5800 VMThread [stack: 0x00000000098f0000,0x00000000099f0000] [id=7200]
  0x000000000886b800 WatcherThread [stack: 0x000000000a0f0000,0x000000000a1f0000] [id=11204]

VM state:not at safepoint (normal execution)

VM Mutex/Monitor currently owned by a thread: None

Heap
 PSYoungGen      total 35072K, used 17115K [0x00000000eae00000, 0x00000000f0d80000, 0x0000000100000000)
  eden space 32384K, 44% used [0x00000000eae00000,0x00000000ebc1c160,0x00000000ecda0000)
  from space 2688K, 99% used [0x00000000ecda0000,0x00000000ed03ac20,0x00000000ed040000)
  to   space 16512K, 0% used [0x00000000efd60000,0x00000000efd60000,0x00000000f0d80000)
 ParOldGen       total 43264K, used 26853K [0x00000000c0a00000, 0x00000000c3440000, 0x00000000eae00000)
  object space 43264K, 62% used [0x00000000c0a00000,0x00000000c24394f0,0x00000000c3440000)
 PSPermGen       total 21248K, used 16440K [0x00000000bb800000, 0x00000000bccc0000, 0x00000000c0a00000)
  object space 21248K, 77% used [0x00000000bb800000,0x00000000bc80e338,0x00000000bccc0000)

Card table byte_map: [0x0000000005480000,0x00000000056b0000] byte_map_base: 0x0000000004ea4000

Polling page: 0x0000000000630000

Code Cache  [0x0000000002480000, 0x00000000026f0000, 0x0000000005480000)
 total_blobs=873 nmethods=127 adapters=697 free_code_cache=48198Kb largest_free_block=49331712

Compilation events (10 events):
Event: 1.913 Thread 0x0000000008840000 nmethod 116 0x0000000002568e10 code [0x0000000002569000, 0x0000000002569440]
Event: 1.913 Thread 0x0000000008840000  117             com.jogamp.common.nio.Buffers::remainingBytes (219 bytes)
Event: 1.914 Thread 0x0000000008840000 nmethod 117 0x0000000002569d10 code [0x0000000002569e40, 0x0000000002569eb8]
Event: 1.914 Thread 0x0000000008840000  118             processing.opengl.PGL::texSubImage2D (24 bytes)
Event: 1.926 Thread 0x0000000008845000 nmethod 114 0x000000000256f310 code [0x000000000256f580, 0x0000000002570528]
Event: 1.926 Thread 0x0000000008845000  119             jogamp.opengl.gl4.GL4bcImpl::glTexSubImage2D (120 bytes)
Event: 1.929 Thread 0x0000000008840000 nmethod 118 0x0000000002572210 code [0x0000000002572460, 0x0000000002572d28]
Event: 1.929 Thread 0x0000000008840000  121             processing.opengl.PGL::initTexture (114 bytes)
Event: 1.932 Thread 0x0000000008840000 nmethod 121 0x0000000002568610 code [0x00000000025687a0, 0x0000000002568ab0]
Event: 1.937 Thread 0x0000000008845000 nmethod 119 0x000000000256a390 code [0x000000000256a5e0, 0x000000000256ae28]

GC Heap History (10 events):
Event: 0.700 GC heap before
{Heap before GC invocations=1 (full 0):
 PSYoungGen      total 18880K, used 15987K [0x00000000eae00000, 0x00000000ec310000, 0x0000000100000000)
  eden space 16192K, 98% used [0x00000000eae00000,0x00000000ebd9cec8,0x00000000ebdd0000)
  from space 2688K, 0% used [0x00000000ec070000,0x00000000ec070000,0x00000000ec310000)
  to   space 2688K, 0% used [0x00000000ebdd0000,0x00000000ebdd0000,0x00000000ec070000)
 ParOldGen       total 43264K, used 0K [0x00000000c0a00000, 0x00000000c3440000, 0x00000000eae00000)
  object space 43264K, 0% used [0x00000000c0a00000,0x00000000c0a00000,0x00000000c3440000)
 PSPermGen       total 21248K, used 11515K [0x00000000bb800000, 0x00000000bccc0000, 0x00000000c0a00000)
  object space 21248K, 54% used [0x00000000bb800000,0x00000000bc33ed28,0x00000000bccc0000)
Event: 0.706 GC heap after
Heap after GC invocations=1 (full 0):
 PSYoungGen      total 18880K, used 2685K [0x00000000eae00000, 0x00000000ec310000, 0x0000000100000000)
  eden space 16192K, 0% used [0x00000000eae00000,0x00000000eae00000,0x00000000ebdd0000)
  from space 2688K, 99% used [0x00000000ebdd0000,0x00000000ec06f780,0x00000000ec070000)
  to   space 2688K, 0% used [0x00000000ec070000,0x00000000ec070000,0x00000000ec310000)
 ParOldGen       total 43264K, used 800K [0x00000000c0a00000, 0x00000000c3440000, 0x00000000eae00000)
  object space 43264K, 1% used [0x00000000c0a00000,0x00000000c0ac8200,0x00000000c3440000)
 PSPermGen       total 21248K, used 11515K [0x00000000bb800000, 0x00000000bccc0000, 0x00000000c0a00000)
  object space 21248K, 54% used [0x00000000bb800000,0x00000000bc33ed28,0x00000000bccc0000)
}
Event: 1.220 GC heap before
{Heap before GC invocations=2 (full 0):
 PSYoungGen      total 18880K, used 18877K [0x00000000eae00000, 0x00000000ec310000, 0x0000000100000000)
  eden space 16192K, 100% used [0x00000000eae00000,0x00000000ebdd0000,0x00000000ebdd0000)
  from space 2688K, 99% used [0x00000000ebdd0000,0x00000000ec06f780,0x00000000ec070000)
  to   space 2688K, 0% used [0x00000000ec070000,0x00000000ec070000,0x00000000ec310000)
 ParOldGen       total 43264K, used 800K [0x00000000c0a00000, 0x00000000c3440000, 0x00000000eae00000)
  object space 43264K, 1% used [0x00000000c0a00000,0x00000000c0ac8200,0x00000000c3440000)
 PSPermGen       total 21248K, used 15649K [0x00000000bb800000, 0x00000000bccc0000, 0x00000000c0a00000)
  object space 21248K, 73% used [0x00000000bb800000,0x00000000bc7486b0,0x00000000bccc0000)
Event: 1.229 GC heap after
Heap after GC invocations=2 (full 0):
 PSYoungGen      total 18880K, used 2680K [0x00000000eae00000, 0x00000000ed2e0000, 0x0000000100000000)
  eden space 16192K, 0% used [0x00000000eae00000,0x00000000eae00000,0x00000000ebdd0000)
  from space 2688K, 99% used [0x00000000ec070000,0x00000000ec30e050,0x00000000ec310000)
  to   space 2688K, 0% used [0x00000000ebdd0000,0x00000000ebdd0000,0x00000000ec070000)
 ParOldGen       total 43264K, used 1731K [0x00000000c0a00000, 0x00000000c3440000, 0x00000000eae00000)
  object space 43264K, 4% used [0x00000000c0a00000,0x00000000c0bb0d48,0x00000000c3440000)
 PSPermGen       total 21248K, used 15649K [0x00000000bb800000, 0x00000000bccc0000, 0x00000000c0a00000)
  object space 21248K, 73% used [0x00000000bb800000,0x00000000bc7486b0,0x00000000bccc0000)
}
Event: 1.478 GC heap before
{Heap before GC invocations=3 (full 0):
 PSYoungGen      total 18880K, used 18872K [0x00000000eae00000, 0x00000000ed2e0000, 0x0000000100000000)
  eden space 16192K, 100% used [0x00000000eae00000,0x00000000ebdd0000,0x00000000ebdd0000)
  from space 2688K, 99% used [0x00000000ec070000,0x00000000ec30e050,0x00000000ec310000)
  to   space 2688K, 0% used [0x00000000ebdd0000,0x00000000ebdd0000,0x00000000ec070000)
 ParOldGen       total 43264K, used 1731K [0x00000000c0a00000, 0x00000000c3440000, 0x00000000eae00000)
  object space 43264K, 4% used [0x00000000c0a00000,0x00000000c0bb0d48,0x00000000c3440000)
 PSPermGen       total 21248K, used 16247K [0x00000000bb800000, 0x00000000bccc0000, 0x00000000c0a00000)
  object space 21248K, 76% used [0x00000000bb800000,0x00000000bc7ddd98,0x00000000bccc0000)
Event: 1.484 GC heap after
Heap after GC invocations=3 (full 0):
 PSYoungGen      total 18880K, used 2684K [0x00000000eae00000, 0x00000000ed2e0000, 0x0000000100000000)
  eden space 16192K, 0% used [0x00000000eae00000,0x00000000eae00000,0x00000000ebdd0000)
  from space 2688K, 99% used [0x00000000ebdd0000,0x00000000ec06f320,0x00000000ec070000)
  to   space 2688K, 0% used [0x00000000ed040000,0x00000000ed040000,0x00000000ed2e0000)
 ParOldGen       total 43264K, used 7648K [0x00000000c0a00000, 0x00000000c3440000, 0x00000000eae00000)
  object space 43264K, 17% used [0x00000000c0a00000,0x00000000c1178058,0x00000000c3440000)
 PSPermGen       total 21248K, used 16247K [0x00000000bb800000, 0x00000000bccc0000, 0x00000000c0a00000)
  object space 21248K, 76% used [0x00000000bb800000,0x00000000bc7ddd98,0x00000000bccc0000)
}
Event: 1.567 GC heap before
{Heap before GC invocations=4 (full 0):
 PSYoungGen      total 18880K, used 17749K [0x00000000eae00000, 0x00000000ed2e0000, 0x0000000100000000)
  eden space 16192K, 93% used [0x00000000eae00000,0x00000000ebcb62a8,0x00000000ebdd0000)
  from space 2688K, 99% used [0x00000000ebdd0000,0x00000000ec06f320,0x00000000ec070000)
  to   space 2688K, 0% used [0x00000000ed040000,0x00000000ed040000,0x00000000ed2e0000)
 ParOldGen       total 43264K, used 7648K [0x00000000c0a00000, 0x00000000c3440000, 0x00000000eae00000)
  object space 43264K, 17% used [0x00000000c0a00000,0x00000000c1178058,0x00000000c3440000)
 PSPermGen       total 21248K, used 16253K [0x00000000bb800000, 0x00000000bccc0000, 0x00000000c0a00000)
  object space 21248K, 76% used [0x00000000bb800000,0x00000000bc7df5a8,0x00000000bccc0000)
Event: 1.572 GC heap after
Heap after GC invocations=4 (full 0):
 PSYoungGen      total 35072K, used 2676K [0x00000000eae00000, 0x00000000ed2e0000, 0x0000000100000000)
  eden space 32384K, 0% used [0x00000000eae00000,0x00000000eae00000,0x00000000ecda0000)
  from space 2688K, 99% used [0x00000000ed040000,0x00000000ed2dd3e8,0x00000000ed2e0000)
  to   space 2688K, 0% used [0x00000000ecda0000,0x00000000ecda0000,0x00000000ed040000)
 ParOldGen       total 43264K, used 12726K [0x00000000c0a00000, 0x00000000c3440000, 0x00000000eae00000)
  object space 43264K, 29% used [0x00000000c0a00000,0x00000000c166da88,0x00000000c3440000)
 PSPermGen       total 21248K, used 16253K [0x00000000bb800000, 0x00000000bccc0000, 0x00000000c0a00000)
  object space 21248K, 76% used [0x00000000bb800000,0x00000000bc7df5a8,0x00000000bccc0000)
}
Event: 1.880 GC heap before
{Heap before GC invocations=5 (full 0):
 PSYoungGen      total 35072K, used 33407K [0x00000000eae00000, 0x00000000ed2e0000, 0x0000000100000000)
  eden space 32384K, 94% used [0x00000000eae00000,0x00000000ecc02a58,0x00000000ecda0000)
  from space 2688K, 99% used [0x00000000ed040000,0x00000000ed2dd3e8,0x00000000ed2e0000)
  to   space 2688K, 0% used [0x00000000ecda0000,0x00000000ecda0000,0x00000000ed040000)
 ParOldGen       total 43264K, used 12726K [0x00000000c0a00000, 0x00000000c3440000, 0x00000000eae00000)
  object space 43264K, 29% used [0x00000000c0a00000,0x00000000c166da88,0x00000000c3440000)
 PSPermGen       total 21248K, used 16403K [0x00000000bb800000, 0x00000000bccc0000, 0x00000000c0a00000)
  object space 21248K, 77% used [0x00000000bb800000,0x00000000bc804d00,0x00000000bccc0000)
Event: 1.888 GC heap after
Heap after GC invocations=5 (full 0):
 PSYoungGen      total 35072K, used 2667K [0x00000000eae00000, 0x00000000f0d80000, 0x0000000100000000)
  eden space 32384K, 0% used [0x00000000eae00000,0x00000000eae00000,0x00000000ecda0000)
  from space 2688K, 99% used [0x00000000ecda0000,0x00000000ed03ac20,0x00000000ed040000)
  to   space 16512K, 0% used [0x00000000efd60000,0x00000000efd60000,0x00000000f0d80000)
 ParOldGen       total 43264K, used 26853K [0x00000000c0a00000, 0x00000000c3440000, 0x00000000eae00000)
  object space 43264K, 62% used [0x00000000c0a00000,0x00000000c24394f0,0x00000000c3440000)
 PSPermGen       total 21248K, used 16403K [0x00000000bb800000, 0x00000000bccc0000, 0x00000000c0a00000)
  object space 21248K, 77% used [0x00000000bb800000,0x00000000bc804d00,0x00000000bccc0000)
}

Deoptimization events (4 events):
Event: 1.157 Thread 0x000000000e3bb000 Uncommon trap -83 fr.pc 0x0000000002541f18
Event: 1.369 Thread 0x000000000a511800 Uncommon trap -83 fr.pc 0x0000000002547440
Event: 1.405 Thread 0x000000000e6cc800 Uncommon trap -28 fr.pc 0x000000000254fef0
Event: 1.411 Thread 0x000000000e6cc800 Uncommon trap -28 fr.pc 0x0000000002552a30

Internal exceptions (10 events):
Event: 1.827 Thread 0x000000000a511800 Threw 0x00000000ec7db9e8 at C:\jdk7u2_64p\jdk7u25\hotspot\src\share\vm\prims\jvm.cpp:1235
Event: 1.828 Thread 0x000000000a511800 Threw 0x00000000ec7e2308 at C:\jdk7u2_64p\jdk7u25\hotspot\src\share\vm\prims\jvm.cpp:1235
Event: 1.828 Thread 0x000000000a511800 Threw 0x00000000ec7e6578 at C:\jdk7u2_64p\jdk7u25\hotspot\src\share\vm\prims\jvm.cpp:1235
Event: 1.828 Thread 0x000000000a511800 Threw 0x00000000ec7eac70 at C:\jdk7u2_64p\jdk7u25\hotspot\src\share\vm\prims\jvm.cpp:1235
Event: 1.829 Thread 0x000000000a511800 Threw 0x00000000ec7ef3d8 at C:\jdk7u2_64p\jdk7u25\hotspot\src\share\vm\prims\jvm.cpp:1235
Event: 1.829 Thread 0x000000000a511800 Threw 0x00000000ec7f33e8 at C:\jdk7u2_64p\jdk7u25\hotspot\src\share\vm\prims\jvm.cpp:1235
Event: 1.830 Thread 0x000000000a511800 Threw 0x00000000ec7f84f8 at C:\jdk7u2_64p\jdk7u25\hotspot\src\share\vm\prims\jvm.cpp:1235
Event: 1.830 Thread 0x000000000a511800 Threw 0x00000000ec7fc0e0 at C:\jdk7u2_64p\jdk7u25\hotspot\src\share\vm\prims\jvm.cpp:1235
Event: 1.831 Thread 0x000000000a511800 Threw 0x00000000ec800590 at C:\jdk7u2_64p\jdk7u25\hotspot\src\share\vm\prims\jvm.cpp:1235
Event: 1.831 Thread 0x000000000a511800 Threw 0x00000000ec8069c8 at C:\jdk7u2_64p\jdk7u25\hotspot\src\share\vm\prims\jvm.cpp:1235

Events (10 events):
Event: 1.987 loading class 0x000000000e78a6e0
Event: 1.987 loading class 0x000000000e78a6e0 done
Event: 1.987 loading class 0x000000000e78ade0
Event: 1.987 loading class 0x000000000e78ade0 done
Event: 1.987 loading class 0x000000000e78be60
Event: 1.987 loading class 0x000000000e78be60 done
Event: 1.987 loading class 0x000000000e78b4a0
Event: 1.987 loading class 0x000000000e78b4a0 done
Event: 1.987 loading class 0x000000000e78b620
Event: 1.987 loading class 0x000000000e78b620 done


Dynamic libraries:
0x000007f718100000 - 0x000007f718133000 	C:\Program Files\Java\jre7\bin\javaw.exe
0x000007fb68c00000 - 0x000007fb68dc0000 	C:\WINDOWS\SYSTEM32\ntdll.dll
0x000007fb66980000 - 0x000007fb66ab6000 	C:\WINDOWS\system32\KERNEL32.DLL
0x000007fb65dd0000 - 0x000007fb65ec3000 	C:\WINDOWS\system32\KERNELBASE.dll
0x000007fb661a0000 - 0x000007fb6627e000 	C:\WINDOWS\system32\ADVAPI32.dll
0x000007fb68820000 - 0x000007fb6896c000 	C:\WINDOWS\system32\USER32.dll
0x000007fb63540000 - 0x000007fb637aa000 	C:\WINDOWS\WinSxS\amd64_microsoft.windows.common-controls_6595b64144ccf1df_6.0.9200.16579_none_418ab7ef718b27ef\COMCTL32.dll
0x000007fb665a0000 - 0x000007fb66645000 	C:\WINDOWS\system32\msvcrt.dll
0x000007fb68000000 - 0x000007fb68048000 	C:\WINDOWS\SYSTEM32\sechost.dll
0x000007fb66650000 - 0x000007fb66790000 	C:\WINDOWS\system32\RPCRT4.dll
0x000007fb66b80000 - 0x000007fb66cc1000 	C:\WINDOWS\system32\GDI32.dll
0x000007fb66ac0000 - 0x000007fb66af9000 	C:\WINDOWS\system32\IMM32.DLL
0x000007fb68050000 - 0x000007fb68165000 	C:\WINDOWS\system32\MSCTF.dll
0x0000000073310000 - 0x00000000733e1000 	C:\Program Files\Java\jre7\bin\msvcr100.dll
0x0000000072c00000 - 0x000000007330f000 	C:\Program Files\Java\jre7\bin\server\jvm.dll
0x000007fb5d750000 - 0x000007fb5d759000 	C:\WINDOWS\SYSTEM32\WSOCK32.dll
0x000007fb61d50000 - 0x000007fb61d70000 	C:\WINDOWS\SYSTEM32\WINMM.dll
0x000007fb68170000 - 0x000007fb68177000 	C:\WINDOWS\system32\PSAPI.DLL
0x000007fb66540000 - 0x000007fb66598000 	C:\WINDOWS\system32\WS2_32.dll
0x000007fb61940000 - 0x000007fb61972000 	C:\WINDOWS\SYSTEM32\WINMMBASE.dll
0x000007fb66b00000 - 0x000007fb66b09000 	C:\WINDOWS\system32\NSI.dll
0x0000000072bf0000 - 0x0000000072bff000 	C:\Program Files\Java\jre7\bin\verify.dll
0x0000000072bc0000 - 0x0000000072be8000 	C:\Program Files\Java\jre7\bin\java.dll
0x0000000072ba0000 - 0x0000000072bb5000 	C:\Program Files\Java\jre7\bin\zip.dll
0x0000000072990000 - 0x0000000072b25000 	C:\Program Files\Java\jre7\bin\awt.dll
0x000007fb68180000 - 0x000007fb68243000 	C:\WINDOWS\system32\OLEAUT32.dll
0x000007fb68670000 - 0x000007fb68820000 	C:\WINDOWS\system32\combase.dll
0x000007fb5d6b0000 - 0x000007fb5d74f000 	C:\WINDOWS\system32\apphelp.dll
0x000007fb63cf0000 - 0x000007fb63d11000 	C:\WINDOWS\system32\DWMAPI.DLL
0x000007fb648b0000 - 0x000007fb64996000 	C:\WINDOWS\system32\uxtheme.dll
0x000007fb5d880000 - 0x000007fb5d915000 	C:\Program Files\Common Files\microsoft shared\ink\tiptsf.dll
0x000007fb68250000 - 0x000007fb683ce000 	C:\WINDOWS\system32\ole32.dll
0x000007fb65920000 - 0x000007fb6592a000 	C:\WINDOWS\SYSTEM32\CRYPTBASE.dll
0x000007fb658c0000 - 0x000007fb6591c000 	C:\WINDOWS\SYSTEM32\bcryptPrimitives.dll
0x000007fb5c700000 - 0x000007fb5c900000 	C:\WINDOWS\system32\d3d9.dll
0x000007fb61e90000 - 0x000007fb61e99000 	C:\WINDOWS\SYSTEM32\VERSION.dll
0x000007fb4d8e0000 - 0x000007fb4ea60000 	C:\WINDOWS\SYSTEM32\nvd3dumx.dll
0x000007fb659a0000 - 0x000007fb659e3000 	C:\WINDOWS\SYSTEM32\powrprof.dll
0x0000000072950000 - 0x000000007298f000 	C:\Program Files\Java\jre7\bin\fontmanager.dll
0x000007fb56020000 - 0x000007fb5605f000 	C:\Program Files\Lenovo\Bluetooth Software\btmmhook.dll
0x000007fb66cd0000 - 0x000007fb67fb0000 	C:\WINDOWS\system32\SHELL32.dll
0x000007fb67fb0000 - 0x000007fb68000000 	C:\WINDOWS\system32\SHLWAPI.dll
0x0000000072b80000 - 0x0000000072b99000 	C:\Program Files\Java\jre7\bin\net.dll
0x000007fb65310000 - 0x000007fb6536c000 	C:\WINDOWS\system32\mswsock.dll
0x0000000072b60000 - 0x0000000072b71000 	C:\Program Files\Java\jre7\bin\nio.dll
0x0000000072900000 - 0x0000000072941000 	C:\Program Files\Java\jre7\bin\t2k.dll
0x000007fb61980000 - 0x000007fb619e9000 	C:\WINDOWS\SYSTEM32\oleacc.dll
0x000007fb66280000 - 0x000007fb66316000 	C:\WINDOWS\SYSTEM32\clbcatq.dll
0x000007fb65370000 - 0x000007fb6538a000 	C:\WINDOWS\SYSTEM32\CRYPTSP.dll
0x000007fb64ff0000 - 0x000007fb6503b000 	C:\WINDOWS\system32\rsaenh.dll
0x000007fb650f0000 - 0x000007fb6510f000 	C:\WINDOWS\SYSTEM32\USERENV.dll
0x000007fb65ac0000 - 0x000007fb65ad5000 	C:\WINDOWS\SYSTEM32\profapi.dll
0x000007fb5af20000 - 0x000007fb5af34000 	C:\WINDOWS\system32\napinsp.dll
0x000007fb5c140000 - 0x000007fb5c158000 	C:\WINDOWS\system32\pnrpnsp.dll
0x000007fb644c0000 - 0x000007fb644d6000 	C:\WINDOWS\system32\NLAapi.dll
0x000007fb65150000 - 0x000007fb651e8000 	C:\WINDOWS\SYSTEM32\DNSAPI.dll
0x000007fb5bad0000 - 0x000007fb5bae2000 	C:\WINDOWS\System32\winrnr.dll
0x000007fb56060000 - 0x000007fb56074000 	C:\WINDOWS\system32\wshbth.dll
0x00000000733f0000 - 0x0000000073425000 	C:\Program Files\Bonjour\mdnsNSP.dll
0x000007fb60100000 - 0x000007fb6012a000 	C:\WINDOWS\SYSTEM32\Iphlpapi.DLL
0x000007fb600e0000 - 0x000007fb600ea000 	C:\WINDOWS\SYSTEM32\WINNSI.DLL
0x000007fb5e5c0000 - 0x000007fb5e5c8000 	C:\Windows\System32\rasadhlp.dll
0x000007fb5fd70000 - 0x000007fb5fdcf000 	C:\WINDOWS\System32\fwpuclnt.dll
0x00000000637c0000 - 0x00000000637ca000 	C:\Users\UR\AppData\Local\Temp\jogamp_0000\file_cache\jln2309000325607501653\jln332480797189870289\gluegen-rt.dll
0x00000000728f0000 - 0x00000000728f7000 	C:\Program Files\Java\jre7\bin\jawt.dll
0x000000006a440000 - 0x000000006a44b000 	C:\Users\UR\AppData\Local\Temp\jogamp_0000\file_cache\jln2309000325607501653\jln332480797189870289\nativewindow_awt.dll
0x000007fb64c80000 - 0x000007fb64d16000 	C:\WINDOWS\SYSTEM32\shcore.dll
0x000000006c100000 - 0x000000006c10b000 	C:\Users\UR\AppData\Local\Temp\jogamp_0000\file_cache\jln2309000325607501653\jln332480797189870289\nativewindow_win32.dll
0x000007fb53370000 - 0x000007fb5348f000 	C:\WINDOWS\SYSTEM32\OpenGL32.dll
0x000007fb53800000 - 0x000007fb5382c000 	C:\WINDOWS\SYSTEM32\GLU32.dll
0x000007fb53280000 - 0x000007fb5336a000 	C:\WINDOWS\SYSTEM32\DDRAW.dll
0x000007fb640f0000 - 0x000007fb640f8000 	C:\WINDOWS\SYSTEM32\DCIMAN32.dll
0x0000000064500000 - 0x000000006458e000 	C:\Users\UR\AppData\Local\Temp\jogamp_0000\file_cache\jln2309000325607501653\jln332480797189870289\jogl_desktop.dll
0x0000000070f90000 - 0x00000000728e1000 	C:\WINDOWS\SYSTEM32\nvoglv64.DLL
0x000007fb667b0000 - 0x000007fb66980000 	C:\WINDOWS\system32\SETUPAPI.dll
0x000007fb65f80000 - 0x000007fb65fcf000 	C:\WINDOWS\system32\CFGMGR32.dll
0x000007fb65fd0000 - 0x000007fb65ff2000 	C:\WINDOWS\system32\DEVOBJ.dll
0x000007fb65d70000 - 0x000007fb65dc5000 	C:\WINDOWS\system32\WINTRUST.dll
0x000007fb65b90000 - 0x000007fb65d61000 	C:\WINDOWS\system32\CRYPT32.dll
0x000007fb65b70000 - 0x000007fb65b86000 	C:\WINDOWS\system32\MSASN1.dll
0x000007fb5f5c0000 - 0x000007fb5f5ee000 	C:\WINDOWS\SYSTEM32\ntmarta.dll
0x0000000070f60000 - 0x0000000070f90000 	C:\Program Files\Java\jre7\bin\jpeg.dll
0x000007fb59b20000 - 0x000007fb59c83000 	C:\WINDOWS\SYSTEM32\dbghelp.dll

VM Arguments:
jvm_args: -Djava.security.policy=java.policy.applet -Dfile.encoding=GBK 
java_command: sun.applet.AppletViewer CloneIris.ColorPicking1376648402549.html
Launcher Type: SUN_STANDARD

Environment Variables:
PATH=C:\Program Files (x86)\NVIDIA Corporation\PhysX\Common;C:\Program Files (x86)\Intel\iCLS Client\;C:\Program Files\Intel\iCLS Client\;C:\WINDOWS\system32;C:\WINDOWS;C:\WINDOWS\System32\Wbem;C:\WINDOWS\System32\WindowsPowerShell\v1.0\;C:\Program Files\Intel\Intel(R) Management Engine Components\DAL;C:\Program Files\Intel\Intel(R) Management Engine Components\IPT;C:\Program Files (x86)\Intel\Intel(R) Management Engine Components\DAL;C:\Program Files (x86)\Intel\Intel(R) Management Engine Components\IPT;C:\Program Files\Lenovo\Bluetooth Software\;C:\Program Files\Lenovo\Bluetooth Software\syswow64;C:\Program Files\Microsoft\Web Platform Installer\;C:\Program Files (x86)\Microsoft ASP.NET\ASP.NET Web Pages\v1.0\;C:\Program Files (x86)\Windows Kits\8.0\Windows Performance Toolkit\;C:\Program Files\Microsoft SQL Server\110\Tools\Binn\;C:\Program Files (x86)\Microsoft SQL Server\100\Tools\Binn\;C:\Program Files\Microsoft SQL Server\100\Tools\Binn\;C:\Program Files\Microsoft SQL Server\100\DTS\Binn\;C:\Program Files (x86)\Microsoft SDKs\Windows\v7.0A\Bin
USERNAME=UR
OS=Windows_NT
PROCESSOR_IDENTIFIER=Intel64 Family 6 Model 58 Stepping 9, GenuineIntel



---------------  S Y S T E M  ---------------

OS: Windows 8 , 64 bit Build 9200 

CPU:total 4 (2 cores per cpu, 2 threads per core) family 6 model 58 stepping 9, cmov, cx8, fxsr, mmx, sse, sse2, sse3, ssse3, sse4.1, sse4.2, popcnt, avx, ht, tsc, tscinvbit, tscinv

Memory: 4k page, physical 4148708k(1090296k free), swap 13085560k(2654208k free)

vm_info: Java HotSpot(TM) 64-Bit Server VM (23.25-b01) for windows-amd64 JRE (1.7.0_25-b17), built on Jun 21 2013 12:58:32 by "java_re" with unknown MS VC++:1600

time: Fri Aug 16 18:20:04 2013
elapsed time: 2 seconds

