#
# A fatal error has been detected by the Java Runtime Environment:
#
#  EXCEPTION_ACCESS_VIOLATION (0xc0000005) at pc=0x00000000589c684e, pid=3048, tid=4940
#
# JRE version: 7.0_25-b17
# Java VM: Java HotSpot(TM) 64-Bit Server VM (23.25-b01 mixed mode windows-amd64 compressed oops)
# Problematic frame:
# V  [jvm.dll+0xf684e]
#
# Failed to write core dump. Minidumps are not enabled by default on client versions of Windows
#
# If you would like to submit a bug report, please visit:
#   http://bugreport.sun.com/bugreport/crash.jsp
#

---------------  T H R E A D  ---------------

Current thread (0x0000000008d37000):  JavaThread "Finalizer" daemon [_thread_in_vm, id=4940, stack(0x000000000a050000,0x000000000a150000)]

siginfo: ExceptionCode=0xc0000005, reading address 0x0000000000000000

Registers:
RAX=0x0000000000000000, RBX=0x0000000008d37000, RCX=0x0000000000000700, RDX=0x000000000aae96a0
RSP=0x000000000a14e440, RBP=0x0000000000000000, RSI=0x000000000aae96a0, RDI=0x00000000c2894401
R8 =0x0000000000000000, R9 =0x00000000f8358470, R10=0x000000000000011e, R11=0x0000000058f6db68
R12=0x0000000000000000, R13=0x00000000bc8b84b8, R14=0x000000000a14e738, R15=0x0000000008d37000
RIP=0x00000000589c684e, EFLAGS=0x0000000000010206

Top of Stack: (sp=0x000000000a14e440)
0x000000000a14e440:   0000000000000000 00000000c2894438
0x000000000a14e450:   0000000000000002 000000000a14e4f0
0x000000000a14e460:   00000000c2894438 0000000180001419
0x000000000a14e470:   00000000bc8b84b8 000000000a14e4f0
0x000000000a14e480:   0000000000000002 00000001800012f8
0x000000000a14e490:   000000000a14e4b0 000000000295237c
0x000000000a14e4a0:   0000000058a89860 00000001800012c2
0x000000000a14e4b0:   0000000058a89860 0000000180001289
0x000000000a14e4c0:   00000000bc8b84b8 000000005897e2eb
0x000000000a14e4d0:   000000000a14e520 000000000a14e600
0x000000000a14e4e0:   0000000014e264d0 0000000058b2d04d
0x000000000a14e4f0:   0000000100000001 000000000a14e4b0
0x000000000a14e500:   0000000180026310 00000000bb802db0
0x000000000a14e510:   000000000a14e4c0 0000000000000000
0x000000000a14e520:   0000000000000000 0000000000000000
0x000000000a14e530:   000000000a14e4b0 0000000000000001 

Instructions: (pc=0x00000000589c684e)
0x00000000589c682e:   00 00 00 30 74 08 48 8b cb e8 d4 5f 0d 00 c7 83
0x00000000589c683e:   50 02 00 00 06 00 00 00 40 b7 01 48 85 f6 74 64
0x00000000589c684e:   48 8b 4d 00 40 32 ff e8 56 f1 f3 ff 48 8b d0 48
0x00000000589c685e:   85 c0 74 50 40 38 3d 2f 65 5a 00 48 8b 06 74 15 


Register to memory mapping:

RAX=0x0000000000000000 is an unknown value
RBX=0x0000000008d37000 is a thread
RCX=0x0000000000000700 is an unknown value
RDX=0x000000000aae96a0 is an unknown value
RSP=0x000000000a14e440 is pointing into the stack for thread: 0x0000000008d37000
RBP=0x0000000000000000 is an unknown value
RSI=0x000000000aae96a0 is an unknown value
RDI=0x00000000c2894401 is an oop
[Ljava.lang.Object; 
 - klass: 'java/lang/Object'[]
 - length: 10
R8 =0x0000000000000000 is an unknown value
R9 =0x00000000f8358470 is an oop
com.sun.jna.Function 
 - klass: 'com/sun/jna/Function'
R10=0x000000000000011e is an unknown value
R11=0x0000000058f6db68 is an unknown value
R12=0x0000000000000000 is an unknown value
R13=0x00000000bc8b84b8 is an oop
{method} 
 - klass: {other class}
R14=0x000000000a14e738 is pointing into the stack for thread: 0x0000000008d37000
R15=0x0000000008d37000 is a thread


Stack: [0x000000000a050000,0x000000000a150000],  sp=0x000000000a14e440,  free space=1017k
Native frames: (J=compiled Java code, j=interpreted, Vv=VM code, C=native code)
V  [jvm.dll+0xf684e]

[error occurred during error reporting (printing native stack), id 0xc0000005]

Java frames: (J=compiled Java code, j=interpreted, Vv=VM code)
j  com.sun.jna.Function.invokeVoid(I[Ljava/lang/Object;)V+0
j  com.sun.jna.Function.invoke([Ljava/lang/Object;Ljava/lang/Class;Z)Ljava/lang/Object;+45
j  com.sun.jna.Function.invoke(Ljava/lang/Class;[Ljava/lang/Object;Ljava/util/Map;)Ljava/lang/Object;+214
j  com.sun.jna.Library$Handler.invoke(Ljava/lang/Object;Ljava/lang/reflect/Method;[Ljava/lang/Object;)Ljava/lang/Object;+341
j  com.sun.proxy.$Proxy13.gst_mini_object_unref(Lcom/sun/jna/Pointer;)V+16
j  org.gstreamer.MiniObject.disposeNativeHandle(Lcom/sun/jna/Pointer;)V+4
j  org.gstreamer.lowlevel.NativeObject.dispose()V+86
j  org.gstreamer.lowlevel.NativeObject.finalize()V+49
v  ~StubRoutines::call_stub
j  java.lang.ref.Finalizer.invokeFinalizeMethod(Ljava/lang/Object;)V+0
j  java.lang.ref.Finalizer.runFinalizer()V+45
j  java.lang.ref.Finalizer.access$100(Ljava/lang/ref/Finalizer;)V+1
j  java.lang.ref.Finalizer$FinalizerThread.run()V+24
v  ~StubRoutines::call_stub

---------------  P R O C E S S  ---------------

Java Threads: ( => current thread )
  0x000000000e81a800 JavaThread "gstreamer service thread 1" daemon [_thread_blocked, id=52, stack(0x0000000012340000,0x0000000012440000)]
  0x000000000e79a000 JavaThread "Animation Thread" [_thread_blocked, id=7848, stack(0x000000000dfd0000,0x000000000e0d0000)]
  0x000000000e779000 JavaThread "AWT-EventQueue-1" [_thread_blocked, id=7208, stack(0x000000000ee30000,0x000000000ef30000)]
  0x000000000273e800 JavaThread "DestroyJavaVM" [_thread_blocked, id=8160, stack(0x0000000002740000,0x0000000002840000)]
  0x000000000a985800 JavaThread "AWT-EventQueue-0" [_thread_blocked, id=5096, stack(0x000000000c790000,0x000000000c890000)]
  0x000000000a8c6000 JavaThread "thread applet-CloneIris.Mouse_RowSelection_LimitedMove.class" [_thread_blocked, id=7796, stack(0x000000000c690000,0x000000000c790000)]
  0x000000000a8a2000 JavaThread "AWT-Shutdown" [_thread_blocked, id=7308, stack(0x000000000ae40000,0x000000000af40000)]
  0x000000000a812000 JavaThread "Java2D Disposer" daemon [_thread_blocked, id=6124, stack(0x000000000ad40000,0x000000000ae40000)]
  0x0000000008dcf000 JavaThread "Service Thread" daemon [_thread_blocked, id=7108, stack(0x000000000a550000,0x000000000a650000)]
  0x0000000008dc7800 JavaThread "C2 CompilerThread1" daemon [_thread_blocked, id=7748, stack(0x000000000a450000,0x000000000a550000)]
  0x0000000008dc3000 JavaThread "C2 CompilerThread0" daemon [_thread_blocked, id=6812, stack(0x000000000a350000,0x000000000a450000)]
  0x0000000008dc0000 JavaThread "Attach Listener" daemon [_thread_blocked, id=2744, stack(0x000000000a250000,0x000000000a350000)]
  0x0000000008dbd000 JavaThread "Signal Dispatcher" daemon [_thread_blocked, id=7312, stack(0x000000000a150000,0x000000000a250000)]
=>0x0000000008d37000 JavaThread "Finalizer" daemon [_thread_in_vm, id=4940, stack(0x000000000a050000,0x000000000a150000)]
  0x0000000008d2e000 JavaThread "Reference Handler" daemon [_thread_blocked, id=7408, stack(0x0000000009f50000,0x000000000a050000)]

Other Threads:
  0x0000000008d25800 VMThread [stack: 0x0000000009e50000,0x0000000009f50000] [id=5600]

VM state:synchronizing (normal execution)

VM Mutex/Monitor currently owned by a thread:  ([mutex/lock_event])
[0x000000000273bb30] Threads_lock - owner thread: 0x0000000008d25800

Heap
 PSYoungGen      total 216192K, used 53601K [0x00000000eae00000, 0x00000000fd4b0000, 0x0000000100000000)
  eden space 132800K, 1% used [0x00000000eae00000,0x00000000eb074df0,0x00000000f2fb0000)
  from space 83392K, 61% used [0x00000000f8340000,0x00000000fb5238a0,0x00000000fd4b0000)
  to   space 84480K, 0% used [0x00000000f2fb0000,0x00000000f2fb0000,0x00000000f8230000)
 ParOldGen       total 289536K, used 198480K [0x00000000c0a00000, 0x00000000d24c0000, 0x00000000eae00000)
  object space 289536K, 68% used [0x00000000c0a00000,0x00000000ccbd4348,0x00000000d24c0000)
 PSPermGen       total 32320K, used 19731K [0x00000000bb800000, 0x00000000bd790000, 0x00000000c0a00000)
  object space 32320K, 61% used [0x00000000bb800000,0x00000000bcb44e60,0x00000000bd790000)

Card table byte_map: [0x0000000005a00000,0x0000000005c30000] byte_map_base: 0x0000000005424000

Polling page: 0x00000000022e0000

Code Cache  [0x0000000002940000, 0x0000000002bb0000, 0x0000000005940000)
 total_blobs=1360 nmethods=593 adapters=718 free_code_cache=47060Kb largest_free_block=48136768

Compilation events (10 events):
Event: 32.038 Thread 0x0000000008dc7800  600             sun.awt.AppContext::getAppContext (51 bytes)
Event: 32.045 Thread 0x0000000008dc7800 nmethod 600 0x0000000002b244d0 code [0x0000000002b24660, 0x0000000002b24a88]
Event: 32.639 Thread 0x0000000008dc3000  601             java.nio.ByteBuffer::order (48 bytes)
Event: 32.640 Thread 0x0000000008dc3000 nmethod 601 0x0000000002b24290 code [0x0000000002b243c0, 0x0000000002b24438]
Event: 34.093 Thread 0x0000000008dc7800  604             java.util.Random::next (47 bytes)
Event: 34.097 Thread 0x0000000008dc7800 nmethod 604 0x0000000002b4d410 code [0x0000000002b4d540, 0x0000000002b4d618]
Event: 34.118 Thread 0x0000000008dc3000  605   !         com.sun.jna.Native::findEnclosingLibraryClass (125 bytes)
Event: 34.139 Thread 0x0000000008dc3000 nmethod 605 0x0000000002b52c10 code [0x0000000002b52e40, 0x0000000002b53f40]
Event: 34.222 Thread 0x0000000008dc7800  606             com.sun.jna.Function::invoke (526 bytes)
Event: 34.294 Thread 0x0000000008dc7800 nmethod 606 0x0000000002b54d50 code [0x0000000002b55040, 0x0000000002b56848]

GC Heap History (10 events):
Event: 24.224 GC heap before
{Heap before GC invocations=26 (full 4):
 PSYoungGen      total 198080K, used 165110K [0x00000000eae00000, 0x00000000fcc30000, 0x0000000100000000)
  eden space 113536K, 100% used [0x00000000eae00000,0x00000000f1ce0000,0x00000000f1ce0000)
  from space 84544K, 61% used [0x00000000f1ce0000,0x00000000f4f3dab0,0x00000000f6f70000)
  to   space 85632K, 0% used [0x00000000f7890000,0x00000000f7890000,0x00000000fcc30000)
 ParOldGen       total 289536K, used 198480K [0x00000000c0a00000, 0x00000000d24c0000, 0x00000000eae00000)
  object space 289536K, 68% used [0x00000000c0a00000,0x00000000ccbd4348,0x00000000d24c0000)
 PSPermGen       total 32320K, used 19646K [0x00000000bb800000, 0x00000000bd790000, 0x00000000c0a00000)
  object space 32320K, 60% used [0x00000000bb800000,0x00000000bcb2f948,0x00000000bd790000)
Event: 24.238 GC heap after
Heap after GC invocations=26 (full 4):
 PSYoungGen      total 206784K, used 51734K [0x00000000eae00000, 0x00000000fccb0000, 0x0000000100000000)
  eden space 121152K, 0% used [0x00000000eae00000,0x00000000eae00000,0x00000000f2450000)
  from space 85632K, 60% used [0x00000000f7890000,0x00000000fab15ab0,0x00000000fcc30000)
  to   space 86208K, 0% used [0x00000000f2450000,0x00000000f2450000,0x00000000f7880000)
 ParOldGen       total 289536K, used 198480K [0x00000000c0a00000, 0x00000000d24c0000, 0x00000000eae00000)
  object space 289536K, 68% used [0x00000000c0a00000,0x00000000ccbd4348,0x00000000d24c0000)
 PSPermGen       total 32320K, used 19646K [0x00000000bb800000, 0x00000000bd790000, 0x00000000c0a00000)
  object space 32320K, 60% used [0x00000000bb800000,0x00000000bcb2f948,0x00000000bd790000)
}
Event: 26.632 GC heap before
{Heap before GC invocations=27 (full 4):
 PSYoungGen      total 206784K, used 172886K [0x00000000eae00000, 0x00000000fccb0000, 0x0000000100000000)
  eden space 121152K, 100% used [0x00000000eae00000,0x00000000f2450000,0x00000000f2450000)
  from space 85632K, 60% used [0x00000000f7890000,0x00000000fab15ab0,0x00000000fcc30000)
  to   space 86208K, 0% used [0x00000000f2450000,0x00000000f2450000,0x00000000f7880000)
 ParOldGen       total 289536K, used 198480K [0x00000000c0a00000, 0x00000000d24c0000, 0x00000000eae00000)
  object space 289536K, 68% used [0x00000000c0a00000,0x00000000ccbd4348,0x00000000d24c0000)
 PSPermGen       total 32320K, used 19651K [0x00000000bb800000, 0x00000000bd790000, 0x00000000c0a00000)
  object space 32320K, 60% used [0x00000000bb800000,0x00000000bcb30db0,0x00000000bd790000)
Event: 26.644 GC heap after
Heap after GC invocations=27 (full 4):
 PSYoungGen      total 207360K, used 51574K [0x00000000eae00000, 0x00000000fd3e0000, 0x0000000100000000)
  eden space 121152K, 0% used [0x00000000eae00000,0x00000000eae00000,0x00000000f2450000)
  from space 86208K, 59% used [0x00000000f2450000,0x00000000f56adab0,0x00000000f7880000)
  to   space 86272K, 0% used [0x00000000f7fa0000,0x00000000f7fa0000,0x00000000fd3e0000)
 ParOldGen       total 289536K, used 198480K [0x00000000c0a00000, 0x00000000d24c0000, 0x00000000eae00000)
  object space 289536K, 68% used [0x00000000c0a00000,0x00000000ccbd4348,0x00000000d24c0000)
 PSPermGen       total 32320K, used 19651K [0x00000000bb800000, 0x00000000bd790000, 0x00000000c0a00000)
  object space 32320K, 60% used [0x00000000bb800000,0x00000000bcb30db0,0x00000000bd790000)
}
Event: 29.367 GC heap before
{Heap before GC invocations=28 (full 4):
 PSYoungGen      total 207360K, used 172726K [0x00000000eae00000, 0x00000000fd3e0000, 0x0000000100000000)
  eden space 121152K, 100% used [0x00000000eae00000,0x00000000f2450000,0x00000000f2450000)
  from space 86208K, 59% used [0x00000000f2450000,0x00000000f56adab0,0x00000000f7880000)
  to   space 86272K, 0% used [0x00000000f7fa0000,0x00000000f7fa0000,0x00000000fd3e0000)
 ParOldGen       total 289536K, used 198480K [0x00000000c0a00000, 0x00000000d24c0000, 0x00000000eae00000)
  object space 289536K, 68% used [0x00000000c0a00000,0x00000000ccbd4348,0x00000000d24c0000)
 PSPermGen       total 32320K, used 19661K [0x00000000bb800000, 0x00000000bd790000, 0x00000000c0a00000)
  object space 32320K, 60% used [0x00000000bb800000,0x00000000bcb335c8,0x00000000bd790000)
Event: 29.385 GC heap after
Heap after GC invocations=28 (full 4):
 PSYoungGen      total 213120K, used 51510K [0x00000000eae00000, 0x00000000fd2d0000, 0x0000000100000000)
  eden space 127936K, 0% used [0x00000000eae00000,0x00000000eae00000,0x00000000f2af0000)
  from space 85184K, 60% used [0x00000000f7fa0000,0x00000000fb1edab0,0x00000000fd2d0000)
  to   space 85952K, 0% used [0x00000000f2af0000,0x00000000f2af0000,0x00000000f7ee0000)
 ParOldGen       total 289536K, used 198480K [0x00000000c0a00000, 0x00000000d24c0000, 0x00000000eae00000)
  object space 289536K, 68% used [0x00000000c0a00000,0x00000000ccbd4348,0x00000000d24c0000)
 PSPermGen       total 32320K, used 19661K [0x00000000bb800000, 0x00000000bd790000, 0x00000000c0a00000)
  object space 32320K, 60% used [0x00000000bb800000,0x00000000bcb335c8,0x00000000bd790000)
}
Event: 31.555 GC heap before
{Heap before GC invocations=29 (full 4):
 PSYoungGen      total 213120K, used 179446K [0x00000000eae00000, 0x00000000fd2d0000, 0x0000000100000000)
  eden space 127936K, 100% used [0x00000000eae00000,0x00000000f2af0000,0x00000000f2af0000)
  from space 85184K, 60% used [0x00000000f7fa0000,0x00000000fb1edab0,0x00000000fd2d0000)
  to   space 85952K, 0% used [0x00000000f2af0000,0x00000000f2af0000,0x00000000f7ee0000)
 ParOldGen       total 289536K, used 198480K [0x00000000c0a00000, 0x00000000d24c0000, 0x00000000eae00000)
  object space 289536K, 68% used [0x00000000c0a00000,0x00000000ccbd4348,0x00000000d24c0000)
 PSPermGen       total 32320K, used 19666K [0x00000000bb800000, 0x00000000bd790000, 0x00000000c0a00000)
  object space 32320K, 60% used [0x00000000bb800000,0x00000000bcb349f0,0x00000000bd790000)
Event: 31.568 GC heap after
Heap after GC invocations=29 (full 4):
 PSYoungGen      total 213888K, used 51734K [0x00000000eae00000, 0x00000000fd6b0000, 0x0000000100000000)
  eden space 127936K, 0% used [0x00000000eae00000,0x00000000eae00000,0x00000000f2af0000)
  from space 85952K, 60% used [0x00000000f2af0000,0x00000000f5d75ab0,0x00000000f7ee0000)
  to   space 85440K, 0% used [0x00000000f8340000,0x00000000f8340000,0x00000000fd6b0000)
 ParOldGen       total 289536K, used 198480K [0x00000000c0a00000, 0x00000000d24c0000, 0x00000000eae00000)
  object space 289536K, 68% used [0x00000000c0a00000,0x00000000ccbd4348,0x00000000d24c0000)
 PSPermGen       total 32320K, used 19666K [0x00000000bb800000, 0x00000000bd790000, 0x00000000c0a00000)
  object space 32320K, 60% used [0x00000000bb800000,0x00000000bcb349f0,0x00000000bd790000)
}
Event: 34.229 GC heap before
{Heap before GC invocations=30 (full 4):
 PSYoungGen      total 213888K, used 179670K [0x00000000eae00000, 0x00000000fd6b0000, 0x0000000100000000)
  eden space 127936K, 100% used [0x00000000eae00000,0x00000000f2af0000,0x00000000f2af0000)
  from space 85952K, 60% used [0x00000000f2af0000,0x00000000f5d75ab0,0x00000000f7ee0000)
  to   space 85440K, 0% used [0x00000000f8340000,0x00000000f8340000,0x00000000fd6b0000)
 ParOldGen       total 289536K, used 198480K [0x00000000c0a00000, 0x00000000d24c0000, 0x00000000eae00000)
  object space 289536K, 68% used [0x00000000c0a00000,0x00000000ccbd4348,0x00000000d24c0000)
 PSPermGen       total 32320K, used 19725K [0x00000000bb800000, 0x00000000bd790000, 0x00000000c0a00000)
  object space 32320K, 61% used [0x00000000bb800000,0x00000000bcb43798,0x00000000bd790000)
Event: 34.247 GC heap after
Heap after GC invocations=30 (full 4):
 PSYoungGen      total 216192K, used 51086K [0x00000000eae00000, 0x00000000fd4b0000, 0x0000000100000000)
  eden space 132800K, 0% used [0x00000000eae00000,0x00000000eae00000,0x00000000f2fb0000)
  from space 83392K, 61% used [0x00000000f8340000,0x00000000fb5238a0,0x00000000fd4b0000)
  to   space 84480K, 0% used [0x00000000f2fb0000,0x00000000f2fb0000,0x00000000f8230000)
 ParOldGen       total 289536K, used 198480K [0x00000000c0a00000, 0x00000000d24c0000, 0x00000000eae00000)
  object space 289536K, 68% used [0x00000000c0a00000,0x00000000ccbd4348,0x00000000d24c0000)
 PSPermGen       total 32320K, used 19725K [0x00000000bb800000, 0x00000000bd790000, 0x00000000c0a00000)
  object space 32320K, 61% used [0x00000000bb800000,0x00000000bcb43798,0x00000000bd790000)
}

Deoptimization events (10 events):
Event: 31.275 Thread 0x000000000e81a000 Uncommon trap -12 fr.pc 0x0000000002b49acc
Event: 34.007 Thread 0x000000000e79a000 Uncommon trap -83 fr.pc 0x0000000002b001e0
Event: 34.023 Thread 0x000000000e79a000 Uncommon trap -58 fr.pc 0x0000000002b3181c
Event: 34.023 Thread 0x000000000e79a000 Uncommon trap -58 fr.pc 0x0000000002b3181c
Event: 34.024 Thread 0x000000000e79a000 Uncommon trap -58 fr.pc 0x0000000002b3181c
Event: 34.024 Thread 0x000000000e79a000 Uncommon trap -58 fr.pc 0x0000000002b3181c
Event: 34.247 Thread 0x000000000ec14000 Uncommon trap -12 fr.pc 0x0000000002b24780
Event: 34.250 Thread 0x0000000008d37000 Uncommon trap -58 fr.pc 0x0000000002a3a27c
Event: 34.250 Thread 0x0000000008d37000 Uncommon trap -58 fr.pc 0x0000000002a3a27c
Event: 34.250 Thread 0x0000000008d37000 Uncommon trap -58 fr.pc 0x0000000002a3a27c

Internal exceptions (10 events):
Event: 24.098 Thread 0x000000000e81a000 Implicit null exception at 0x0000000002b342e5 to 0x0000000002b34f75
Event: 24.098 Thread 0x000000000e81a000 Implicit null exception at 0x0000000002b342e5 to 0x0000000002b34f75
Event: 31.275 Thread 0x000000000e81a000 Implicit null exception at 0x0000000002b496e8 to 0x0000000002b49ab5
Event: 34.011 Thread 0x000000000e79a000 Threw 0x00000000f221ae08 at C:\jdk7u2_64p\jdk7u25\hotspot\src\share\vm\prims\jvm.cpp:1235
Event: 34.013 Thread 0x000000000e79a000 Threw 0x00000000f2222300 at C:\jdk7u2_64p\jdk7u25\hotspot\src\share\vm\prims\jvm.cpp:1235
Event: 34.015 Thread 0x000000000e79a000 Threw 0x00000000f2226b10 at C:\jdk7u2_64p\jdk7u25\hotspot\src\share\vm\prims\jvm.cpp:1235
Event: 34.017 Thread 0x000000000e79a000 Threw 0x00000000f222e580 at C:\jdk7u2_64p\jdk7u25\hotspot\src\share\vm\prims\jvm.cpp:1235
Event: 34.018 Thread 0x000000000e79a000 Threw 0x00000000f22324d0 at C:\jdk7u2_64p\jdk7u25\hotspot\src\share\vm\prims\jvm.cpp:1235
Event: 34.020 Thread 0x000000000e79a000 Threw 0x00000000f22357b8 at C:\jdk7u2_64p\jdk7u25\hotspot\src\share\vm\prims\jvm.cpp:1235
Event: 34.021 Thread 0x000000000e79a000 Threw 0x00000000f223a350 at C:\jdk7u2_64p\jdk7u25\hotspot\src\share\vm\prims\jvm.cpp:1235

Events (10 events):
Event: 34.250 Thread 0x0000000008d37000 DEOPT UNPACKING pc=0x0000000002979164 sp=0x000000000a14e928 mode 2
Event: 34.250 loading class 0x000000000a914780 done
Event: 34.252 Thread 0x000000000ec14000 Thread exited: 0x000000000ec14000
Event: 34.254 loading class 0x000000000a8c2340
Event: 34.254 loading class 0x000000000a8c2340 done
Event: 34.254 Thread 0x000000000ec17000 Thread exited: 0x000000000ec17000
Event: 34.257 Thread 0x000000000e81a000 Thread exited: 0x000000000e81a000
Event: 34.273 Thread 0x000000000a8a2800 Thread exited: 0x000000000a8a2800
Event: 34.351 Thread 0x000000000e81d000 Thread exited: 0x000000000e81d000
Event: 34.353 Executing VM operation: Exit


Dynamic libraries:
0x000007f7c4350000 - 0x000007f7c4383000 	C:\Program Files\Java\jre7\bin\javaw.exe
0x000007fa1df10000 - 0x000007fa1e0d0000 	C:\WINDOWS\SYSTEM32\ntdll.dll
0x000007fa1d410000 - 0x000007fa1d546000 	C:\WINDOWS\system32\KERNEL32.DLL
0x000007fa1b200000 - 0x000007fa1b2f3000 	C:\WINDOWS\system32\KERNELBASE.dll
0x000007fa1b4a0000 - 0x000007fa1b57e000 	C:\WINDOWS\system32\ADVAPI32.dll
0x000007fa1b350000 - 0x000007fa1b49c000 	C:\WINDOWS\system32\USER32.dll
0x000007fa16cc0000 - 0x000007fa16f2a000 	C:\WINDOWS\WinSxS\amd64_microsoft.windows.common-controls_6595b64144ccf1df_6.0.9200.16579_none_418ab7ef718b27ef\COMCTL32.dll
0x000007fa1ce90000 - 0x000007fa1cf35000 	C:\WINDOWS\system32\msvcrt.dll
0x000007fa1d6b0000 - 0x000007fa1d6f8000 	C:\WINDOWS\SYSTEM32\sechost.dll
0x000007fa1d700000 - 0x000007fa1d845000 	C:\WINDOWS\system32\RPCRT4.dll
0x000007fa1dc80000 - 0x000007fa1ddc1000 	C:\WINDOWS\system32\GDI32.dll
0x000007fa1b300000 - 0x000007fa1b339000 	C:\WINDOWS\system32\IMM32.DLL
0x000007fa1b700000 - 0x000007fa1b815000 	C:\WINDOWS\system32\MSCTF.dll
0x0000000058fe0000 - 0x00000000590b1000 	C:\Program Files\Java\jre7\bin\msvcr100.dll
0x00000000588d0000 - 0x0000000058fdf000 	C:\Program Files\Java\jre7\bin\server\jvm.dll
0x000007fa10f80000 - 0x000007fa10f89000 	C:\WINDOWS\SYSTEM32\WSOCK32.dll
0x000007fa17500000 - 0x000007fa17520000 	C:\WINDOWS\SYSTEM32\WINMM.dll
0x000007fa1deb0000 - 0x000007fa1deb7000 	C:\WINDOWS\system32\PSAPI.DLL
0x000007fa1ce30000 - 0x000007fa1ce88000 	C:\WINDOWS\system32\WS2_32.dll
0x000007fa16c40000 - 0x000007fa16c72000 	C:\WINDOWS\SYSTEM32\WINMMBASE.dll
0x000007fa1b340000 - 0x000007fa1b349000 	C:\WINDOWS\system32\NSI.dll
0x00000000588c0000 - 0x00000000588cf000 	C:\Program Files\Java\jre7\bin\verify.dll
0x0000000058890000 - 0x00000000588b8000 	C:\Program Files\Java\jre7\bin\java.dll
0x0000000058870000 - 0x0000000058885000 	C:\Program Files\Java\jre7\bin\zip.dll
0x0000000058640000 - 0x00000000587d5000 	C:\Program Files\Java\jre7\bin\awt.dll
0x000007fa1ddd0000 - 0x000007fa1de93000 	C:\WINDOWS\system32\OLEAUT32.dll
0x000007fa1b820000 - 0x000007fa1b9d0000 	C:\WINDOWS\system32\combase.dll
0x000007fa10f90000 - 0x000007fa1102f000 	C:\WINDOWS\system32\apphelp.dll
0x000007fa16c80000 - 0x000007fa16ca1000 	C:\WINDOWS\system32\DWMAPI.DLL
0x000007fa19bb0000 - 0x000007fa19c96000 	C:\WINDOWS\system32\uxtheme.dll
0x000007fa11080000 - 0x000007fa11115000 	C:\Program Files\Common Files\microsoft shared\ink\tiptsf.dll
0x000007fa1b580000 - 0x000007fa1b6fe000 	C:\WINDOWS\system32\ole32.dll
0x000007fa1ac20000 - 0x000007fa1ac2a000 	C:\WINDOWS\SYSTEM32\CRYPTBASE.dll
0x000007fa1abc0000 - 0x000007fa1ac1c000 	C:\WINDOWS\SYSTEM32\bcryptPrimitives.dll
0x000007fa17bf0000 - 0x000007fa17bf9000 	C:\WINDOWS\SYSTEM32\VERSION.dll
0x000007fa1aca0000 - 0x000007fa1ace3000 	C:\WINDOWS\SYSTEM32\powrprof.dll
0x0000000058600000 - 0x000000005863f000 	C:\Program Files\Java\jre7\bin\fontmanager.dll
0x000007fa09a80000 - 0x000007fa09abf000 	C:\Program Files\Lenovo\Bluetooth Software\btmmhook.dll
0x000007fa1b9e0000 - 0x000007fa1ccc0000 	C:\WINDOWS\system32\SHELL32.dll
0x000007fa1dec0000 - 0x000007fa1df10000 	C:\WINDOWS\system32\SHLWAPI.dll
0x0000000058850000 - 0x0000000058869000 	C:\Program Files\Java\jre7\bin\net.dll
0x000007fa1a610000 - 0x000007fa1a66c000 	C:\WINDOWS\system32\mswsock.dll
0x0000000058830000 - 0x0000000058841000 	C:\Program Files\Java\jre7\bin\nio.dll
0x00000000585b0000 - 0x00000000585f1000 	C:\Program Files\Java\jre7\bin\t2k.dll
0x000007fa15df0000 - 0x000007fa15e59000 	C:\WINDOWS\SYSTEM32\oleacc.dll
0x000007fa1ccc0000 - 0x000007fa1cd56000 	C:\WINDOWS\SYSTEM32\clbcatq.dll
0x000007fa1a670000 - 0x000007fa1a68a000 	C:\WINDOWS\SYSTEM32\CRYPTSP.dll
0x000007fa1a2f0000 - 0x000007fa1a33b000 	C:\WINDOWS\system32\rsaenh.dll
0x000007fa1a3f0000 - 0x000007fa1a40f000 	C:\WINDOWS\SYSTEM32\USERENV.dll
0x000007fa1adc0000 - 0x000007fa1add5000 	C:\WINDOWS\SYSTEM32\profapi.dll
0x000007fa12030000 - 0x000007fa12044000 	C:\WINDOWS\system32\napinsp.dll
0x000007fa11d60000 - 0x000007fa11d78000 	C:\WINDOWS\system32\pnrpnsp.dll
0x000007fa197b0000 - 0x000007fa197c6000 	C:\WINDOWS\system32\NLAapi.dll
0x000007fa1a450000 - 0x000007fa1a4e8000 	C:\WINDOWS\SYSTEM32\DNSAPI.dll
0x000007fa11c10000 - 0x000007fa11c22000 	C:\WINDOWS\System32\winrnr.dll
0x000007fa09ac0000 - 0x000007fa09ad4000 	C:\WINDOWS\system32\wshbth.dll
0x000000005a1f0000 - 0x000000005a225000 	C:\Program Files\Bonjour\mdnsNSP.dll
0x000007fa16f60000 - 0x000007fa16f8a000 	C:\WINDOWS\SYSTEM32\Iphlpapi.DLL
0x000007fa16f40000 - 0x000007fa16f4a000 	C:\WINDOWS\SYSTEM32\WINNSI.DLL
0x000007fa13630000 - 0x000007fa13638000 	C:\Windows\System32\rasadhlp.dll
0x000007fa15290000 - 0x000007fa152ef000 	C:\WINDOWS\System32\fwpuclnt.dll
0x00000000637c0000 - 0x00000000637ca000 	C:\Users\UR\AppData\Local\Temp\jogamp_0000\file_cache\jln3221757973971716298\jln5696836674427044268\gluegen-rt.dll
0x00000000585a0000 - 0x00000000585a7000 	C:\Program Files\Java\jre7\bin\jawt.dll
0x000000006a440000 - 0x000000006a44b000 	C:\Users\UR\AppData\Local\Temp\jogamp_0000\file_cache\jln3221757973971716298\jln5696836674427044268\nativewindow_awt.dll
0x000007fa19f80000 - 0x000007fa1a016000 	C:\WINDOWS\SYSTEM32\shcore.dll
0x000000006c100000 - 0x000000006c10b000 	C:\Users\UR\AppData\Local\Temp\jogamp_0000\file_cache\jln3221757973971716298\jln5696836674427044268\nativewindow_win32.dll
0x000007fa07c00000 - 0x000007fa07d1f000 	C:\WINDOWS\SYSTEM32\OpenGL32.dll
0x000007fa12f30000 - 0x000007fa12f5c000 	C:\WINDOWS\SYSTEM32\GLU32.dll
0x000007fa07b10000 - 0x000007fa07bfa000 	C:\WINDOWS\SYSTEM32\DDRAW.dll
0x000007fa17ad0000 - 0x000007fa17ad8000 	C:\WINDOWS\SYSTEM32\DCIMAN32.dll
0x0000000064500000 - 0x000000006458e000 	C:\Users\UR\AppData\Local\Temp\jogamp_0000\file_cache\jln3221757973971716298\jln5696836674427044268\jogl_desktop.dll
0x0000000056c40000 - 0x0000000058591000 	C:\WINDOWS\SYSTEM32\nvoglv64.DLL
0x000007fa1d240000 - 0x000007fa1d410000 	C:\WINDOWS\system32\SETUPAPI.dll
0x000007fa1ae90000 - 0x000007fa1aedf000 	C:\WINDOWS\system32\CFGMGR32.dll
0x000007fa1aee0000 - 0x000007fa1af02000 	C:\WINDOWS\system32\DEVOBJ.dll
0x000007fa1af10000 - 0x000007fa1af65000 	C:\WINDOWS\system32\WINTRUST.dll
0x000007fa1af70000 - 0x000007fa1b141000 	C:\WINDOWS\system32\CRYPT32.dll
0x000007fa1ae70000 - 0x000007fa1ae86000 	C:\WINDOWS\system32\MSASN1.dll
0x000007fa147c0000 - 0x000007fa147ee000 	C:\WINDOWS\SYSTEM32\ntmarta.dll
0x0000000056c10000 - 0x0000000056c40000 	C:\Program Files\Java\jre7\bin\jpeg.dll
0x000000006d580000 - 0x000000006d6a2000 	D:\processing-2.0.1\modes\java\libraries\video\library\windows64\libgio-2.0-0.dll
0x00000000685c0000 - 0x0000000068709000 	D:\processing-2.0.1\modes\java\libraries\video\library\windows64\libglib-2.0-0.dll
0x000000006dd00000 - 0x000000006dd0f000 	D:\processing-2.0.1\modes\java\libraries\video\library\windows64\libgmodule-2.0-0.dll
0x0000000063a40000 - 0x0000000063a90000 	D:\processing-2.0.1\modes\java\libraries\video\library\windows64\libgobject-2.0-0.dll
0x0000000061cc0000 - 0x0000000061ce8000 	D:\processing-2.0.1\modes\java\libraries\video\library\windows64\libintl-8.dll
0x0000000062e80000 - 0x0000000062ea0000 	D:\processing-2.0.1\modes\java\libraries\video\library\windows64\zlib1.dll
0x0000000065c40000 - 0x0000000065c50000 	D:\processing-2.0.1\modes\java\libraries\video\library\windows64\libgthread-2.0-0.dll
0x0000000066000000 - 0x00000000660fb000 	D:\processing-2.0.1\modes\java\libraries\video\library\windows64\libiconv-2.dll
0x000000006da40000 - 0x000000006da56000 	D:\processing-2.0.1\modes\java\libraries\video\library\windows64\libgstapp-0.10-0.dll
0x000000006cac0000 - 0x000000006cb29000 	D:\processing-2.0.1\modes\java\libraries\video\library\windows64\libgstbase-0.10-0.dll
0x000000006b6c0000 - 0x000000006b7ac000 	D:\processing-2.0.1\modes\java\libraries\video\library\windows64\libgstreamer-0.10-0.dll
0x0000000070f40000 - 0x00000000710d9000 	D:\processing-2.0.1\modes\java\libraries\video\library\windows64\libxml2-2.dll
0x0000000070680000 - 0x00000000706ae000 	D:\processing-2.0.1\modes\java\libraries\video\library\windows64\libgstaudio-0.10-0.dll
0x0000000064240000 - 0x0000000064259000 	D:\processing-2.0.1\modes\java\libraries\video\library\windows64\libgstinterfaces-0.10-0.dll
0x000000006f540000 - 0x000000006f558000 	D:\processing-2.0.1\modes\java\libraries\video\library\windows64\libgstbasevideo-0.10-0.dll
0x0000000062ac0000 - 0x0000000062ad6000 	D:\processing-2.0.1\modes\java\libraries\video\library\windows64\libgstvideo-0.10-0.dll
0x000000006b7c0000 - 0x000000006b7d5000 	D:\processing-2.0.1\modes\java\libraries\video\library\windows64\libgstcdda-0.10-0.dll
0x00000000115f0000 - 0x0000000011627000 	D:\processing-2.0.1\modes\java\libraries\video\library\windows64\libgsttag-0.10-0.dll
0x00000000625c0000 - 0x00000000625f1000 	D:\processing-2.0.1\modes\java\libraries\video\library\windows64\libgstcontroller-0.10-0.dll
0x000000000fa70000 - 0x000000000fa80000 	D:\processing-2.0.1\modes\java\libraries\video\library\windows64\libgstdataprotocol-0.10-0.dll
0x000000006d300000 - 0x000000006d318000 	D:\processing-2.0.1\modes\java\libraries\video\library\windows64\libgstfft-0.10-0.dll
0x000000006b880000 - 0x000000006b892000 	D:\processing-2.0.1\modes\java\libraries\video\library\windows64\libgstnet-0.10-0.dll
0x000000006a200000 - 0x000000006a20e000 	D:\processing-2.0.1\modes\java\libraries\video\library\windows64\libgstnetbuffer-0.10-0.dll
0x0000000069f00000 - 0x0000000069f29000 	D:\processing-2.0.1\modes\java\libraries\video\library\windows64\libgstpbutils-0.10-0.dll
0x0000000070ac0000 - 0x0000000070ad0000 	D:\processing-2.0.1\modes\java\libraries\video\library\windows64\libgstphotography-0.10-0.dll
0x0000000070140000 - 0x0000000070158000 	D:\processing-2.0.1\modes\java\libraries\video\library\windows64\libgstriff-0.10-0.dll
0x0000000011630000 - 0x0000000011651000 	D:\processing-2.0.1\modes\java\libraries\video\library\windows64\libgstrtp-0.10-0.dll
0x0000000069740000 - 0x0000000069760000 	D:\processing-2.0.1\modes\java\libraries\video\library\windows64\libgstrtsp-0.10-0.dll
0x00000000628c0000 - 0x00000000628d2000 	D:\processing-2.0.1\modes\java\libraries\video\library\windows64\libgstsdp-0.10-0.dll
0x0000000064a40000 - 0x0000000064a51000 	D:\processing-2.0.1\modes\java\libraries\video\library\windows64\libgstsignalprocessor-0.10-0.dll
0x000000006b800000 - 0x000000006b855000 	D:\processing-2.0.1\modes\java\libraries\video\library\windows64\libjpeg-8.dll
0x0000000011310000 - 0x0000000011320000 	D:\processing-2.0.1\modes\java\libraries\video\library\windows64\libogg-0.dll
0x0000000065680000 - 0x0000000065729000 	D:\processing-2.0.1\modes\java\libraries\video\library\windows64\liborc-0.4-0.dll
0x0000000069d80000 - 0x0000000069d92000 	D:\processing-2.0.1\modes\java\libraries\video\library\windows64\liborc-test-0.4-0.dll
0x0000000061a00000 - 0x0000000061a41000 	D:\processing-2.0.1\modes\java\libraries\video\library\windows64\libpng14-14.dll
0x000000006d380000 - 0x000000006d3d9000 	D:\processing-2.0.1\modes\java\libraries\video\library\windows64\libtheora-0.dll
0x0000000065b40000 - 0x0000000065b64000 	D:\processing-2.0.1\modes\java\libraries\video\library\windows64\libtheoradec-1.dll
0x0000000063100000 - 0x000000006314a000 	D:\processing-2.0.1\modes\java\libraries\video\library\windows64\libtheoraenc-1.dll
0x000000006d540000 - 0x000000006d579000 	D:\processing-2.0.1\modes\java\libraries\video\library\windows64\libvorbis-0.dll
0x00000000116b0000 - 0x0000000011833000 	D:\processing-2.0.1\modes\java\libraries\video\library\windows64\libvorbisenc-2.dll
0x000000006b3c0000 - 0x000000006b3d2000 	D:\processing-2.0.1\modes\java\libraries\video\library\windows64\libvorbisfile-3.dll
0x000007fa1ab70000 - 0x000007fa1ab9c000 	C:\WINDOWS\SYSTEM32\SspiCli.dll
0x0000000067b80000 - 0x0000000067b94000 	D:\processing-2.0.1\modes\java\libraries\video\library\windows64\plugins\libgstadder.dll
0x0000000071100000 - 0x000000007110e000 	D:\processing-2.0.1\modes\java\libraries\video\library\windows64\plugins\libgstadpcmdec.dll
0x000000006a1c0000 - 0x000000006a1ce000 	D:\processing-2.0.1\modes\java\libraries\video\library\windows64\plugins\libgstadpcmenc.dll
0x0000000070c00000 - 0x0000000070c17000 	D:\processing-2.0.1\modes\java\libraries\video\library\windows64\plugins\libgstaiff.dll
0x0000000061940000 - 0x0000000061950000 	D:\processing-2.0.1\modes\java\libraries\video\library\windows64\plugins\libgstalaw.dll
0x0000000070480000 - 0x000000007049a000 	D:\processing-2.0.1\modes\java\libraries\video\library\windows64\plugins\libgstalpha.dll

VM Arguments:
jvm_args: -Djava.security.policy=java.policy.applet -Dfile.encoding=GBK 
java_command: sun.applet.AppletViewer CloneIris.Mouse_RowSelection_LimitedMove1377175649142.html
Launcher Type: SUN_STANDARD

Environment Variables:
PATH=C:\Program Files\Common Files\Intel\PCSDK\contrib\Total Immersion\bin\x64;C:\Program Files\Common Files\Intel\PCSDK\bin\x64;C:\Program Files (x86)\Common Files\Intel\PCSDK\contrib\Total Immersion\bin\win32;C:\Program Files (x86)\Common Files\Intel\PCSDK\bin\win32;C:\Program Files (x86)\NVIDIA Corporation\PhysX\Common;C:\Program Files (x86)\Intel\iCLS Client\;C:\Program Files\Intel\iCLS Client\;C:\WINDOWS\system32;C:\WINDOWS;C:\WINDOWS\System32\Wbem;C:\WINDOWS\System32\WindowsPowerShell\v1.0\;C:\Program Files\Intel\Intel(R) Management Engine Components\DAL;C:\Program Files\Intel\Intel(R) Management Engine Components\IPT;C:\Program Files (x86)\Intel\Intel(R) Management Engine Components\DAL;C:\Program Files (x86)\Intel\Intel(R) Management Engine Components\IPT;C:\Program Files\Lenovo\Bluetooth Software\;C:\Program Files\Lenovo\Bluetooth Software\syswow64;C:\Program Files\Microsoft\Web Platform Installer\;C:\Program Files (x86)\Microsoft ASP.NET\ASP.NET Web Pages\v1.0\;C:\Program Files (x86)\Windows Kits\8.0\Windows Performance Toolkit\;C:\Program Files\Microsoft SQL Server\110\Tools\Binn\;C:\Program Files (x86)\Microsoft SQL Server\100\Tools\Binn\;C:\Program Files\Microsoft SQL Server\100\Tools\Binn\;C:\Program Files\Microsoft SQL Server\100\DTS\Binn\;C:\Program Files (x86)\Microsoft SDKs\Windows\v7.0A\Bin
USERNAME=UR
OS=Windows_NT
PROCESSOR_IDENTIFIER=Intel64 Family 6 Model 58 Stepping 9, GenuineIntel



---------------  S Y S T E M  ---------------

OS: Windows 8 , 64 bit Build 9200 

CPU:total 4 (2 cores per cpu, 2 threads per core) family 6 model 58 stepping 9, cmov, cx8, fxsr, mmx, sse, sse2, sse3, ssse3, sse4.1, sse4.2, popcnt, avx, ht, tsc, tscinvbit, tscinv

Memory: 4k page, physical 4148708k(682168k free), swap 12275172k(5358628k free)

vm_info: Java HotSpot(TM) 64-Bit Server VM (23.25-b01) for windows-amd64 JRE (1.7.0_25-b17), built on Jun 21 2013 12:58:32 by "java_re" with unknown MS VC++:1600

time: Thu Aug 22 20:48:05 2013
elapsed time: 35 seconds

