#
# A fatal error has been detected by the Java Runtime Environment:
#
#  EXCEPTION_ACCESS_VIOLATION (0xc0000005) at pc=0x000007fb5302d254, pid=7744, tid=9320
#
# JRE version: 7.0_25-b17
# Java VM: Java HotSpot(TM) 64-Bit Server VM (23.25-b01 mixed mode windows-amd64 compressed oops)
# Problematic frame:
# C  [OpenGL32.dll+0xdd254]  glDepthMask+0x14
#
# Failed to write core dump. Minidumps are not enabled by default on client versions of Windows
#
# If you would like to submit a bug report, please visit:
#   http://bugreport.sun.com/bugreport/crash.jsp
# The crash happened outside the Java Virtual Machine in native code.
# See problematic frame for where to report the bug.
#

---------------  T H R E A D  ---------------

Current thread (0x000000000876a000):  JavaThread "Animation Thread" [_thread_in_native, id=9320, stack(0x00000000119f0000,0x0000000011af0000)]

siginfo: ExceptionCode=0xc0000005, reading address 0x0000000000000698

Registers:
RAX=0x0000000000000000, RBX=0x00000000bc4b4b18, RCX=0x0000000000000001, RDX=0x0000000011aeedd8
RSP=0x0000000011aeed18, RBP=0x0000000011aeeda0, RSI=0x0000000000000019, RDI=0x0000000000000007
R8 =0x0000000000000001, R9 =0x000007fb5302d240, R10=0x00000000022e237c, R11=0x0000000072db9860
R12=0x0000000000000000, R13=0x00000000bc4b4b18, R14=0x0000000011aeedd8, R15=0x000000000876a000
RIP=0x000007fb5302d254, EFLAGS=0x0000000000010283

Top of Stack: (sp=0x0000000011aeed18)
0x0000000011aeed18:   00000000022e23a8 0000000000000000
0x0000000011aeed28:   0000000011aeed40 0000000011aeed98
0x0000000011aeed38:   00000000022d61f8 0000000000000000
0x0000000011aeed48:   0000000000000000 0000000000000000
0x0000000011aeed58:   0000000011aeed58 0000000011aeed60
0x0000000011aeed68:   0000000000000000 0000000011aeedd8
0x0000000011aeed78:   00000000bc6cea08 0000000000000000
0x0000000011aeed88:   00000000bc4b4b18 0000000000000000
0x0000000011aeed98:   0000000011aeedc0 0000000011aeee20
0x0000000011aeeda8:   00000000022d61f8 0000000000000000
0x0000000011aeedb8:   00000000022df1d8 000007fb5302d240
0x0000000011aeedc8:   00000000022d63d3 0000000000000001
0x0000000011aeedd8:   00000000ebf75d10 0000000011aeede0
0x0000000011aeede8:   00000000bc4b4a3a 0000000011aeee48
0x0000000011aeedf8:   00000000bc6cea08 0000000000000000
0x0000000011aeee08:   00000000bc4b4a48 0000000011aeedc0 

Instructions: (pc=0x000007fb5302d254)
0x000007fb5302d234:   cc cc cc cc cc cc 66 0f 1f 44 00 00 8b 05 7e f0
0x000007fb5302d244:   00 00 83 f8 40 73 0f 65 48 8b 04 c5 80 14 00 00
0x000007fb5302d254:   ff a0 98 06 00 00 b8 d3 00 00 00 e9 ac e1 ff ff
0x000007fb5302d264:   cc cc cc cc cc cc 66 0f 1f 44 00 00 8b 05 4e f0 


Register to memory mapping:

RAX=0x0000000000000000 is an unknown value
RBX=0x00000000bc4b4b18 is an oop
{method} 
 - klass: {other class}
RCX=0x0000000000000001 is an unknown value
RDX=0x0000000011aeedd8 is pointing into the stack for thread: 0x000000000876a000
RSP=0x0000000011aeed18 is pointing into the stack for thread: 0x000000000876a000
RBP=0x0000000011aeeda0 is pointing into the stack for thread: 0x000000000876a000
RSI=0x0000000000000019 is an unknown value
RDI=0x0000000000000007 is an unknown value
R8 =0x0000000000000001 is an unknown value
R9 =0x000007fb5302d240 is an unknown value
R10=0x00000000022e237c is an Interpreter codelet
method entry point (kind = native)  [0x00000000022e2100, 0x00000000022e2980]  2176 bytes
R11=0x0000000072db9860 is an unknown value
R12=0x0000000000000000 is an unknown value
R13=0x00000000bc4b4b18 is an oop
{method} 
 - klass: {other class}
R14=0x0000000011aeedd8 is pointing into the stack for thread: 0x000000000876a000
R15=0x000000000876a000 is a thread


Stack: [0x00000000119f0000,0x0000000011af0000],  sp=0x0000000011aeed18,  free space=1019k
Native frames: (J=compiled Java code, j=interpreted, Vv=VM code, C=native code)
C  [OpenGL32.dll+0xdd254]  glDepthMask+0x14
j  jogamp.opengl.gl4.GL4bcImpl.glDepthMask(Z)V+34
j  processing.opengl.PGL.depthMask(Z)V+4
j  processing.opengl.PGraphicsOpenGL.backgroundImpl()V+8
j  processing.core.PGraphics.backgroundFromCalc()V+122
j  processing.core.PGraphics.background(I)V+6
j  processing.core.PGraphics.reapplySettings()V+190
j  processing.opengl.PGraphicsOpenGL.setSize(II)V+15
j  processing.core.PApplet.resizeRenderer(II)V+90
j  processing.core.PApplet.run()V+162
j  java.lang.Thread.run()V+11
v  ~StubRoutines::call_stub
V  [jvm.dll+0x1a6844]

Java frames: (J=compiled Java code, j=interpreted, Vv=VM code)
j  jogamp.opengl.gl4.GL4bcImpl.dispatch_glDepthMask1(ZJ)V+0
j  jogamp.opengl.gl4.GL4bcImpl.glDepthMask(Z)V+34
j  processing.opengl.PGL.depthMask(Z)V+4
j  processing.opengl.PGraphicsOpenGL.backgroundImpl()V+8
j  processing.core.PGraphics.backgroundFromCalc()V+122
j  processing.core.PGraphics.background(I)V+6
j  processing.core.PGraphics.reapplySettings()V+190
j  processing.opengl.PGraphicsOpenGL.setSize(II)V+15
j  processing.core.PApplet.resizeRenderer(II)V+90
j  processing.core.PApplet.run()V+162
j  java.lang.Thread.run()V+11
v  ~StubRoutines::call_stub

---------------  P R O C E S S  ---------------

Java Threads: ( => current thread )
  0x00000000123f0800 JavaThread "Animation Thread-SharedResourceRunner" daemon [_thread_blocked, id=7200, stack(0x000000000c490000,0x000000000c590000)]
=>0x000000000876a000 JavaThread "Animation Thread" [_thread_in_native, id=9320, stack(0x00000000119f0000,0x0000000011af0000)]
  0x0000000008768000 JavaThread "AWT-EventQueue-1" [_thread_blocked, id=9156, stack(0x0000000011ff0000,0x00000000120f0000)]
  0x0000000008763800 JavaThread "D3D Screen Updater" daemon [_thread_blocked, id=9448, stack(0x0000000011af0000,0x0000000011bf0000)]
  0x0000000008768800 JavaThread "DestroyJavaVM" [_thread_blocked, id=4884, stack(0x00000000020c0000,0x00000000021c0000)]
  0x0000000008767000 JavaThread "AWT-EventQueue-0" [_thread_blocked, id=8272, stack(0x000000000c0f0000,0x000000000c1f0000)]
  0x0000000008766800 JavaThread "thread applet-ColorPicking.class" [_thread_blocked, id=7192, stack(0x000000000bff0000,0x000000000c0f0000)]
  0x0000000008765800 JavaThread "AWT-Windows" daemon [_thread_in_native, id=6212, stack(0x000000000a8b0000,0x000000000a9b0000)]
  0x0000000008764000 JavaThread "AWT-Shutdown" [_thread_blocked, id=7608, stack(0x000000000a7b0000,0x000000000a8b0000)]
  0x0000000008765000 JavaThread "Java2D Disposer" daemon [_thread_blocked, id=4900, stack(0x000000000a6b0000,0x000000000a7b0000)]
  0x0000000008769800 JavaThread "Service Thread" daemon [_thread_blocked, id=10868, stack(0x0000000009ee0000,0x0000000009fe0000)]
  0x000000000875a800 JavaThread "C2 CompilerThread1" daemon [_thread_blocked, id=11124, stack(0x0000000009de0000,0x0000000009ee0000)]
  0x0000000008750000 JavaThread "C2 CompilerThread0" daemon [_thread_blocked, id=9128, stack(0x0000000009ce0000,0x0000000009de0000)]
  0x000000000874f000 JavaThread "Attach Listener" daemon [_thread_blocked, id=4132, stack(0x0000000009be0000,0x0000000009ce0000)]
  0x000000000874e000 JavaThread "Signal Dispatcher" daemon [_thread_blocked, id=1372, stack(0x0000000009ae0000,0x0000000009be0000)]
  0x00000000086c7000 JavaThread "Finalizer" daemon [_thread_blocked, id=10964, stack(0x00000000099e0000,0x0000000009ae0000)]
  0x00000000086be800 JavaThread "Reference Handler" daemon [_thread_blocked, id=8784, stack(0x00000000098e0000,0x00000000099e0000)]

Other Threads:
  0x00000000086b5800 VMThread [stack: 0x00000000097e0000,0x00000000098e0000] [id=4552]
  0x0000000008789800 WatcherThread [stack: 0x0000000009fe0000,0x000000000a0e0000] [id=6236]

VM state:not at safepoint (normal execution)

VM Mutex/Monitor currently owned by a thread: None

Heap
 PSYoungGen      total 18880K, used 7262K [0x00000000eae00000, 0x00000000ec310000, 0x0000000100000000)
  eden space 16192K, 28% used [0x00000000eae00000,0x00000000eb278980,0x00000000ebdd0000)
  from space 2688K, 99% used [0x00000000ebdd0000,0x00000000ec06f040,0x00000000ec070000)
  to   space 2688K, 0% used [0x00000000ec070000,0x00000000ec070000,0x00000000ec310000)
 ParOldGen       total 43264K, used 4235K [0x00000000c0a00000, 0x00000000c3440000, 0x00000000eae00000)
  object space 43264K, 9% used [0x00000000c0a00000,0x00000000c0e22d88,0x00000000c3440000)
 PSPermGen       total 21248K, used 16344K [0x00000000bb800000, 0x00000000bccc0000, 0x00000000c0a00000)
  object space 21248K, 76% used [0x00000000bb800000,0x00000000bc7f6018,0x00000000bccc0000)

Card table byte_map: [0x0000000005390000,0x00000000055c0000] byte_map_base: 0x0000000004db4000

Polling page: 0x00000000004a0000

Code Cache  [0x00000000022d0000, 0x0000000002540000, 0x00000000052d0000)
 total_blobs=880 nmethods=138 adapters=693 free_code_cache=48145Kb largest_free_block=49273536

Compilation events (10 events):
Event: 4.647 Thread 0x0000000008750000 nmethod 130 0x00000000023c4110 code [0x00000000023c4440, 0x00000000023c5380]
Event: 4.647 Thread 0x0000000008750000  132             jogamp.opengl.glu.tessellator.Normal::__gl_projectPolygon (249 bytes)
Event: 4.661 Thread 0x0000000008750000 nmethod 132 0x00000000023c2c10 code [0x00000000023c2e00, 0x00000000023c3608]
Event: 4.661 Thread 0x0000000008750000  133             jogamp.opengl.glu.tessellator.Sweep::__gl_computeInterior (153 bytes)
Event: 4.668 Thread 0x000000000875a800 nmethod 131 0x00000000023ca6d0 code [0x00000000023ca960, 0x00000000023cbfb0]
Event: 4.668 Thread 0x000000000875a800  134             jogamp.opengl.glu.tessellator.Sweep::RemoveDegenerateEdges (172 bytes)
Event: 4.671 Thread 0x000000000875a800 nmethod 134 0x00000000023ca050 code [0x00000000023ca1c0, 0x00000000023ca3d8]
Event: 4.671 Thread 0x000000000875a800  135             jogamp.opengl.glu.tessellator.Sweep::InitPriorityQ (100 bytes)
Event: 4.679 Thread 0x000000000875a800 nmethod 135 0x00000000023c1d50 code [0x00000000023c1f00, 0x00000000023c2628]
Event: 4.705 Thread 0x0000000008750000 nmethod 133 0x00000000023cdad0 code [0x00000000023cdf00, 0x00000000023cfa28]

GC Heap History (6 events):
Event: 0.682 GC heap before
{Heap before GC invocations=1 (full 0):
 PSYoungGen      total 18880K, used 16192K [0x00000000eae00000, 0x00000000ec310000, 0x0000000100000000)
  eden space 16192K, 100% used [0x00000000eae00000,0x00000000ebdd0000,0x00000000ebdd0000)
  from space 2688K, 0% used [0x00000000ec070000,0x00000000ec070000,0x00000000ec310000)
  to   space 2688K, 0% used [0x00000000ebdd0000,0x00000000ebdd0000,0x00000000ec070000)
 ParOldGen       total 43264K, used 0K [0x00000000c0a00000, 0x00000000c3440000, 0x00000000eae00000)
  object space 43264K, 0% used [0x00000000c0a00000,0x00000000c0a00000,0x00000000c3440000)
 PSPermGen       total 21248K, used 11673K [0x00000000bb800000, 0x00000000bccc0000, 0x00000000c0a00000)
  object space 21248K, 54% used [0x00000000bb800000,0x00000000bc366548,0x00000000bccc0000)
Event: 0.688 GC heap after
Heap after GC invocations=1 (full 0):
 PSYoungGen      total 18880K, used 2670K [0x00000000eae00000, 0x00000000ec310000, 0x0000000100000000)
  eden space 16192K, 0% used [0x00000000eae00000,0x00000000eae00000,0x00000000ebdd0000)
  from space 2688K, 99% used [0x00000000ebdd0000,0x00000000ec06b8e0,0x00000000ec070000)
  to   space 2688K, 0% used [0x00000000ec070000,0x00000000ec070000,0x00000000ec310000)
 ParOldGen       total 43264K, used 1103K [0x00000000c0a00000, 0x00000000c3440000, 0x00000000eae00000)
  object space 43264K, 2% used [0x00000000c0a00000,0x00000000c0b13c80,0x00000000c3440000)
 PSPermGen       total 21248K, used 11673K [0x00000000bb800000, 0x00000000bccc0000, 0x00000000c0a00000)
  object space 21248K, 54% used [0x00000000bb800000,0x00000000bc366548,0x00000000bccc0000)
}
Event: 1.179 GC heap before
{Heap before GC invocations=2 (full 0):
 PSYoungGen      total 18880K, used 18862K [0x00000000eae00000, 0x00000000ec310000, 0x0000000100000000)
  eden space 16192K, 100% used [0x00000000eae00000,0x00000000ebdd0000,0x00000000ebdd0000)
  from space 2688K, 99% used [0x00000000ebdd0000,0x00000000ec06b8e0,0x00000000ec070000)
  to   space 2688K, 0% used [0x00000000ec070000,0x00000000ec070000,0x00000000ec310000)
 ParOldGen       total 43264K, used 1103K [0x00000000c0a00000, 0x00000000c3440000, 0x00000000eae00000)
  object space 43264K, 2% used [0x00000000c0a00000,0x00000000c0b13c80,0x00000000c3440000)
 PSPermGen       total 21248K, used 15917K [0x00000000bb800000, 0x00000000bccc0000, 0x00000000c0a00000)
  object space 21248K, 74% used [0x00000000bb800000,0x00000000bc78b5c0,0x00000000bccc0000)
Event: 1.185 GC heap after
Heap after GC invocations=2 (full 0):
 PSYoungGen      total 18880K, used 2664K [0x00000000eae00000, 0x00000000ed2e0000, 0x0000000100000000)
  eden space 16192K, 0% used [0x00000000eae00000,0x00000000eae00000,0x00000000ebdd0000)
  from space 2688K, 99% used [0x00000000ec070000,0x00000000ec30a020,0x00000000ec310000)
  to   space 2688K, 0% used [0x00000000ebdd0000,0x00000000ebdd0000,0x00000000ec070000)
 ParOldGen       total 43264K, used 2210K [0x00000000c0a00000, 0x00000000c3440000, 0x00000000eae00000)
  object space 43264K, 5% used [0x00000000c0a00000,0x00000000c0c28a90,0x00000000c3440000)
 PSPermGen       total 21248K, used 15917K [0x00000000bb800000, 0x00000000bccc0000, 0x00000000c0a00000)
  object space 21248K, 74% used [0x00000000bb800000,0x00000000bc78b5c0,0x00000000bccc0000)
}
Event: 3.838 GC heap before
{Heap before GC invocations=3 (full 0):
 PSYoungGen      total 18880K, used 18856K [0x00000000eae00000, 0x00000000ed2e0000, 0x0000000100000000)
  eden space 16192K, 100% used [0x00000000eae00000,0x00000000ebdd0000,0x00000000ebdd0000)
  from space 2688K, 99% used [0x00000000ec070000,0x00000000ec30a020,0x00000000ec310000)
  to   space 2688K, 0% used [0x00000000ebdd0000,0x00000000ebdd0000,0x00000000ec070000)
 ParOldGen       total 43264K, used 2210K [0x00000000c0a00000, 0x00000000c3440000, 0x00000000eae00000)
  object space 43264K, 5% used [0x00000000c0a00000,0x00000000c0c28a90,0x00000000c3440000)
 PSPermGen       total 21248K, used 16334K [0x00000000bb800000, 0x00000000bccc0000, 0x00000000c0a00000)
  object space 21248K, 76% used [0x00000000bb800000,0x00000000bc7f3b48,0x00000000bccc0000)
Event: 3.843 GC heap after
Heap after GC invocations=3 (full 0):
 PSYoungGen      total 18880K, used 2684K [0x00000000eae00000, 0x00000000ec310000, 0x0000000100000000)
  eden space 16192K, 0% used [0x00000000eae00000,0x00000000eae00000,0x00000000ebdd0000)
  from space 2688K, 99% used [0x00000000ebdd0000,0x00000000ec06f040,0x00000000ec070000)
  to   space 2688K, 0% used [0x00000000ec070000,0x00000000ec070000,0x00000000ec310000)
 ParOldGen       total 43264K, used 4235K [0x00000000c0a00000, 0x00000000c3440000, 0x00000000eae00000)
  object space 43264K, 9% used [0x00000000c0a00000,0x00000000c0e22d88,0x00000000c3440000)
 PSPermGen       total 21248K, used 16334K [0x00000000bb800000, 0x00000000bccc0000, 0x00000000c0a00000)
  object space 21248K, 76% used [0x00000000bb800000,0x00000000bc7f3b48,0x00000000bccc0000)
}

Deoptimization events (1 events):
Event: 1.069 Thread 0x00000000123f0800 Uncommon trap -83 fr.pc 0x0000000002393c58

Internal exceptions (10 events):
Event: 1.301 Thread 0x0000000008768000 Threw 0x00000000eb105930 at C:\jdk7u2_64p\jdk7u25\hotspot\src\share\vm\prims\jvm.cpp:1235
Event: 1.302 Thread 0x0000000008768000 Threw 0x00000000eb10a028 at C:\jdk7u2_64p\jdk7u25\hotspot\src\share\vm\prims\jvm.cpp:1235
Event: 1.302 Thread 0x0000000008768000 Threw 0x00000000eb10e790 at C:\jdk7u2_64p\jdk7u25\hotspot\src\share\vm\prims\jvm.cpp:1235
Event: 1.303 Thread 0x0000000008768000 Threw 0x00000000eb1127a0 at C:\jdk7u2_64p\jdk7u25\hotspot\src\share\vm\prims\jvm.cpp:1235
Event: 1.303 Thread 0x0000000008768000 Threw 0x00000000eb117528 at C:\jdk7u2_64p\jdk7u25\hotspot\src\share\vm\prims\jvm.cpp:1235
Event: 1.303 Thread 0x0000000008768000 Threw 0x00000000eb11b180 at C:\jdk7u2_64p\jdk7u25\hotspot\src\share\vm\prims\jvm.cpp:1235
Event: 1.304 Thread 0x0000000008768000 Threw 0x00000000eb11f630 at C:\jdk7u2_64p\jdk7u25\hotspot\src\share\vm\prims\jvm.cpp:1235
Event: 1.305 Thread 0x0000000008768000 Threw 0x00000000eb125a68 at C:\jdk7u2_64p\jdk7u25\hotspot\src\share\vm\prims\jvm.cpp:1235
Event: 1.307 Thread 0x0000000008768000 Threw 0x00000000eb140980 at C:\jdk7u2_64p\jdk7u25\hotspot\src\share\vm\prims\jvm.cpp:1235
Event: 1.605 Thread 0x0000000008768000 Threw 0x00000000eb300758 at C:\jdk7u2_64p\jdk7u25\hotspot\src\share\vm\prims\jvm.cpp:1235

Events (10 events):
Event: 4.092 Executing VM operation: EnableBiasedLocking
Event: 4.092 Executing VM operation: EnableBiasedLocking done
Event: 4.420 Executing VM operation: BulkRevokeBias
Event: 4.421 Executing VM operation: BulkRevokeBias done
Event: 4.659 Executing VM operation: RevokeBias
Event: 4.659 Executing VM operation: RevokeBias done
Event: 4.680 Executing VM operation: RevokeBias
Event: 4.681 Executing VM operation: RevokeBias done
Event: 4.684 Executing VM operation: RevokeBias
Event: 4.684 Executing VM operation: RevokeBias done


Dynamic libraries:
0x000007f751a80000 - 0x000007f751ab3000 	C:\Program Files\Java\jre7\bin\javaw.exe
0x000007fb68c00000 - 0x000007fb68dc0000 	C:\WINDOWS\SYSTEM32\ntdll.dll
0x000007fb66980000 - 0x000007fb66ab6000 	C:\WINDOWS\system32\KERNEL32.DLL
0x000007fb65dd0000 - 0x000007fb65ec3000 	C:\WINDOWS\system32\KERNELBASE.dll
0x000007fb661a0000 - 0x000007fb6627e000 	C:\WINDOWS\system32\ADVAPI32.dll
0x000007fb68820000 - 0x000007fb6896c000 	C:\WINDOWS\system32\USER32.dll
0x000007fb63540000 - 0x000007fb637aa000 	C:\WINDOWS\WinSxS\amd64_microsoft.windows.common-controls_6595b64144ccf1df_6.0.9200.16579_none_418ab7ef718b27ef\COMCTL32.dll
0x000007fb665a0000 - 0x000007fb66645000 	C:\WINDOWS\system32\msvcrt.dll
0x000007fb68000000 - 0x000007fb68048000 	C:\WINDOWS\SYSTEM32\sechost.dll
0x000007fb66650000 - 0x000007fb66790000 	C:\WINDOWS\system32\RPCRT4.dll
0x000007fb66b80000 - 0x000007fb66cc1000 	C:\WINDOWS\system32\GDI32.dll
0x000007fb66ac0000 - 0x000007fb66af9000 	C:\WINDOWS\system32\IMM32.DLL
0x000007fb68050000 - 0x000007fb68165000 	C:\WINDOWS\system32\MSCTF.dll
0x0000000073310000 - 0x00000000733e1000 	C:\Program Files\Java\jre7\bin\msvcr100.dll
0x0000000072c00000 - 0x000000007330f000 	C:\Program Files\Java\jre7\bin\server\jvm.dll
0x000007fb5d750000 - 0x000007fb5d759000 	C:\WINDOWS\SYSTEM32\WSOCK32.dll
0x000007fb61d50000 - 0x000007fb61d70000 	C:\WINDOWS\SYSTEM32\WINMM.dll
0x000007fb68170000 - 0x000007fb68177000 	C:\WINDOWS\system32\PSAPI.DLL
0x000007fb66540000 - 0x000007fb66598000 	C:\WINDOWS\system32\WS2_32.dll
0x000007fb61940000 - 0x000007fb61972000 	C:\WINDOWS\SYSTEM32\WINMMBASE.dll
0x000007fb66b00000 - 0x000007fb66b09000 	C:\WINDOWS\system32\NSI.dll
0x0000000072bf0000 - 0x0000000072bff000 	C:\Program Files\Java\jre7\bin\verify.dll
0x0000000072bc0000 - 0x0000000072be8000 	C:\Program Files\Java\jre7\bin\java.dll
0x0000000072ba0000 - 0x0000000072bb5000 	C:\Program Files\Java\jre7\bin\zip.dll
0x0000000072990000 - 0x0000000072b25000 	C:\Program Files\Java\jre7\bin\awt.dll
0x000007fb68180000 - 0x000007fb68243000 	C:\WINDOWS\system32\OLEAUT32.dll
0x000007fb68670000 - 0x000007fb68820000 	C:\WINDOWS\system32\combase.dll
0x000007fb5d6b0000 - 0x000007fb5d74f000 	C:\WINDOWS\system32\apphelp.dll
0x000007fb63cf0000 - 0x000007fb63d11000 	C:\WINDOWS\system32\DWMAPI.DLL
0x000007fb648b0000 - 0x000007fb64996000 	C:\WINDOWS\system32\uxtheme.dll
0x000007fb5d880000 - 0x000007fb5d915000 	C:\Program Files\Common Files\microsoft shared\ink\tiptsf.dll
0x000007fb68250000 - 0x000007fb683ce000 	C:\WINDOWS\system32\ole32.dll
0x000007fb65920000 - 0x000007fb6592a000 	C:\WINDOWS\SYSTEM32\CRYPTBASE.dll
0x000007fb658c0000 - 0x000007fb6591c000 	C:\WINDOWS\SYSTEM32\bcryptPrimitives.dll
0x000007fb5c700000 - 0x000007fb5c900000 	C:\WINDOWS\system32\d3d9.dll
0x000007fb61e90000 - 0x000007fb61e99000 	C:\WINDOWS\SYSTEM32\VERSION.dll
0x000007fb4dbc0000 - 0x000007fb4ed40000 	C:\WINDOWS\SYSTEM32\nvd3dumx.dll
0x000007fb659a0000 - 0x000007fb659e3000 	C:\WINDOWS\SYSTEM32\powrprof.dll
0x0000000072950000 - 0x000000007298f000 	C:\Program Files\Java\jre7\bin\fontmanager.dll
0x000007fb56020000 - 0x000007fb5605f000 	C:\Program Files\Lenovo\Bluetooth Software\btmmhook.dll
0x000007fb66cd0000 - 0x000007fb67fb0000 	C:\WINDOWS\system32\SHELL32.dll
0x000007fb67fb0000 - 0x000007fb68000000 	C:\WINDOWS\system32\SHLWAPI.dll
0x0000000072b80000 - 0x0000000072b99000 	C:\Program Files\Java\jre7\bin\net.dll
0x000007fb65310000 - 0x000007fb6536c000 	C:\WINDOWS\system32\mswsock.dll
0x0000000072b60000 - 0x0000000072b71000 	C:\Program Files\Java\jre7\bin\nio.dll
0x0000000072900000 - 0x0000000072941000 	C:\Program Files\Java\jre7\bin\t2k.dll
0x000007fb66280000 - 0x000007fb66316000 	C:\WINDOWS\SYSTEM32\clbcatq.dll
0x000007fb5a250000 - 0x000007fb5a2da000 	C:\WINDOWS\system32\SogouTSF.ime
0x000007fb61ba0000 - 0x000007fb61ba7000 	C:\WINDOWS\system32\MSIMG32.dll
0x000007fb64c80000 - 0x000007fb64d16000 	C:\WINDOWS\SYSTEM32\SHCORE.dll
0x000007fb5f5c0000 - 0x000007fb5f5ee000 	C:\WINDOWS\SYSTEM32\ntmarta.dll
0x000007fb58670000 - 0x000007fb58ba0000 	C:\WINDOWS\system32\SogouPy.ime
0x000007fb57e30000 - 0x000007fb57f01000 	C:\Program Files (x86)\SogouInput\Components\PicFace\1.0.0.787\PicFace64.dll
0x000007fb5b650000 - 0x000007fb5b700000 	C:\Windows\System32\twinapi.dll
0x000007fb65370000 - 0x000007fb6538a000 	C:\WINDOWS\SYSTEM32\CRYPTSP.dll
0x000007fb64ff0000 - 0x000007fb6503b000 	C:\WINDOWS\system32\rsaenh.dll
0x000007fb61980000 - 0x000007fb619e9000 	C:\WINDOWS\SYSTEM32\oleacc.dll
0x000007fb650f0000 - 0x000007fb6510f000 	C:\WINDOWS\SYSTEM32\USERENV.dll
0x000007fb65ac0000 - 0x000007fb65ad5000 	C:\WINDOWS\SYSTEM32\profapi.dll
0x000007fb5af20000 - 0x000007fb5af34000 	C:\WINDOWS\system32\napinsp.dll
0x000007fb5c140000 - 0x000007fb5c158000 	C:\WINDOWS\system32\pnrpnsp.dll
0x000007fb644c0000 - 0x000007fb644d6000 	C:\WINDOWS\system32\NLAapi.dll
0x000007fb65150000 - 0x000007fb651e8000 	C:\WINDOWS\SYSTEM32\DNSAPI.dll
0x000007fb5bad0000 - 0x000007fb5bae2000 	C:\WINDOWS\System32\winrnr.dll
0x000007fb56060000 - 0x000007fb56074000 	C:\WINDOWS\system32\wshbth.dll
0x00000000733f0000 - 0x0000000073425000 	C:\Program Files\Bonjour\mdnsNSP.dll
0x000007fb60100000 - 0x000007fb6012a000 	C:\WINDOWS\SYSTEM32\Iphlpapi.DLL
0x000007fb600e0000 - 0x000007fb600ea000 	C:\WINDOWS\SYSTEM32\WINNSI.DLL
0x000007fb5e5c0000 - 0x000007fb5e5c8000 	C:\Windows\System32\rasadhlp.dll
0x000007fb5fd70000 - 0x000007fb5fdcf000 	C:\WINDOWS\System32\fwpuclnt.dll
0x00000000637c0000 - 0x00000000637ca000 	C:\Users\UR\AppData\Local\Temp\jogamp_0000\file_cache\jln4119490929653612549\jln3074427667857162110\gluegen-rt.dll
0x00000000728f0000 - 0x00000000728f7000 	C:\Program Files\Java\jre7\bin\jawt.dll
0x000000006a440000 - 0x000000006a44b000 	C:\Users\UR\AppData\Local\Temp\jogamp_0000\file_cache\jln4119490929653612549\jln3074427667857162110\nativewindow_awt.dll
0x000000006c100000 - 0x000000006c10b000 	C:\Users\UR\AppData\Local\Temp\jogamp_0000\file_cache\jln4119490929653612549\jln3074427667857162110\nativewindow_win32.dll
0x000007fb52f50000 - 0x000007fb5306f000 	C:\WINDOWS\SYSTEM32\OpenGL32.dll
0x000007fb61340000 - 0x000007fb6136c000 	C:\WINDOWS\SYSTEM32\GLU32.dll
0x000007fb51e20000 - 0x000007fb51f0a000 	C:\WINDOWS\SYSTEM32\DDRAW.dll
0x000007fb640f0000 - 0x000007fb640f8000 	C:\WINDOWS\SYSTEM32\DCIMAN32.dll
0x0000000064500000 - 0x000000006458e000 	C:\Users\UR\AppData\Local\Temp\jogamp_0000\file_cache\jln4119490929653612549\jln3074427667857162110\jogl_desktop.dll
0x0000000070f90000 - 0x00000000728e1000 	C:\WINDOWS\SYSTEM32\nvoglv64.DLL
0x000007fb667b0000 - 0x000007fb66980000 	C:\WINDOWS\system32\SETUPAPI.dll
0x000007fb65f80000 - 0x000007fb65fcf000 	C:\WINDOWS\system32\CFGMGR32.dll
0x000007fb65fd0000 - 0x000007fb65ff2000 	C:\WINDOWS\system32\DEVOBJ.dll
0x000007fb65d70000 - 0x000007fb65dc5000 	C:\WINDOWS\system32\WINTRUST.dll
0x000007fb65b90000 - 0x000007fb65d61000 	C:\WINDOWS\system32\CRYPT32.dll
0x000007fb65b70000 - 0x000007fb65b86000 	C:\WINDOWS\system32\MSASN1.dll
0x000007fb59b20000 - 0x000007fb59c83000 	C:\WINDOWS\SYSTEM32\dbghelp.dll

VM Arguments:
jvm_args: -Djava.security.policy=java.policy.applet -Dfile.encoding=GBK 
java_command: sun.applet.AppletViewer ColorPicking1376458260324.html
Launcher Type: SUN_STANDARD

Environment Variables:
PATH=C:\Program Files (x86)\NVIDIA Corporation\PhysX\Common;C:\Program Files (x86)\Intel\iCLS Client\;C:\Program Files\Intel\iCLS Client\;C:\WINDOWS\system32;C:\WINDOWS;C:\WINDOWS\System32\Wbem;C:\WINDOWS\System32\WindowsPowerShell\v1.0\;C:\Program Files\Intel\Intel(R) Management Engine Components\DAL;C:\Program Files\Intel\Intel(R) Management Engine Components\IPT;C:\Program Files (x86)\Intel\Intel(R) Management Engine Components\DAL;C:\Program Files (x86)\Intel\Intel(R) Management Engine Components\IPT;C:\Program Files\Lenovo\Bluetooth Software\;C:\Program Files\Lenovo\Bluetooth Software\syswow64;C:\Program Files\Microsoft\Web Platform Installer\;C:\Program Files (x86)\Microsoft ASP.NET\ASP.NET Web Pages\v1.0\;C:\Program Files (x86)\Windows Kits\8.0\Windows Performance Toolkit\;C:\Program Files\Microsoft SQL Server\110\Tools\Binn\;C:\Program Files (x86)\Microsoft SQL Server\100\Tools\Binn\;C:\Program Files\Microsoft SQL Server\100\Tools\Binn\;C:\Program Files\Microsoft SQL Server\100\DTS\Binn\;C:\Program Files (x86)\Microsoft SDKs\Windows\v7.0A\Bin
USERNAME=UR
OS=Windows_NT
PROCESSOR_IDENTIFIER=Intel64 Family 6 Model 58 Stepping 9, GenuineIntel



---------------  S Y S T E M  ---------------

OS: Windows 8 , 64 bit Build 9200 

CPU:total 4 (2 cores per cpu, 2 threads per core) family 6 model 58 stepping 9, cmov, cx8, fxsr, mmx, sse, sse2, sse3, ssse3, sse4.1, sse4.2, popcnt, avx, ht, tsc, tscinvbit, tscinv

Memory: 4k page, physical 4148708k(1127384k free), swap 11174340k(1756788k free)

vm_info: Java HotSpot(TM) 64-Bit Server VM (23.25-b01) for windows-amd64 JRE (1.7.0_25-b17), built on Jun 21 2013 12:58:32 by "java_re" with unknown MS VC++:1600

time: Wed Aug 14 13:31:05 2013
elapsed time: 4 seconds

