#
# A fatal error has been detected by the Java Runtime Environment:
#
#  EXCEPTION_ACCESS_VIOLATION (0xc0000005) at pc=0x000007fb51d1d254, pid=8284, tid=10860
#
# JRE version: 7.0_25-b17
# Java VM: Java HotSpot(TM) 64-Bit Server VM (23.25-b01 mixed mode windows-amd64 compressed oops)
# Problematic frame:
# C  [OpenGL32.dll+0xdd254]  glDepthMask+0x14
#
# Failed to write core dump. Minidumps are not enabled by default on client versions of Windows
#
# If you would like to submit a bug report, please visit:
#   http://bugreport.sun.com/bugreport/crash.jsp
# The crash happened outside the Java Virtual Machine in native code.
# See problematic frame for where to report the bug.
#

---------------  T H R E A D  ---------------

Current thread (0x0000000008c80000):  JavaThread "Animation Thread" [_thread_in_native, id=10860, stack(0x000000000dd90000,0x000000000de90000)]

siginfo: ExceptionCode=0xc0000005, reading address 0x0000000000000698

Registers:
RAX=0x0000000000000000, RBX=0x00000000bc4b23d0, RCX=0x0000000000000001, RDX=0x000000000de8f348
RSP=0x000000000de8f288, RBP=0x000000000de8f310, RSI=0x0000000000000019, RDI=0x0000000000000007
R8 =0x0000000000000001, R9 =0x000007fb51d1d240, R10=0x000000000280237c, R11=0x0000000072db9860
R12=0x0000000000000000, R13=0x00000000bc4b23d0, R14=0x000000000de8f348, R15=0x0000000008c80000
RIP=0x000007fb51d1d254, EFLAGS=0x0000000000010283

Top of Stack: (sp=0x000000000de8f288)
0x000000000de8f288:   00000000028023a8 0000000000000000
0x000000000de8f298:   000000000de8f2b0 000000000de8f308
0x000000000de8f2a8:   00000000027f61f8 0000000000000000
0x000000000de8f2b8:   0000000000000000 0000000000000000
0x000000000de8f2c8:   000000000de8f2c8 000000000de8f2d0
0x000000000de8f2d8:   0000000000000000 000000000de8f348
0x000000000de8f2e8:   00000000bc6cc240 0000000000000000
0x000000000de8f2f8:   00000000bc4b23d0 0000000000000000
0x000000000de8f308:   000000000de8f330 000000000de8f390
0x000000000de8f318:   00000000027f61f8 0000000000000000
0x000000000de8f328:   00000000027ff1d8 000007fb51d1d240
0x000000000de8f338:   00000000027f63d3 0000000000000001
0x000000000de8f348:   00000000c12f3570 000000000de8f350
0x000000000de8f358:   00000000bc4b22f2 000000000de8f3b8
0x000000000de8f368:   00000000bc6cc240 0000000000000000
0x000000000de8f378:   00000000bc4b2300 000000000de8f330 

Instructions: (pc=0x000007fb51d1d254)
0x000007fb51d1d234:   cc cc cc cc cc cc 66 0f 1f 44 00 00 8b 05 7e f0
0x000007fb51d1d244:   00 00 83 f8 40 73 0f 65 48 8b 04 c5 80 14 00 00
0x000007fb51d1d254:   ff a0 98 06 00 00 b8 d3 00 00 00 e9 ac e1 ff ff
0x000007fb51d1d264:   cc cc cc cc cc cc 66 0f 1f 44 00 00 8b 05 4e f0 


Register to memory mapping:

RAX=0x0000000000000000 is an unknown value
RBX=0x00000000bc4b23d0 is an oop
{method} 
 - klass: {other class}
RCX=0x0000000000000001 is an unknown value
RDX=0x000000000de8f348 is pointing into the stack for thread: 0x0000000008c80000
RSP=0x000000000de8f288 is pointing into the stack for thread: 0x0000000008c80000
RBP=0x000000000de8f310 is pointing into the stack for thread: 0x0000000008c80000
RSI=0x0000000000000019 is an unknown value
RDI=0x0000000000000007 is an unknown value
R8 =0x0000000000000001 is an unknown value
R9 =0x000007fb51d1d240 is an unknown value
R10=0x000000000280237c is an Interpreter codelet
method entry point (kind = native)  [0x0000000002802100, 0x0000000002802980]  2176 bytes
R11=0x0000000072db9860 is an unknown value
R12=0x0000000000000000 is an unknown value
R13=0x00000000bc4b23d0 is an oop
{method} 
 - klass: {other class}
R14=0x000000000de8f348 is pointing into the stack for thread: 0x0000000008c80000
R15=0x0000000008c80000 is a thread


Stack: [0x000000000dd90000,0x000000000de90000],  sp=0x000000000de8f288,  free space=1020k
Native frames: (J=compiled Java code, j=interpreted, Vv=VM code, C=native code)
C  [OpenGL32.dll+0xdd254]  glDepthMask+0x14
j  jogamp.opengl.gl4.GL4bcImpl.glDepthMask(Z)V+34
j  processing.opengl.PGL.depthMask(Z)V+4
j  processing.opengl.PGraphicsOpenGL.backgroundImpl()V+8
j  processing.core.PGraphics.backgroundFromCalc()V+122
j  processing.core.PGraphics.background(I)V+6
j  processing.core.PGraphics.reapplySettings()V+190
j  processing.opengl.PGraphicsOpenGL.setSize(II)V+15
j  processing.core.PApplet.resizeRenderer(II)V+90
j  processing.core.PApplet.run()V+162
j  java.lang.Thread.run()V+11
v  ~StubRoutines::call_stub
V  [jvm.dll+0x1a6844]

Java frames: (J=compiled Java code, j=interpreted, Vv=VM code)
j  jogamp.opengl.gl4.GL4bcImpl.dispatch_glDepthMask1(ZJ)V+0
j  jogamp.opengl.gl4.GL4bcImpl.glDepthMask(Z)V+34
j  processing.opengl.PGL.depthMask(Z)V+4
j  processing.opengl.PGraphicsOpenGL.backgroundImpl()V+8
j  processing.core.PGraphics.backgroundFromCalc()V+122
j  processing.core.PGraphics.background(I)V+6
j  processing.core.PGraphics.reapplySettings()V+190
j  processing.opengl.PGraphicsOpenGL.setSize(II)V+15
j  processing.core.PApplet.resizeRenderer(II)V+90
j  processing.core.PApplet.run()V+162
j  java.lang.Thread.run()V+11
v  ~StubRoutines::call_stub

---------------  P R O C E S S  ---------------

Java Threads: ( => current thread )
  0x000000000e96d800 JavaThread "Image Fetcher 0" daemon [_thread_blocked, id=6876, stack(0x0000000010d50000,0x0000000010e50000)]
  0x000000000e965800 JavaThread "Animation Thread-SharedResourceRunner" daemon [_thread_blocked, id=6612, stack(0x000000000f170000,0x000000000f270000)]
=>0x0000000008c80000 JavaThread "Animation Thread" [_thread_in_native, id=10860, stack(0x000000000dd90000,0x000000000de90000)]
  0x0000000008c7c000 JavaThread "AWT-EventQueue-1" [_thread_in_native, id=4300, stack(0x000000000e3f0000,0x000000000e4f0000)]
  0x0000000008c82000 JavaThread "D3D Screen Updater" daemon [_thread_blocked, id=536, stack(0x000000000de90000,0x000000000df90000)]
  0x0000000008c7e800 JavaThread "DestroyJavaVM" [_thread_blocked, id=4776, stack(0x0000000002240000,0x0000000002340000)]
  0x0000000008c7f000 JavaThread "AWT-EventQueue-0" [_thread_blocked, id=11900, stack(0x000000000c6f0000,0x000000000c7f0000)]
  0x0000000008c7d000 JavaThread "thread applet-CloneIris.ColorPicking.class" [_thread_blocked, id=11504, stack(0x000000000c5f0000,0x000000000c6f0000)]
  0x0000000008c7d800 JavaThread "AWT-Windows" daemon [_thread_in_native, id=4456, stack(0x000000000ae50000,0x000000000af50000)]
  0x0000000008c81800 JavaThread "AWT-Shutdown" [_thread_blocked, id=4212, stack(0x000000000ad50000,0x000000000ae50000)]
  0x0000000008c83000 JavaThread "Java2D Disposer" daemon [_thread_blocked, id=12140, stack(0x000000000ac50000,0x000000000ad50000)]
  0x0000000008c80800 JavaThread "Service Thread" daemon [_thread_blocked, id=2780, stack(0x000000000a410000,0x000000000a510000)]
  0x0000000008c72000 JavaThread "C2 CompilerThread1" daemon [_thread_blocked, id=10884, stack(0x000000000a310000,0x000000000a410000)]
  0x0000000008c70000 JavaThread "C2 CompilerThread0" daemon [_thread_blocked, id=11204, stack(0x000000000a210000,0x000000000a310000)]
  0x0000000008c6f000 JavaThread "Attach Listener" daemon [_thread_blocked, id=5440, stack(0x000000000a110000,0x000000000a210000)]
  0x0000000008c6e000 JavaThread "Signal Dispatcher" daemon [_thread_blocked, id=5644, stack(0x000000000a010000,0x000000000a110000)]
  0x0000000008be7000 JavaThread "Finalizer" daemon [_thread_blocked, id=9780, stack(0x0000000009f10000,0x000000000a010000)]
  0x0000000008bde800 JavaThread "Reference Handler" daemon [_thread_blocked, id=7652, stack(0x0000000009e10000,0x0000000009f10000)]

Other Threads:
  0x0000000008bd5800 VMThread [stack: 0x0000000009d10000,0x0000000009e10000] [id=12280]
  0x0000000008ca4000 WatcherThread [stack: 0x000000000a510000,0x000000000a610000] [id=4104]

VM state:not at safepoint (normal execution)

VM Mutex/Monitor currently owned by a thread: None

Heap
 PSYoungGen      total 67456K, used 34378K [0x00000000eae00000, 0x00000000ef280000, 0x0000000100000000)
  eden space 64768K, 53% used [0x00000000eae00000,0x00000000ecf92868,0x00000000eed40000)
  from space 2688K, 0% used [0x00000000eefe0000,0x00000000eefe0000,0x00000000ef280000)
  to   space 2688K, 0% used [0x00000000eed40000,0x00000000eed40000,0x00000000eefe0000)
 ParOldGen       total 69568K, used 27499K [0x00000000c0a00000, 0x00000000c4df0000, 0x00000000eae00000)
  object space 69568K, 39% used [0x00000000c0a00000,0x00000000c24dade8,0x00000000c4df0000)
 PSPermGen       total 33088K, used 16512K [0x00000000bb800000, 0x00000000bd850000, 0x00000000c0a00000)
  object space 33088K, 49% used [0x00000000bb800000,0x00000000bc820128,0x00000000bd850000)

Card table byte_map: [0x00000000058b0000,0x0000000005ae0000] byte_map_base: 0x00000000052d4000

Polling page: 0x00000000009a0000

Code Cache  [0x00000000027f0000, 0x0000000002a60000, 0x00000000057f0000)
 total_blobs=965 nmethods=219 adapters=697 free_code_cache=47950Kb largest_free_block=49065024

Compilation events (10 events):
Event: 4.258 Thread 0x0000000008c70000 nmethod 211 0x0000000002919b90 code [0x0000000002919d40, 0x0000000002919fc0]
Event: 4.258 Thread 0x0000000008c70000  214             processing.core.PMatrix3D::set (162 bytes)
Event: 4.260 Thread 0x0000000008c70000 nmethod 214 0x00000000029066d0 code [0x0000000002906820, 0x00000000029069c8]
Event: 4.260 Thread 0x0000000008c70000  215             jogamp.opengl.glu.tessellator.Mesh::KillFace (49 bytes)
Event: 4.261 Thread 0x0000000008c70000 nmethod 215 0x0000000002920010 code [0x0000000002920160, 0x0000000002920258]
Event: 4.261 Thread 0x0000000008c70000  216             jogamp.opengl.glu.tessellator.Render::MaximumStrip (281 bytes)
Event: 4.269 Thread 0x0000000008c70000 nmethod 216 0x0000000002918f50 code [0x00000000029190e0, 0x0000000002919508]
Event: 4.271 Thread 0x0000000008c72000 nmethod 213 0x000000000291e650 code [0x000000000291e7e0, 0x000000000291f378]
Event: 4.370 Thread 0x0000000008c70000  217             java.util.concurrent.locks.AbstractOwnableSynchronizer::getExclusiveOwnerThread (5 bytes)
Event: 4.370 Thread 0x0000000008c70000 nmethod 217 0x000000000290c710 code [0x000000000290c840, 0x000000000290c898]

GC Heap History (10 events):
Event: 0.707 GC heap before
{Heap before GC invocations=1 (full 0):
 PSYoungGen      total 18880K, used 16000K [0x00000000eae00000, 0x00000000ec310000, 0x0000000100000000)
  eden space 16192K, 98% used [0x00000000eae00000,0x00000000ebda0380,0x00000000ebdd0000)
  from space 2688K, 0% used [0x00000000ec070000,0x00000000ec070000,0x00000000ec310000)
  to   space 2688K, 0% used [0x00000000ebdd0000,0x00000000ebdd0000,0x00000000ec070000)
 ParOldGen       total 43264K, used 0K [0x00000000c0a00000, 0x00000000c3440000, 0x00000000eae00000)
  object space 43264K, 0% used [0x00000000c0a00000,0x00000000c0a00000,0x00000000c3440000)
 PSPermGen       total 21248K, used 11501K [0x00000000bb800000, 0x00000000bccc0000, 0x00000000c0a00000)
  object space 21248K, 54% used [0x00000000bb800000,0x00000000bc33b7f8,0x00000000bccc0000)
Event: 0.715 GC heap after
Heap after GC invocations=1 (full 0):
 PSYoungGen      total 18880K, used 2673K [0x00000000eae00000, 0x00000000ed2e0000, 0x0000000100000000)
  eden space 16192K, 0% used [0x00000000eae00000,0x00000000eae00000,0x00000000ebdd0000)
  from space 2688K, 99% used [0x00000000ebdd0000,0x00000000ec06c790,0x00000000ec070000)
  to   space 2688K, 0% used [0x00000000ed040000,0x00000000ed040000,0x00000000ed2e0000)
 ParOldGen       total 43264K, used 837K [0x00000000c0a00000, 0x00000000c3440000, 0x00000000eae00000)
  object space 43264K, 1% used [0x00000000c0a00000,0x00000000c0ad1548,0x00000000c3440000)
 PSPermGen       total 21248K, used 11501K [0x00000000bb800000, 0x00000000bccc0000, 0x00000000c0a00000)
  object space 21248K, 54% used [0x00000000bb800000,0x00000000bc33b7f8,0x00000000bccc0000)
}
Event: 1.199 GC heap before
{Heap before GC invocations=2 (full 0):
 PSYoungGen      total 18880K, used 18865K [0x00000000eae00000, 0x00000000ed2e0000, 0x0000000100000000)
  eden space 16192K, 100% used [0x00000000eae00000,0x00000000ebdd0000,0x00000000ebdd0000)
  from space 2688K, 99% used [0x00000000ebdd0000,0x00000000ec06c790,0x00000000ec070000)
  to   space 2688K, 0% used [0x00000000ed040000,0x00000000ed040000,0x00000000ed2e0000)
 ParOldGen       total 43264K, used 837K [0x00000000c0a00000, 0x00000000c3440000, 0x00000000eae00000)
  object space 43264K, 1% used [0x00000000c0a00000,0x00000000c0ad1548,0x00000000c3440000)
 PSPermGen       total 21248K, used 15636K [0x00000000bb800000, 0x00000000bccc0000, 0x00000000c0a00000)
  object space 21248K, 73% used [0x00000000bb800000,0x00000000bc7450a0,0x00000000bccc0000)
Event: 1.208 GC heap after
Heap after GC invocations=2 (full 0):
 PSYoungGen      total 35072K, used 2680K [0x00000000eae00000, 0x00000000ed2e0000, 0x0000000100000000)
  eden space 32384K, 0% used [0x00000000eae00000,0x00000000eae00000,0x00000000ecda0000)
  from space 2688K, 99% used [0x00000000ed040000,0x00000000ed2de050,0x00000000ed2e0000)
  to   space 2688K, 0% used [0x00000000ecda0000,0x00000000ecda0000,0x00000000ed040000)
 ParOldGen       total 43264K, used 1688K [0x00000000c0a00000, 0x00000000c3440000, 0x00000000eae00000)
  object space 43264K, 3% used [0x00000000c0a00000,0x00000000c0ba6228,0x00000000c3440000)
 PSPermGen       total 21248K, used 15636K [0x00000000bb800000, 0x00000000bccc0000, 0x00000000c0a00000)
  object space 21248K, 73% used [0x00000000bb800000,0x00000000bc7450a0,0x00000000bccc0000)
}
Event: 1.526 GC heap before
{Heap before GC invocations=3 (full 0):
 PSYoungGen      total 35072K, used 33903K [0x00000000eae00000, 0x00000000ed2e0000, 0x0000000100000000)
  eden space 32384K, 96% used [0x00000000eae00000,0x00000000ecc7dbf8,0x00000000ecda0000)
  from space 2688K, 99% used [0x00000000ed040000,0x00000000ed2de050,0x00000000ed2e0000)
  to   space 2688K, 0% used [0x00000000ecda0000,0x00000000ecda0000,0x00000000ed040000)
 ParOldGen       total 43264K, used 1688K [0x00000000c0a00000, 0x00000000c3440000, 0x00000000eae00000)
  object space 43264K, 3% used [0x00000000c0a00000,0x00000000c0ba6228,0x00000000c3440000)
 PSPermGen       total 21248K, used 16197K [0x00000000bb800000, 0x00000000bccc0000, 0x00000000c0a00000)
  object space 21248K, 76% used [0x00000000bb800000,0x00000000bc7d1658,0x00000000bccc0000)
Event: 1.533 GC heap after
Heap after GC invocations=3 (full 0):
 PSYoungGen      total 35072K, used 2668K [0x00000000eae00000, 0x00000000ef280000, 0x0000000100000000)
  eden space 32384K, 0% used [0x00000000eae00000,0x00000000eae00000,0x00000000ecda0000)
  from space 2688K, 99% used [0x00000000ecda0000,0x00000000ed03b3f8,0x00000000ed040000)
  to   space 2688K, 0% used [0x00000000eefe0000,0x00000000eefe0000,0x00000000ef280000)
 ParOldGen       total 43264K, used 11015K [0x00000000c0a00000, 0x00000000c3440000, 0x00000000eae00000)
  object space 43264K, 25% used [0x00000000c0a00000,0x00000000c14c1e10,0x00000000c3440000)
 PSPermGen       total 21248K, used 16197K [0x00000000bb800000, 0x00000000bccc0000, 0x00000000c0a00000)
  object space 21248K, 76% used [0x00000000bb800000,0x00000000bc7d1658,0x00000000bccc0000)
}
Event: 1.824 GC heap before
{Heap before GC invocations=4 (full 0):
 PSYoungGen      total 35072K, used 34822K [0x00000000eae00000, 0x00000000ef280000, 0x0000000100000000)
  eden space 32384K, 99% used [0x00000000eae00000,0x00000000ecd664a0,0x00000000ecda0000)
  from space 2688K, 99% used [0x00000000ecda0000,0x00000000ed03b3f8,0x00000000ed040000)
  to   space 2688K, 0% used [0x00000000eefe0000,0x00000000eefe0000,0x00000000ef280000)
 ParOldGen       total 43264K, used 11015K [0x00000000c0a00000, 0x00000000c3440000, 0x00000000eae00000)
  object space 43264K, 25% used [0x00000000c0a00000,0x00000000c14c1e10,0x00000000c3440000)
 PSPermGen       total 21248K, used 16386K [0x00000000bb800000, 0x00000000bccc0000, 0x00000000c0a00000)
  object space 21248K, 77% used [0x00000000bb800000,0x00000000bc800a98,0x00000000bccc0000)
Event: 1.837 GC heap after
Heap after GC invocations=4 (full 0):
 PSYoungGen      total 67456K, used 2659K [0x00000000eae00000, 0x00000000ef280000, 0x0000000100000000)
  eden space 64768K, 0% used [0x00000000eae00000,0x00000000eae00000,0x00000000eed40000)
  from space 2688K, 98% used [0x00000000eefe0000,0x00000000ef278c30,0x00000000ef280000)
  to   space 2688K, 0% used [0x00000000eed40000,0x00000000eed40000,0x00000000eefe0000)
 ParOldGen       total 43264K, used 26881K [0x00000000c0a00000, 0x00000000c3440000, 0x00000000eae00000)
  object space 43264K, 62% used [0x00000000c0a00000,0x00000000c24404d0,0x00000000c3440000)
 PSPermGen       total 21248K, used 16386K [0x00000000bb800000, 0x00000000bccc0000, 0x00000000c0a00000)
  object space 21248K, 77% used [0x00000000bb800000,0x00000000bc800a98,0x00000000bccc0000)
}
Event: 1.837 GC heap before
{Heap before GC invocations=5 (full 1):
 PSYoungGen      total 67456K, used 2659K [0x00000000eae00000, 0x00000000ef280000, 0x0000000100000000)
  eden space 64768K, 0% used [0x00000000eae00000,0x00000000eae00000,0x00000000eed40000)
  from space 2688K, 98% used [0x00000000eefe0000,0x00000000ef278c30,0x00000000ef280000)
  to   space 2688K, 0% used [0x00000000eed40000,0x00000000eed40000,0x00000000eefe0000)
 ParOldGen       total 43264K, used 26881K [0x00000000c0a00000, 0x00000000c3440000, 0x00000000eae00000)
  object space 43264K, 62% used [0x00000000c0a00000,0x00000000c24404d0,0x00000000c3440000)
 PSPermGen       total 21248K, used 16386K [0x00000000bb800000, 0x00000000bccc0000, 0x00000000c0a00000)
  object space 21248K, 77% used [0x00000000bb800000,0x00000000bc800a98,0x00000000bccc0000)
Event: 1.879 GC heap after
Heap after GC invocations=5 (full 1):
 PSYoungGen      total 67456K, used 0K [0x00000000eae00000, 0x00000000ef280000, 0x0000000100000000)
  eden space 64768K, 0% used [0x00000000eae00000,0x00000000eae00000,0x00000000eed40000)
  from space 2688K, 0% used [0x00000000eefe0000,0x00000000eefe0000,0x00000000ef280000)
  to   space 2688K, 0% used [0x00000000eed40000,0x00000000eed40000,0x00000000eefe0000)
 ParOldGen       total 69568K, used 27499K [0x00000000c0a00000, 0x00000000c4df0000, 0x00000000eae00000)
  object space 69568K, 39% used [0x00000000c0a00000,0x00000000c24dade8,0x00000000c4df0000)
 PSPermGen       total 33088K, used 16382K [0x00000000bb800000, 0x00000000bd850000, 0x00000000c0a00000)
  object space 33088K, 49% used [0x00000000bb800000,0x00000000bc7ff8b8,0x00000000bd850000)
}

Deoptimization events (4 events):
Event: 1.128 Thread 0x000000000e965800 Uncommon trap -83 fr.pc 0x00000000028b0ed8
Event: 1.328 Thread 0x0000000008c7c000 Uncommon trap -83 fr.pc 0x00000000028b5d40
Event: 1.365 Thread 0x000000000e96d800 Uncommon trap -28 fr.pc 0x00000000028bee70
Event: 1.372 Thread 0x000000000e96d800 Uncommon trap -28 fr.pc 0x00000000028c16b0

Internal exceptions (10 events):
Event: 1.747 Thread 0x0000000008c7c000 Threw 0x00000000ec788e70 at C:\jdk7u2_64p\jdk7u25\hotspot\src\share\vm\prims\jvm.cpp:1235
Event: 1.747 Thread 0x0000000008c7c000 Threw 0x00000000ec78d430 at C:\jdk7u2_64p\jdk7u25\hotspot\src\share\vm\prims\jvm.cpp:1235
Event: 1.748 Thread 0x0000000008c7c000 Threw 0x00000000ec791b28 at C:\jdk7u2_64p\jdk7u25\hotspot\src\share\vm\prims\jvm.cpp:1235
Event: 1.748 Thread 0x0000000008c7c000 Threw 0x00000000ec796290 at C:\jdk7u2_64p\jdk7u25\hotspot\src\share\vm\prims\jvm.cpp:1235
Event: 1.748 Thread 0x0000000008c7c000 Threw 0x00000000ec79a2a0 at C:\jdk7u2_64p\jdk7u25\hotspot\src\share\vm\prims\jvm.cpp:1235
Event: 1.749 Thread 0x0000000008c7c000 Threw 0x00000000ec79f028 at C:\jdk7u2_64p\jdk7u25\hotspot\src\share\vm\prims\jvm.cpp:1235
Event: 1.749 Thread 0x0000000008c7c000 Threw 0x00000000ec7a2c10 at C:\jdk7u2_64p\jdk7u25\hotspot\src\share\vm\prims\jvm.cpp:1235
Event: 1.750 Thread 0x0000000008c7c000 Threw 0x00000000ec7a70c0 at C:\jdk7u2_64p\jdk7u25\hotspot\src\share\vm\prims\jvm.cpp:1235
Event: 1.750 Thread 0x0000000008c7c000 Threw 0x00000000ec7ad510 at C:\jdk7u2_64p\jdk7u25\hotspot\src\share\vm\prims\jvm.cpp:1235
Event: 2.112 Thread 0x0000000008c7c000 Threw 0x00000000ebc0d338 at C:\jdk7u2_64p\jdk7u25\hotspot\src\share\vm\prims\jvm.cpp:1235

Events (10 events):
Event: 4.363 Executing VM operation: RevokeBias
Event: 4.363 Executing VM operation: RevokeBias done
Event: 4.370 Executing VM operation: RevokeBias
Event: 4.370 Executing VM operation: RevokeBias done
Event: 4.381 Executing VM operation: RevokeBias
Event: 4.381 Executing VM operation: RevokeBias done
Event: 4.390 Executing VM operation: RevokeBias
Event: 4.390 Executing VM operation: RevokeBias done
Event: 4.395 Executing VM operation: RevokeBias
Event: 4.395 Executing VM operation: RevokeBias done


Dynamic libraries:
0x000007f718100000 - 0x000007f718133000 	C:\Program Files\Java\jre7\bin\javaw.exe
0x000007fb68c00000 - 0x000007fb68dc0000 	C:\WINDOWS\SYSTEM32\ntdll.dll
0x000007fb66980000 - 0x000007fb66ab6000 	C:\WINDOWS\system32\KERNEL32.DLL
0x000007fb65dd0000 - 0x000007fb65ec3000 	C:\WINDOWS\system32\KERNELBASE.dll
0x000007fb661a0000 - 0x000007fb6627e000 	C:\WINDOWS\system32\ADVAPI32.dll
0x000007fb68820000 - 0x000007fb6896c000 	C:\WINDOWS\system32\USER32.dll
0x000007fb63540000 - 0x000007fb637aa000 	C:\WINDOWS\WinSxS\amd64_microsoft.windows.common-controls_6595b64144ccf1df_6.0.9200.16579_none_418ab7ef718b27ef\COMCTL32.dll
0x000007fb665a0000 - 0x000007fb66645000 	C:\WINDOWS\system32\msvcrt.dll
0x000007fb68000000 - 0x000007fb68048000 	C:\WINDOWS\SYSTEM32\sechost.dll
0x000007fb66650000 - 0x000007fb66790000 	C:\WINDOWS\system32\RPCRT4.dll
0x000007fb66b80000 - 0x000007fb66cc1000 	C:\WINDOWS\system32\GDI32.dll
0x000007fb66ac0000 - 0x000007fb66af9000 	C:\WINDOWS\system32\IMM32.DLL
0x000007fb68050000 - 0x000007fb68165000 	C:\WINDOWS\system32\MSCTF.dll
0x0000000073310000 - 0x00000000733e1000 	C:\Program Files\Java\jre7\bin\msvcr100.dll
0x0000000072c00000 - 0x000000007330f000 	C:\Program Files\Java\jre7\bin\server\jvm.dll
0x000007fb5d750000 - 0x000007fb5d759000 	C:\WINDOWS\SYSTEM32\WSOCK32.dll
0x000007fb61d50000 - 0x000007fb61d70000 	C:\WINDOWS\SYSTEM32\WINMM.dll
0x000007fb68170000 - 0x000007fb68177000 	C:\WINDOWS\system32\PSAPI.DLL
0x000007fb66540000 - 0x000007fb66598000 	C:\WINDOWS\system32\WS2_32.dll
0x000007fb61940000 - 0x000007fb61972000 	C:\WINDOWS\SYSTEM32\WINMMBASE.dll
0x000007fb66b00000 - 0x000007fb66b09000 	C:\WINDOWS\system32\NSI.dll
0x0000000072bf0000 - 0x0000000072bff000 	C:\Program Files\Java\jre7\bin\verify.dll
0x0000000072bc0000 - 0x0000000072be8000 	C:\Program Files\Java\jre7\bin\java.dll
0x0000000072ba0000 - 0x0000000072bb5000 	C:\Program Files\Java\jre7\bin\zip.dll
0x0000000072990000 - 0x0000000072b25000 	C:\Program Files\Java\jre7\bin\awt.dll
0x000007fb68180000 - 0x000007fb68243000 	C:\WINDOWS\system32\OLEAUT32.dll
0x000007fb68670000 - 0x000007fb68820000 	C:\WINDOWS\system32\combase.dll
0x000007fb5d6b0000 - 0x000007fb5d74f000 	C:\WINDOWS\system32\apphelp.dll
0x000007fb63cf0000 - 0x000007fb63d11000 	C:\WINDOWS\system32\DWMAPI.DLL
0x000007fb648b0000 - 0x000007fb64996000 	C:\WINDOWS\system32\uxtheme.dll
0x000007fb5d880000 - 0x000007fb5d915000 	C:\Program Files\Common Files\microsoft shared\ink\tiptsf.dll
0x000007fb68250000 - 0x000007fb683ce000 	C:\WINDOWS\system32\ole32.dll
0x000007fb65920000 - 0x000007fb6592a000 	C:\WINDOWS\SYSTEM32\CRYPTBASE.dll
0x000007fb658c0000 - 0x000007fb6591c000 	C:\WINDOWS\SYSTEM32\bcryptPrimitives.dll
0x000007fb5c700000 - 0x000007fb5c900000 	C:\WINDOWS\system32\d3d9.dll
0x000007fb61e90000 - 0x000007fb61e99000 	C:\WINDOWS\SYSTEM32\VERSION.dll
0x000007fb4d8e0000 - 0x000007fb4ea60000 	C:\WINDOWS\SYSTEM32\nvd3dumx.dll
0x000007fb659a0000 - 0x000007fb659e3000 	C:\WINDOWS\SYSTEM32\powrprof.dll
0x0000000072950000 - 0x000000007298f000 	C:\Program Files\Java\jre7\bin\fontmanager.dll
0x000007fb56020000 - 0x000007fb5605f000 	C:\Program Files\Lenovo\Bluetooth Software\btmmhook.dll
0x000007fb66cd0000 - 0x000007fb67fb0000 	C:\WINDOWS\system32\SHELL32.dll
0x000007fb67fb0000 - 0x000007fb68000000 	C:\WINDOWS\system32\SHLWAPI.dll
0x0000000072b80000 - 0x0000000072b99000 	C:\Program Files\Java\jre7\bin\net.dll
0x000007fb65310000 - 0x000007fb6536c000 	C:\WINDOWS\system32\mswsock.dll
0x0000000072b60000 - 0x0000000072b71000 	C:\Program Files\Java\jre7\bin\nio.dll
0x0000000072900000 - 0x0000000072941000 	C:\Program Files\Java\jre7\bin\t2k.dll
0x000007fb61980000 - 0x000007fb619e9000 	C:\WINDOWS\SYSTEM32\oleacc.dll
0x000007fb66280000 - 0x000007fb66316000 	C:\WINDOWS\SYSTEM32\clbcatq.dll
0x000007fb65370000 - 0x000007fb6538a000 	C:\WINDOWS\SYSTEM32\CRYPTSP.dll
0x000007fb64ff0000 - 0x000007fb6503b000 	C:\WINDOWS\system32\rsaenh.dll
0x000007fb650f0000 - 0x000007fb6510f000 	C:\WINDOWS\SYSTEM32\USERENV.dll
0x000007fb65ac0000 - 0x000007fb65ad5000 	C:\WINDOWS\SYSTEM32\profapi.dll
0x000007fb5af20000 - 0x000007fb5af34000 	C:\WINDOWS\system32\napinsp.dll
0x000007fb5c140000 - 0x000007fb5c158000 	C:\WINDOWS\system32\pnrpnsp.dll
0x000007fb644c0000 - 0x000007fb644d6000 	C:\WINDOWS\system32\NLAapi.dll
0x000007fb65150000 - 0x000007fb651e8000 	C:\WINDOWS\SYSTEM32\DNSAPI.dll
0x000007fb5bad0000 - 0x000007fb5bae2000 	C:\WINDOWS\System32\winrnr.dll
0x000007fb56060000 - 0x000007fb56074000 	C:\WINDOWS\system32\wshbth.dll
0x00000000733f0000 - 0x0000000073425000 	C:\Program Files\Bonjour\mdnsNSP.dll
0x000007fb60100000 - 0x000007fb6012a000 	C:\WINDOWS\SYSTEM32\Iphlpapi.DLL
0x000007fb600e0000 - 0x000007fb600ea000 	C:\WINDOWS\SYSTEM32\WINNSI.DLL
0x000007fb5e5c0000 - 0x000007fb5e5c8000 	C:\Windows\System32\rasadhlp.dll
0x000007fb5fd70000 - 0x000007fb5fdcf000 	C:\WINDOWS\System32\fwpuclnt.dll
0x00000000637c0000 - 0x00000000637ca000 	C:\Users\UR\AppData\Local\Temp\jogamp_0000\file_cache\jln3591921001589544252\jln5598533100457229049\gluegen-rt.dll
0x00000000728f0000 - 0x00000000728f7000 	C:\Program Files\Java\jre7\bin\jawt.dll
0x000000006a440000 - 0x000000006a44b000 	C:\Users\UR\AppData\Local\Temp\jogamp_0000\file_cache\jln3591921001589544252\jln5598533100457229049\nativewindow_awt.dll
0x000007fb64c80000 - 0x000007fb64d16000 	C:\WINDOWS\SYSTEM32\shcore.dll
0x000000006c100000 - 0x000000006c10b000 	C:\Users\UR\AppData\Local\Temp\jogamp_0000\file_cache\jln3591921001589544252\jln5598533100457229049\nativewindow_win32.dll
0x000007fb51c40000 - 0x000007fb51d5f000 	C:\WINDOWS\SYSTEM32\OpenGL32.dll
0x000007fb5b1b0000 - 0x000007fb5b1dc000 	C:\WINDOWS\SYSTEM32\GLU32.dll
0x000007fb505a0000 - 0x000007fb5068a000 	C:\WINDOWS\SYSTEM32\DDRAW.dll
0x000007fb61360000 - 0x000007fb61368000 	C:\WINDOWS\SYSTEM32\DCIMAN32.dll
0x0000000064500000 - 0x000000006458e000 	C:\Users\UR\AppData\Local\Temp\jogamp_0000\file_cache\jln3591921001589544252\jln5598533100457229049\jogl_desktop.dll
0x0000000070f90000 - 0x00000000728e1000 	C:\WINDOWS\SYSTEM32\nvoglv64.DLL
0x000007fb667b0000 - 0x000007fb66980000 	C:\WINDOWS\system32\SETUPAPI.dll
0x000007fb65f80000 - 0x000007fb65fcf000 	C:\WINDOWS\system32\CFGMGR32.dll
0x000007fb65fd0000 - 0x000007fb65ff2000 	C:\WINDOWS\system32\DEVOBJ.dll
0x000007fb65d70000 - 0x000007fb65dc5000 	C:\WINDOWS\system32\WINTRUST.dll
0x000007fb65b90000 - 0x000007fb65d61000 	C:\WINDOWS\system32\CRYPT32.dll
0x000007fb65b70000 - 0x000007fb65b86000 	C:\WINDOWS\system32\MSASN1.dll
0x000007fb5f5c0000 - 0x000007fb5f5ee000 	C:\WINDOWS\SYSTEM32\ntmarta.dll
0x0000000070f60000 - 0x0000000070f90000 	C:\Program Files\Java\jre7\bin\jpeg.dll
0x000007fb59b20000 - 0x000007fb59c83000 	C:\WINDOWS\SYSTEM32\dbghelp.dll

VM Arguments:
jvm_args: -Djava.security.policy=java.policy.applet -Dfile.encoding=GBK 
java_command: sun.applet.AppletViewer CloneIris.ColorPicking1376634790341.html
Launcher Type: SUN_STANDARD

Environment Variables:
PATH=C:\Program Files (x86)\NVIDIA Corporation\PhysX\Common;C:\Program Files (x86)\Intel\iCLS Client\;C:\Program Files\Intel\iCLS Client\;C:\WINDOWS\system32;C:\WINDOWS;C:\WINDOWS\System32\Wbem;C:\WINDOWS\System32\WindowsPowerShell\v1.0\;C:\Program Files\Intel\Intel(R) Management Engine Components\DAL;C:\Program Files\Intel\Intel(R) Management Engine Components\IPT;C:\Program Files (x86)\Intel\Intel(R) Management Engine Components\DAL;C:\Program Files (x86)\Intel\Intel(R) Management Engine Components\IPT;C:\Program Files\Lenovo\Bluetooth Software\;C:\Program Files\Lenovo\Bluetooth Software\syswow64;C:\Program Files\Microsoft\Web Platform Installer\;C:\Program Files (x86)\Microsoft ASP.NET\ASP.NET Web Pages\v1.0\;C:\Program Files (x86)\Windows Kits\8.0\Windows Performance Toolkit\;C:\Program Files\Microsoft SQL Server\110\Tools\Binn\;C:\Program Files (x86)\Microsoft SQL Server\100\Tools\Binn\;C:\Program Files\Microsoft SQL Server\100\Tools\Binn\;C:\Program Files\Microsoft SQL Server\100\DTS\Binn\;C:\Program Files (x86)\Microsoft SDKs\Windows\v7.0A\Bin
USERNAME=UR
OS=Windows_NT
PROCESSOR_IDENTIFIER=Intel64 Family 6 Model 58 Stepping 9, GenuineIntel



---------------  S Y S T E M  ---------------

OS: Windows 8 , 64 bit Build 9200 

CPU:total 4 (2 cores per cpu, 2 threads per core) family 6 model 58 stepping 9, cmov, cx8, fxsr, mmx, sse, sse2, sse3, ssse3, sse4.1, sse4.2, popcnt, avx, ht, tsc, tscinvbit, tscinv

Memory: 4k page, physical 4148708k(831068k free), swap 13085560k(1966620k free)

vm_info: Java HotSpot(TM) 64-Bit Server VM (23.25-b01) for windows-amd64 JRE (1.7.0_25-b17), built on Jun 21 2013 12:58:32 by "java_re" with unknown MS VC++:1600

time: Fri Aug 16 14:33:14 2013
elapsed time: 4 seconds

