#
# A fatal error has been detected by the Java Runtime Environment:
#
#  EXCEPTION_ACCESS_VIOLATION (0xc0000005) at pc=0x000007fb57c8d254, pid=9432, tid=4720
#
# JRE version: 7.0_25-b17
# Java VM: Java HotSpot(TM) 64-Bit Server VM (23.25-b01 mixed mode windows-amd64 compressed oops)
# Problematic frame:
# C  [OpenGL32.dll+0xdd254]  glDepthMask+0x14
#
# Failed to write core dump. Minidumps are not enabled by default on client versions of Windows
#
# If you would like to submit a bug report, please visit:
#   http://bugreport.sun.com/bugreport/crash.jsp
# The crash happened outside the Java Virtual Machine in native code.
# See problematic frame for where to report the bug.
#

---------------  T H R E A D  ---------------

Current thread (0x000000000a3aa000):  JavaThread "Animation Thread" [_thread_in_native, id=4720, stack(0x000000000d7e0000,0x000000000d8e0000)]

siginfo: ExceptionCode=0xc0000005, reading address 0x0000000000000698

Registers:
RAX=0x0000000000000000, RBX=0x00000000bc4a6170, RCX=0x0000000000000001, RDX=0x000000000d8debb8
RSP=0x000000000d8deaf8, RBP=0x000000000d8deb80, RSI=0x0000000000000019, RDI=0x0000000000000007
R8 =0x0000000000000001, R9 =0x000007fb57c8d240, R10=0x000000000229237c, R11=0x0000000072db9860
R12=0x0000000000000000, R13=0x00000000bc4a6170, R14=0x000000000d8debb8, R15=0x000000000a3aa000
RIP=0x000007fb57c8d254, EFLAGS=0x0000000000010283

Top of Stack: (sp=0x000000000d8deaf8)
0x000000000d8deaf8:   00000000022923a8 0000000000000000
0x000000000d8deb08:   000000000d8deb20 000000000d8deb78
0x000000000d8deb18:   00000000022861f8 0000000000000000
0x000000000d8deb28:   0000000000000000 0000000000000000
0x000000000d8deb38:   000000000d8deb38 000000000d8deb40
0x000000000d8deb48:   0000000000000000 000000000d8debb8
0x000000000d8deb58:   00000000bc6809f0 0000000000000000
0x000000000d8deb68:   00000000bc4a6170 0000000000000000
0x000000000d8deb78:   000000000d8deba0 000000000d8dec00
0x000000000d8deb88:   00000000022861f8 0000000000000000
0x000000000d8deb98:   000000000228f1d8 000007fb57c8d240
0x000000000d8deba8:   00000000022863d3 0000000000000001
0x000000000d8debb8:   00000000eae91b68 000000000d8debc0
0x000000000d8debc8:   00000000bc4a6092 000000000d8dec28
0x000000000d8debd8:   00000000bc6809f0 0000000000000000
0x000000000d8debe8:   00000000bc4a60a0 000000000d8deba0 

Instructions: (pc=0x000007fb57c8d254)
0x000007fb57c8d234:   cc cc cc cc cc cc 66 0f 1f 44 00 00 8b 05 7e f0
0x000007fb57c8d244:   00 00 83 f8 40 73 0f 65 48 8b 04 c5 80 14 00 00
0x000007fb57c8d254:   ff a0 98 06 00 00 b8 d3 00 00 00 e9 ac e1 ff ff
0x000007fb57c8d264:   cc cc cc cc cc cc 66 0f 1f 44 00 00 8b 05 4e f0 


Register to memory mapping:

RAX=0x0000000000000000 is an unknown value
RBX=0x00000000bc4a6170 is an oop
{method} 
 - klass: {other class}
RCX=0x0000000000000001 is an unknown value
RDX=0x000000000d8debb8 is pointing into the stack for thread: 0x000000000a3aa000
RSP=0x000000000d8deaf8 is pointing into the stack for thread: 0x000000000a3aa000
RBP=0x000000000d8deb80 is pointing into the stack for thread: 0x000000000a3aa000
RSI=0x0000000000000019 is an unknown value
RDI=0x0000000000000007 is an unknown value
R8 =0x0000000000000001 is an unknown value
R9 =0x000007fb57c8d240 is an unknown value
R10=0x000000000229237c is an Interpreter codelet
method entry point (kind = native)  [0x0000000002292100, 0x0000000002292980]  2176 bytes
R11=0x0000000072db9860 is an unknown value
R12=0x0000000000000000 is an unknown value
R13=0x00000000bc4a6170 is an oop
{method} 
 - klass: {other class}
R14=0x000000000d8debb8 is pointing into the stack for thread: 0x000000000a3aa000
R15=0x000000000a3aa000 is a thread


Stack: [0x000000000d7e0000,0x000000000d8e0000],  sp=0x000000000d8deaf8,  free space=1018k
Native frames: (J=compiled Java code, j=interpreted, Vv=VM code, C=native code)
C  [OpenGL32.dll+0xdd254]  glDepthMask+0x14
j  jogamp.opengl.gl4.GL4bcImpl.glDepthMask(Z)V+34
j  processing.opengl.PGL.depthMask(Z)V+4
j  processing.opengl.PGraphicsOpenGL.backgroundImpl()V+8
j  processing.core.PGraphics.backgroundFromCalc()V+122
j  processing.core.PGraphics.background(I)V+6
j  processing.core.PGraphics.reapplySettings()V+190
j  processing.opengl.PGraphicsOpenGL.setSize(II)V+15
j  processing.core.PApplet.resizeRenderer(II)V+90
j  processing.core.PApplet.run()V+162
j  java.lang.Thread.run()V+11
v  ~StubRoutines::call_stub
V  [jvm.dll+0x1a6844]

Java frames: (J=compiled Java code, j=interpreted, Vv=VM code)
j  jogamp.opengl.gl4.GL4bcImpl.dispatch_glDepthMask1(ZJ)V+0
j  jogamp.opengl.gl4.GL4bcImpl.glDepthMask(Z)V+34
j  processing.opengl.PGL.depthMask(Z)V+4
j  processing.opengl.PGraphicsOpenGL.backgroundImpl()V+8
j  processing.core.PGraphics.backgroundFromCalc()V+122
j  processing.core.PGraphics.background(I)V+6
j  processing.core.PGraphics.reapplySettings()V+190
j  processing.opengl.PGraphicsOpenGL.setSize(II)V+15
j  processing.core.PApplet.resizeRenderer(II)V+90
j  processing.core.PApplet.run()V+162
j  java.lang.Thread.run()V+11
v  ~StubRoutines::call_stub

---------------  P R O C E S S  ---------------

Java Threads: ( => current thread )
  0x000000000e217000 JavaThread "Animation Thread-SharedResourceRunner" daemon [_thread_blocked, id=3940, stack(0x000000000c190000,0x000000000c290000)]
=>0x000000000a3aa000 JavaThread "Animation Thread" [_thread_in_native, id=4720, stack(0x000000000d7e0000,0x000000000d8e0000)]
  0x000000000a3d5000 JavaThread "AWT-EventQueue-1" [_thread_in_native, id=1692, stack(0x000000000de40000,0x000000000df40000)]
  0x000000000a3ab000 JavaThread "D3D Screen Updater" daemon [_thread_blocked, id=1432, stack(0x000000000d8e0000,0x000000000d9e0000)]
  0x0000000001d0e800 JavaThread "DestroyJavaVM" [_thread_blocked, id=4372, stack(0x0000000002080000,0x0000000002180000)]
  0x000000000a238000 JavaThread "AWT-EventQueue-0" [_thread_blocked, id=2208, stack(0x000000000c090000,0x000000000c190000)]
  0x000000000a29f800 JavaThread "thread applet-ColorPicking.class" [_thread_blocked, id=7408, stack(0x000000000bf90000,0x000000000c090000)]
  0x000000000a1e4000 JavaThread "AWT-Windows" daemon [_thread_in_native, id=10400, stack(0x000000000a850000,0x000000000a950000)]
  0x000000000a1fc800 JavaThread "AWT-Shutdown" [_thread_blocked, id=6420, stack(0x000000000a750000,0x000000000a850000)]
  0x000000000a1fb800 JavaThread "Java2D Disposer" daemon [_thread_blocked, id=11016, stack(0x000000000a650000,0x000000000a750000)]
  0x000000000871c000 JavaThread "Service Thread" daemon [_thread_blocked, id=9752, stack(0x0000000009e90000,0x0000000009f90000)]
  0x0000000008715000 JavaThread "C2 CompilerThread1" daemon [_thread_blocked, id=5792, stack(0x0000000009d90000,0x0000000009e90000)]
  0x0000000008704000 JavaThread "C2 CompilerThread0" daemon [_thread_blocked, id=5388, stack(0x0000000009c90000,0x0000000009d90000)]
  0x00000000086ff000 JavaThread "Attach Listener" daemon [_thread_blocked, id=8800, stack(0x0000000009b90000,0x0000000009c90000)]
  0x00000000086fe000 JavaThread "Signal Dispatcher" daemon [_thread_blocked, id=10396, stack(0x0000000009a90000,0x0000000009b90000)]
  0x0000000008677000 JavaThread "Finalizer" daemon [_thread_blocked, id=8668, stack(0x0000000009990000,0x0000000009a90000)]
  0x000000000866e800 JavaThread "Reference Handler" daemon [_thread_blocked, id=5872, stack(0x0000000009890000,0x0000000009990000)]

Other Threads:
  0x0000000008665800 VMThread [stack: 0x0000000009790000,0x0000000009890000] [id=4292]
  0x00000000086dc000 WatcherThread [stack: 0x0000000009f90000,0x000000000a090000] [id=8120]

VM state:not at safepoint (normal execution)

VM Mutex/Monitor currently owned by a thread: None

Heap
 PSYoungGen      total 18880K, used 10891K [0x00000000eae00000, 0x00000000ec310000, 0x0000000100000000)
  eden space 16192K, 50% used [0x00000000eae00000,0x00000000eb604c00,0x00000000ebdd0000)
  from space 2688K, 99% used [0x00000000ec070000,0x00000000ec30e030,0x00000000ec310000)
  to   space 2688K, 0% used [0x00000000ebdd0000,0x00000000ebdd0000,0x00000000ec070000)
 ParOldGen       total 43264K, used 2668K [0x00000000c0a00000, 0x00000000c3440000, 0x00000000eae00000)
  object space 43264K, 6% used [0x00000000c0a00000,0x00000000c0c9b318,0x00000000c3440000)
 PSPermGen       total 21248K, used 16281K [0x00000000bb800000, 0x00000000bccc0000, 0x00000000c0a00000)
  object space 21248K, 76% used [0x00000000bb800000,0x00000000bc7e67c8,0x00000000bccc0000)

Card table byte_map: [0x0000000005340000,0x0000000005570000] byte_map_base: 0x0000000004d64000

Polling page: 0x0000000000500000

Code Cache  [0x0000000002280000, 0x00000000024f0000, 0x0000000005280000)
 total_blobs=823 nmethods=85 adapters=689 free_code_cache=48316Kb largest_free_block=49448704

Compilation events (10 events):
Event: 2.015 Thread 0x0000000008704000   78             jogamp.opengl.glu.tessellator.Geom::VertLeq (42 bytes)
Event: 2.015 Thread 0x0000000008704000 nmethod 78 0x000000000234c490 code [0x000000000234c5c0, 0x000000000234c658]
Event: 2.116 Thread 0x0000000008715000   79             processing.opengl.PGL::javaToNativeARGB (54 bytes)
Event: 2.116 Thread 0x0000000008704000   80             jogamp.opengl.glu.tessellator.Geom::EdgeSign (87 bytes)
Event: 2.116 Thread 0x0000000008715000 nmethod 79 0x000000000234c250 code [0x000000000234c380, 0x000000000234c418]
Event: 2.116 Thread 0x0000000008704000 nmethod 80 0x000000000234bf50 code [0x000000000234c0c0, 0x000000000234c178]
Event: 2.132 Thread 0x0000000008715000   81             jogamp.opengl.glu.tessellator.Normal::ComputeNormal (559 bytes)
Event: 2.142 Thread 0x0000000008715000 nmethod 81 0x0000000002356190 code [0x0000000002356360, 0x0000000002356e28]
Event: 2.149 Thread 0x0000000008704000   82             jogamp.opengl.GLContextImpl::getGLProcAddressTable (5 bytes)
Event: 2.149 Thread 0x0000000008704000 nmethod 82 0x000000000234f110 code [0x000000000234f240, 0x000000000234f298]

GC Heap History (4 events):
Event: 0.601 GC heap before
{Heap before GC invocations=1 (full 0):
 PSYoungGen      total 18880K, used 15561K [0x00000000eae00000, 0x00000000ec310000, 0x0000000100000000)
  eden space 16192K, 96% used [0x00000000eae00000,0x00000000ebd324f8,0x00000000ebdd0000)
  from space 2688K, 0% used [0x00000000ec070000,0x00000000ec070000,0x00000000ec310000)
  to   space 2688K, 0% used [0x00000000ebdd0000,0x00000000ebdd0000,0x00000000ec070000)
 ParOldGen       total 43264K, used 734K [0x00000000c0a00000, 0x00000000c3440000, 0x00000000eae00000)
  object space 43264K, 1% used [0x00000000c0a00000,0x00000000c0ab78a0,0x00000000c3440000)
 PSPermGen       total 21248K, used 11494K [0x00000000bb800000, 0x00000000bccc0000, 0x00000000c0a00000)
  object space 21248K, 54% used [0x00000000bb800000,0x00000000bc339908,0x00000000bccc0000)
Event: 0.607 GC heap after
Heap after GC invocations=1 (full 0):
 PSYoungGen      total 18880K, used 2657K [0x00000000eae00000, 0x00000000ec310000, 0x0000000100000000)
  eden space 16192K, 0% used [0x00000000eae00000,0x00000000eae00000,0x00000000ebdd0000)
  from space 2688K, 98% used [0x00000000ebdd0000,0x00000000ec068780,0x00000000ec070000)
  to   space 2688K, 0% used [0x00000000ec070000,0x00000000ec070000,0x00000000ec310000)
 ParOldGen       total 43264K, used 1575K [0x00000000c0a00000, 0x00000000c3440000, 0x00000000eae00000)
  object space 43264K, 3% used [0x00000000c0a00000,0x00000000c0b89fc0,0x00000000c3440000)
 PSPermGen       total 21248K, used 11494K [0x00000000bb800000, 0x00000000bccc0000, 0x00000000c0a00000)
  object space 21248K, 54% used [0x00000000bb800000,0x00000000bc339908,0x00000000bccc0000)
}
Event: 1.152 GC heap before
{Heap before GC invocations=2 (full 0):
 PSYoungGen      total 18880K, used 18849K [0x00000000eae00000, 0x00000000ec310000, 0x0000000100000000)
  eden space 16192K, 100% used [0x00000000eae00000,0x00000000ebdd0000,0x00000000ebdd0000)
  from space 2688K, 98% used [0x00000000ebdd0000,0x00000000ec068780,0x00000000ec070000)
  to   space 2688K, 0% used [0x00000000ec070000,0x00000000ec070000,0x00000000ec310000)
 ParOldGen       total 43264K, used 1578K [0x00000000c0a00000, 0x00000000c3440000, 0x00000000eae00000)
  object space 43264K, 3% used [0x00000000c0a00000,0x00000000c0b8a8e0,0x00000000c3440000)
 PSPermGen       total 21248K, used 15904K [0x00000000bb800000, 0x00000000bccc0000, 0x00000000c0a00000)
  object space 21248K, 74% used [0x00000000bb800000,0x00000000bc788008,0x00000000bccc0000)
Event: 1.157 GC heap after
Heap after GC invocations=2 (full 0):
 PSYoungGen      total 18880K, used 2680K [0x00000000eae00000, 0x00000000ec310000, 0x0000000100000000)
  eden space 16192K, 0% used [0x00000000eae00000,0x00000000eae00000,0x00000000ebdd0000)
  from space 2688K, 99% used [0x00000000ec070000,0x00000000ec30e030,0x00000000ec310000)
  to   space 2688K, 0% used [0x00000000ebdd0000,0x00000000ebdd0000,0x00000000ec070000)
 ParOldGen       total 43264K, used 2668K [0x00000000c0a00000, 0x00000000c3440000, 0x00000000eae00000)
  object space 43264K, 6% used [0x00000000c0a00000,0x00000000c0c9b318,0x00000000c3440000)
 PSPermGen       total 21248K, used 15904K [0x00000000bb800000, 0x00000000bccc0000, 0x00000000c0a00000)
  object space 21248K, 74% used [0x00000000bb800000,0x00000000bc788008,0x00000000bccc0000)
}

Deoptimization events (1 events):
Event: 1.040 Thread 0x000000000e217000 Uncommon trap -83 fr.pc 0x0000000002343598

Internal exceptions (10 events):
Event: 1.262 Thread 0x000000000a3d5000 Threw 0x00000000eb0f62f8 at C:\jdk7u2_64p\jdk7u25\hotspot\src\share\vm\prims\jvm.cpp:1235
Event: 1.263 Thread 0x000000000a3d5000 Threw 0x00000000eb0fa9f0 at C:\jdk7u2_64p\jdk7u25\hotspot\src\share\vm\prims\jvm.cpp:1235
Event: 1.263 Thread 0x000000000a3d5000 Threw 0x00000000eb0ff158 at C:\jdk7u2_64p\jdk7u25\hotspot\src\share\vm\prims\jvm.cpp:1235
Event: 1.264 Thread 0x000000000a3d5000 Threw 0x00000000eb103168 at C:\jdk7u2_64p\jdk7u25\hotspot\src\share\vm\prims\jvm.cpp:1235
Event: 1.264 Thread 0x000000000a3d5000 Threw 0x00000000eb108290 at C:\jdk7u2_64p\jdk7u25\hotspot\src\share\vm\prims\jvm.cpp:1235
Event: 1.265 Thread 0x000000000a3d5000 Threw 0x00000000eb10be78 at C:\jdk7u2_64p\jdk7u25\hotspot\src\share\vm\prims\jvm.cpp:1235
Event: 1.265 Thread 0x000000000a3d5000 Threw 0x00000000eb110328 at C:\jdk7u2_64p\jdk7u25\hotspot\src\share\vm\prims\jvm.cpp:1235
Event: 1.266 Thread 0x000000000a3d5000 Threw 0x00000000eb116760 at C:\jdk7u2_64p\jdk7u25\hotspot\src\share\vm\prims\jvm.cpp:1235
Event: 1.268 Thread 0x000000000a3d5000 Threw 0x00000000eb12f5c0 at C:\jdk7u2_64p\jdk7u25\hotspot\src\share\vm\prims\jvm.cpp:1235
Event: 1.614 Thread 0x000000000a3d5000 Threw 0x00000000eb2f2b80 at C:\jdk7u2_64p\jdk7u25\hotspot\src\share\vm\prims\jvm.cpp:1235

Events (10 events):
Event: 1.279 loading class 0x000000000e36de20
Event: 1.279 loading class 0x000000000e36de20 done
Event: 1.279 loading class 0x000000000e36e1a0
Event: 1.279 loading class 0x000000000e36e1a0 done
Event: 1.280 loading class 0x000000000e36df20
Event: 1.280 loading class 0x000000000e36df20 done
Event: 1.614 loading class 0x000000000e307f30
Event: 1.614 loading class 0x000000000e307f30 done
Event: 2.213 loading class 0x000000000a099ce0
Event: 2.221 loading class 0x000000000a099ce0 done


Dynamic libraries:
0x000007f751a80000 - 0x000007f751ab3000 	C:\Program Files\Java\jre7\bin\javaw.exe
0x000007fb68c00000 - 0x000007fb68dc0000 	C:\WINDOWS\SYSTEM32\ntdll.dll
0x000007fb66980000 - 0x000007fb66ab6000 	C:\WINDOWS\system32\KERNEL32.DLL
0x000007fb65dd0000 - 0x000007fb65ec3000 	C:\WINDOWS\system32\KERNELBASE.dll
0x000007fb661a0000 - 0x000007fb6627e000 	C:\WINDOWS\system32\ADVAPI32.dll
0x000007fb68820000 - 0x000007fb6896c000 	C:\WINDOWS\system32\USER32.dll
0x000007fb63540000 - 0x000007fb637aa000 	C:\WINDOWS\WinSxS\amd64_microsoft.windows.common-controls_6595b64144ccf1df_6.0.9200.16579_none_418ab7ef718b27ef\COMCTL32.dll
0x000007fb665a0000 - 0x000007fb66645000 	C:\WINDOWS\system32\msvcrt.dll
0x000007fb68000000 - 0x000007fb68048000 	C:\WINDOWS\SYSTEM32\sechost.dll
0x000007fb66650000 - 0x000007fb66790000 	C:\WINDOWS\system32\RPCRT4.dll
0x000007fb66b80000 - 0x000007fb66cc1000 	C:\WINDOWS\system32\GDI32.dll
0x000007fb66ac0000 - 0x000007fb66af9000 	C:\WINDOWS\system32\IMM32.DLL
0x000007fb68050000 - 0x000007fb68165000 	C:\WINDOWS\system32\MSCTF.dll
0x0000000073310000 - 0x00000000733e1000 	C:\Program Files\Java\jre7\bin\msvcr100.dll
0x0000000072c00000 - 0x000000007330f000 	C:\Program Files\Java\jre7\bin\server\jvm.dll
0x000007fb5d750000 - 0x000007fb5d759000 	C:\WINDOWS\SYSTEM32\WSOCK32.dll
0x000007fb61d50000 - 0x000007fb61d70000 	C:\WINDOWS\SYSTEM32\WINMM.dll
0x000007fb68170000 - 0x000007fb68177000 	C:\WINDOWS\system32\PSAPI.DLL
0x000007fb66540000 - 0x000007fb66598000 	C:\WINDOWS\system32\WS2_32.dll
0x000007fb61940000 - 0x000007fb61972000 	C:\WINDOWS\SYSTEM32\WINMMBASE.dll
0x000007fb66b00000 - 0x000007fb66b09000 	C:\WINDOWS\system32\NSI.dll
0x0000000072bf0000 - 0x0000000072bff000 	C:\Program Files\Java\jre7\bin\verify.dll
0x0000000072bc0000 - 0x0000000072be8000 	C:\Program Files\Java\jre7\bin\java.dll
0x0000000072ba0000 - 0x0000000072bb5000 	C:\Program Files\Java\jre7\bin\zip.dll
0x0000000072990000 - 0x0000000072b25000 	C:\Program Files\Java\jre7\bin\awt.dll
0x000007fb68180000 - 0x000007fb68243000 	C:\WINDOWS\system32\OLEAUT32.dll
0x000007fb68670000 - 0x000007fb68820000 	C:\WINDOWS\system32\combase.dll
0x000007fb5d6b0000 - 0x000007fb5d74f000 	C:\WINDOWS\system32\apphelp.dll
0x000007fb63cf0000 - 0x000007fb63d11000 	C:\WINDOWS\system32\DWMAPI.DLL
0x000007fb648b0000 - 0x000007fb64996000 	C:\WINDOWS\system32\uxtheme.dll
0x000007fb5d880000 - 0x000007fb5d915000 	C:\Program Files\Common Files\microsoft shared\ink\tiptsf.dll
0x000007fb68250000 - 0x000007fb683ce000 	C:\WINDOWS\system32\ole32.dll
0x000007fb65920000 - 0x000007fb6592a000 	C:\WINDOWS\SYSTEM32\CRYPTBASE.dll
0x000007fb658c0000 - 0x000007fb6591c000 	C:\WINDOWS\SYSTEM32\bcryptPrimitives.dll
0x000007fb5c700000 - 0x000007fb5c900000 	C:\WINDOWS\system32\d3d9.dll
0x000007fb61e90000 - 0x000007fb61e99000 	C:\WINDOWS\SYSTEM32\VERSION.dll
0x000007fb4dbc0000 - 0x000007fb4ed40000 	C:\WINDOWS\SYSTEM32\nvd3dumx.dll
0x000007fb659a0000 - 0x000007fb659e3000 	C:\WINDOWS\SYSTEM32\powrprof.dll
0x0000000072950000 - 0x000000007298f000 	C:\Program Files\Java\jre7\bin\fontmanager.dll
0x000007fb56020000 - 0x000007fb5605f000 	C:\Program Files\Lenovo\Bluetooth Software\btmmhook.dll
0x000007fb66cd0000 - 0x000007fb67fb0000 	C:\WINDOWS\system32\SHELL32.dll
0x000007fb67fb0000 - 0x000007fb68000000 	C:\WINDOWS\system32\SHLWAPI.dll
0x0000000072b80000 - 0x0000000072b99000 	C:\Program Files\Java\jre7\bin\net.dll
0x000007fb65310000 - 0x000007fb6536c000 	C:\WINDOWS\system32\mswsock.dll
0x0000000072b60000 - 0x0000000072b71000 	C:\Program Files\Java\jre7\bin\nio.dll
0x0000000072900000 - 0x0000000072941000 	C:\Program Files\Java\jre7\bin\t2k.dll
0x000007fb61980000 - 0x000007fb619e9000 	C:\WINDOWS\SYSTEM32\oleacc.dll
0x000007fb66280000 - 0x000007fb66316000 	C:\WINDOWS\SYSTEM32\clbcatq.dll
0x000007fb65370000 - 0x000007fb6538a000 	C:\WINDOWS\SYSTEM32\CRYPTSP.dll
0x000007fb64ff0000 - 0x000007fb6503b000 	C:\WINDOWS\system32\rsaenh.dll
0x000007fb650f0000 - 0x000007fb6510f000 	C:\WINDOWS\SYSTEM32\USERENV.dll
0x000007fb65ac0000 - 0x000007fb65ad5000 	C:\WINDOWS\SYSTEM32\profapi.dll
0x000007fb5af20000 - 0x000007fb5af34000 	C:\WINDOWS\system32\napinsp.dll
0x000007fb5c140000 - 0x000007fb5c158000 	C:\WINDOWS\system32\pnrpnsp.dll
0x000007fb644c0000 - 0x000007fb644d6000 	C:\WINDOWS\system32\NLAapi.dll
0x000007fb65150000 - 0x000007fb651e8000 	C:\WINDOWS\SYSTEM32\DNSAPI.dll
0x000007fb5bad0000 - 0x000007fb5bae2000 	C:\WINDOWS\System32\winrnr.dll
0x000007fb56060000 - 0x000007fb56074000 	C:\WINDOWS\system32\wshbth.dll
0x00000000733f0000 - 0x0000000073425000 	C:\Program Files\Bonjour\mdnsNSP.dll
0x000007fb60100000 - 0x000007fb6012a000 	C:\WINDOWS\SYSTEM32\Iphlpapi.DLL
0x000007fb600e0000 - 0x000007fb600ea000 	C:\WINDOWS\SYSTEM32\WINNSI.DLL
0x000007fb5e5c0000 - 0x000007fb5e5c8000 	C:\Windows\System32\rasadhlp.dll
0x000007fb5fd70000 - 0x000007fb5fdcf000 	C:\WINDOWS\System32\fwpuclnt.dll
0x00000000637c0000 - 0x00000000637ca000 	C:\Users\UR\AppData\Local\Temp\jogamp_0000\file_cache\jln7051405191718655024\jln6272553526577465248\gluegen-rt.dll
0x00000000728f0000 - 0x00000000728f7000 	C:\Program Files\Java\jre7\bin\jawt.dll
0x000000006a440000 - 0x000000006a44b000 	C:\Users\UR\AppData\Local\Temp\jogamp_0000\file_cache\jln7051405191718655024\jln6272553526577465248\nativewindow_awt.dll
0x000007fb64c80000 - 0x000007fb64d16000 	C:\WINDOWS\SYSTEM32\shcore.dll
0x000000006c100000 - 0x000000006c10b000 	C:\Users\UR\AppData\Local\Temp\jogamp_0000\file_cache\jln7051405191718655024\jln6272553526577465248\nativewindow_win32.dll
0x000007fb57bb0000 - 0x000007fb57ccf000 	C:\WINDOWS\SYSTEM32\OpenGL32.dll
0x000007fb61340000 - 0x000007fb6136c000 	C:\WINDOWS\SYSTEM32\GLU32.dll
0x000007fb52f80000 - 0x000007fb5306a000 	C:\WINDOWS\SYSTEM32\DDRAW.dll
0x000007fb640f0000 - 0x000007fb640f8000 	C:\WINDOWS\SYSTEM32\DCIMAN32.dll
0x0000000064500000 - 0x000000006458e000 	C:\Users\UR\AppData\Local\Temp\jogamp_0000\file_cache\jln7051405191718655024\jln6272553526577465248\jogl_desktop.dll
0x0000000070f90000 - 0x00000000728e1000 	C:\WINDOWS\SYSTEM32\nvoglv64.DLL
0x000007fb667b0000 - 0x000007fb66980000 	C:\WINDOWS\system32\SETUPAPI.dll
0x000007fb65f80000 - 0x000007fb65fcf000 	C:\WINDOWS\system32\CFGMGR32.dll
0x000007fb65fd0000 - 0x000007fb65ff2000 	C:\WINDOWS\system32\DEVOBJ.dll
0x000007fb65d70000 - 0x000007fb65dc5000 	C:\WINDOWS\system32\WINTRUST.dll
0x000007fb65b90000 - 0x000007fb65d61000 	C:\WINDOWS\system32\CRYPT32.dll
0x000007fb65b70000 - 0x000007fb65b86000 	C:\WINDOWS\system32\MSASN1.dll
0x000007fb5f5c0000 - 0x000007fb5f5ee000 	C:\WINDOWS\SYSTEM32\ntmarta.dll
0x000007fb59b20000 - 0x000007fb59c83000 	C:\WINDOWS\SYSTEM32\dbghelp.dll

VM Arguments:
jvm_args: -Djava.security.policy=java.policy.applet -Dfile.encoding=GBK 
java_command: sun.applet.AppletViewer ColorPicking1376458413286.html
Launcher Type: SUN_STANDARD

Environment Variables:
PATH=C:\Program Files (x86)\NVIDIA Corporation\PhysX\Common;C:\Program Files (x86)\Intel\iCLS Client\;C:\Program Files\Intel\iCLS Client\;C:\WINDOWS\system32;C:\WINDOWS;C:\WINDOWS\System32\Wbem;C:\WINDOWS\System32\WindowsPowerShell\v1.0\;C:\Program Files\Intel\Intel(R) Management Engine Components\DAL;C:\Program Files\Intel\Intel(R) Management Engine Components\IPT;C:\Program Files (x86)\Intel\Intel(R) Management Engine Components\DAL;C:\Program Files (x86)\Intel\Intel(R) Management Engine Components\IPT;C:\Program Files\Lenovo\Bluetooth Software\;C:\Program Files\Lenovo\Bluetooth Software\syswow64;C:\Program Files\Microsoft\Web Platform Installer\;C:\Program Files (x86)\Microsoft ASP.NET\ASP.NET Web Pages\v1.0\;C:\Program Files (x86)\Windows Kits\8.0\Windows Performance Toolkit\;C:\Program Files\Microsoft SQL Server\110\Tools\Binn\;C:\Program Files (x86)\Microsoft SQL Server\100\Tools\Binn\;C:\Program Files\Microsoft SQL Server\100\Tools\Binn\;C:\Program Files\Microsoft SQL Server\100\DTS\Binn\;C:\Program Files (x86)\Microsoft SDKs\Windows\v7.0A\Bin
USERNAME=UR
OS=Windows_NT
PROCESSOR_IDENTIFIER=Intel64 Family 6 Model 58 Stepping 9, GenuineIntel



---------------  S Y S T E M  ---------------

OS: Windows 8 , 64 bit Build 9200 

CPU:total 4 (2 cores per cpu, 2 threads per core) family 6 model 58 stepping 9, cmov, cx8, fxsr, mmx, sse, sse2, sse3, ssse3, sse4.1, sse4.2, popcnt, avx, ht, tsc, tscinvbit, tscinv

Memory: 4k page, physical 4148708k(1132212k free), swap 11174340k(1844824k free)

vm_info: Java HotSpot(TM) 64-Bit Server VM (23.25-b01) for windows-amd64 JRE (1.7.0_25-b17), built on Jun 21 2013 12:58:32 by "java_re" with unknown MS VC++:1600

time: Wed Aug 14 13:33:35 2013
elapsed time: 2 seconds

